CRITICAL - 2023-04-18 01:56:33 --> Undefined array key "group_id"
in APPPATH\Models\UserFunctionModel.php on line 45.
 1 APPPATH\Models\UserFunctionModel.php(45): CodeIgniter\Debug\Exceptions->errorHandler(2, 'Undefined array key "group_id"', 'APPPATH\\Models\\UserFunctionModel.php', 45)
 2 APPPATH\Controllers\Dashboard\UserFunctionController.php(31): App\Models\UserFunctionModel->update_uf([...])
 3 SYSTEMPATH\CodeIgniter.php(934): App\Controllers\Dashboard\UserFunctionController->update()
 4 SYSTEMPATH\CodeIgniter.php(499): CodeIgniter\CodeIgniter->runController(Object(App\Controllers\Dashboard\UserFunctionController))
 5 SYSTEMPATH\CodeIgniter.php(368): CodeIgniter\CodeIgniter->handleRequest(null, Object(Config\Cache), false)
 6 FCPATH\index.php(67): CodeIgniter\CodeIgniter->run()
 7 SYSTEMPATH\Commands\Server\rewrite.php(47): require_once('FCPATH\\index.php')
CRITICAL - 2023-04-18 01:59:11 --> Undefined array key "group_id"
in APPPATH\Models\UserFunctionModel.php on line 45.
 1 APPPATH\Models\UserFunctionModel.php(45): CodeIgniter\Debug\Exceptions->errorHandler(2, 'Undefined array key "group_id"', 'APPPATH\\Models\\UserFunctionModel.php', 45)
 2 APPPATH\Controllers\Dashboard\UserFunctionController.php(31): App\Models\UserFunctionModel->update_uf([...])
 3 SYSTEMPATH\CodeIgniter.php(934): App\Controllers\Dashboard\UserFunctionController->update()
 4 SYSTEMPATH\CodeIgniter.php(499): CodeIgniter\CodeIgniter->runController(Object(App\Controllers\Dashboard\UserFunctionController))
 5 SYSTEMPATH\CodeIgniter.php(368): CodeIgniter\CodeIgniter->handleRequest(null, Object(Config\Cache), false)
 6 FCPATH\index.php(67): CodeIgniter\CodeIgniter->run()
 7 SYSTEMPATH\Commands\Server\rewrite.php(47): require_once('FCPATH\\index.php')
CRITICAL - 2023-04-18 01:59:14 --> Undefined array key "group_id"
in APPPATH\Models\UserFunctionModel.php on line 45.
 1 APPPATH\Models\UserFunctionModel.php(45): CodeIgniter\Debug\Exceptions->errorHandler(2, 'Undefined array key "group_id"', 'APPPATH\\Models\\UserFunctionModel.php', 45)
 2 APPPATH\Controllers\Dashboard\UserFunctionController.php(31): App\Models\UserFunctionModel->update_uf([...])
 3 SYSTEMPATH\CodeIgniter.php(934): App\Controllers\Dashboard\UserFunctionController->update()
 4 SYSTEMPATH\CodeIgniter.php(499): CodeIgniter\CodeIgniter->runController(Object(App\Controllers\Dashboard\UserFunctionController))
 5 SYSTEMPATH\CodeIgniter.php(368): CodeIgniter\CodeIgniter->handleRequest(null, Object(Config\Cache), false)
 6 FCPATH\index.php(67): CodeIgniter\CodeIgniter->run()
 7 SYSTEMPATH\Commands\Server\rewrite.php(47): require_once('FCPATH\\index.php')
ERROR - 2023-04-18 02:04:17 --> mysqli_sql_exception: Duplicate entry 'admin-function' for key 'PRIMARY' in D:\Xampp\htdocs\Codeigniter4\system\Database\MySQLi\Connection.php:295
Stack trace:
#0 D:\Xampp\htdocs\Codeigniter4\system\Database\MySQLi\Connection.php(295): mysqli->query('INSERT INTO `us...', 0)
#1 D:\Xampp\htdocs\Codeigniter4\system\Database\BaseConnection.php(691): CodeIgniter\Database\MySQLi\Connection->execute('INSERT INTO `us...')
#2 D:\Xampp\htdocs\Codeigniter4\system\Database\BaseConnection.php(605): CodeIgniter\Database\BaseConnection->simpleQuery('INSERT INTO `us...')
#3 D:\Xampp\htdocs\Codeigniter4\system\Database\BaseBuilder.php(2309): CodeIgniter\Database\BaseConnection->query('INSERT INTO `us...', Array, false)
#4 D:\Xampp\htdocs\Codeigniter4\system\Model.php(330): CodeIgniter\Database\BaseBuilder->insert()
#5 D:\Xampp\htdocs\Codeigniter4\system\BaseModel.php(782): CodeIgniter\Model->doInsert(Array)
#6 D:\Xampp\htdocs\Codeigniter4\system\Model.php(730): CodeIgniter\BaseModel->insert(Array, true)
#7 D:\Xampp\htdocs\Codeigniter4\app\Models\UserFunctionModel.php(50): CodeIgniter\Model->insert(Array)
#8 D:\Xampp\htdocs\Codeigniter4\app\Controllers\Dashboard\UserFunctionController.php(31): App\Models\UserFunctionModel->update_uf(Array)
#9 D:\Xampp\htdocs\Codeigniter4\system\CodeIgniter.php(934): App\Controllers\Dashboard\UserFunctionController->update()
#10 D:\Xampp\htdocs\Codeigniter4\system\CodeIgniter.php(499): CodeIgniter\CodeIgniter->runController(Object(App\Controllers\Dashboard\UserFunctionController))
#11 D:\Xampp\htdocs\Codeigniter4\system\CodeIgniter.php(368): CodeIgniter\CodeIgniter->handleRequest(NULL, Object(Config\Cache), false)
#12 D:\Xampp\htdocs\Codeigniter4\public\index.php(67): CodeIgniter\CodeIgniter->run()
#13 D:\Xampp\htdocs\Codeigniter4\system\Commands\Server\rewrite.php(47): require_once('D:\\Xampp\\htdocs...')
#14 {main}
CRITICAL - 2023-04-18 02:04:17 --> Duplicate entry 'admin-function' for key 'PRIMARY'
in SYSTEMPATH\Database\BaseConnection.php on line 645.
 1 SYSTEMPATH\Database\BaseBuilder.php(2309): CodeIgniter\Database\BaseConnection->query('INSERT INTO `user_function` (`user_id`, `function_id`, `function_view`, `function_add`, `function_edit`, `function_delete`) VALUES (:user_id:, :function_id:, :function_view:, :function_add:, :function_edit:, :function_delete:)', [...], false)
 2 SYSTEMPATH\Model.php(330): CodeIgniter\Database\BaseBuilder->insert()
 3 SYSTEMPATH\BaseModel.php(782): CodeIgniter\Model->doInsert([...])
 4 SYSTEMPATH\Model.php(730): CodeIgniter\BaseModel->insert([...], true)
 5 APPPATH\Models\UserFunctionModel.php(50): CodeIgniter\Model->insert([...])
 6 APPPATH\Controllers\Dashboard\UserFunctionController.php(31): App\Models\UserFunctionModel->update_uf([...])
 7 SYSTEMPATH\CodeIgniter.php(934): App\Controllers\Dashboard\UserFunctionController->update()
 8 SYSTEMPATH\CodeIgniter.php(499): CodeIgniter\CodeIgniter->runController(Object(App\Controllers\Dashboard\UserFunctionController))
 9 SYSTEMPATH\CodeIgniter.php(368): CodeIgniter\CodeIgniter->handleRequest(null, Object(Config\Cache), false)
10 FCPATH\index.php(67): CodeIgniter\CodeIgniter->run()
11 SYSTEMPATH\Commands\Server\rewrite.php(47): require_once('FCPATH\\index.php')
ERROR - 2023-04-18 02:05:04 --> mysqli_sql_exception: Duplicate entry 'admin-function' for key 'PRIMARY' in D:\Xampp\htdocs\Codeigniter4\system\Database\MySQLi\Connection.php:295
Stack trace:
#0 D:\Xampp\htdocs\Codeigniter4\system\Database\MySQLi\Connection.php(295): mysqli->query('UPDATE `user_fu...', 0)
#1 D:\Xampp\htdocs\Codeigniter4\system\Database\BaseConnection.php(691): CodeIgniter\Database\MySQLi\Connection->execute('UPDATE `user_fu...')
#2 D:\Xampp\htdocs\Codeigniter4\system\Database\BaseConnection.php(605): CodeIgniter\Database\BaseConnection->simpleQuery('UPDATE `user_fu...')
#3 D:\Xampp\htdocs\Codeigniter4\system\Database\BaseBuilder.php(2476): CodeIgniter\Database\BaseConnection->query('UPDATE `user_fu...', Array, false)
#4 D:\Xampp\htdocs\Codeigniter4\system\Model.php(396): CodeIgniter\Database\BaseBuilder->update()
#5 D:\Xampp\htdocs\Codeigniter4\system\BaseModel.php(943): CodeIgniter\Model->doUpdate(Array, Array)
#6 D:\Xampp\htdocs\Codeigniter4\system\Model.php(756): CodeIgniter\BaseModel->update(Array, Array)
#7 D:\Xampp\htdocs\Codeigniter4\system\BaseModel.php(690): CodeIgniter\Model->update('admin', Array)
#8 D:\Xampp\htdocs\Codeigniter4\app\Models\UserFunctionModel.php(50): CodeIgniter\BaseModel->save(Array)
#9 D:\Xampp\htdocs\Codeigniter4\app\Controllers\Dashboard\UserFunctionController.php(31): App\Models\UserFunctionModel->update_uf(Array)
#10 D:\Xampp\htdocs\Codeigniter4\system\CodeIgniter.php(934): App\Controllers\Dashboard\UserFunctionController->update()
#11 D:\Xampp\htdocs\Codeigniter4\system\CodeIgniter.php(499): CodeIgniter\CodeIgniter->runController(Object(App\Controllers\Dashboard\UserFunctionController))
#12 D:\Xampp\htdocs\Codeigniter4\system\CodeIgniter.php(368): CodeIgniter\CodeIgniter->handleRequest(NULL, Object(Config\Cache), false)
#13 D:\Xampp\htdocs\Codeigniter4\public\index.php(67): CodeIgniter\CodeIgniter->run()
#14 D:\Xampp\htdocs\Codeigniter4\system\Commands\Server\rewrite.php(47): require_once('D:\\Xampp\\htdocs...')
#15 {main}
CRITICAL - 2023-04-18 02:05:04 --> Duplicate entry 'admin-function' for key 'PRIMARY'
in SYSTEMPATH\Database\BaseConnection.php on line 645.
 1 SYSTEMPATH\Database\BaseBuilder.php(2476): CodeIgniter\Database\BaseConnection->query('UPDATE `user_function` SET `user_id` = :user_id:, `function_id` = :function_id:, `function_view` = :function_view:, `function_add` = :function_add:, `function_edit` = :function_edit:, `function_delete` = :function_delete:
WHERE `user_function`.`user_id` IN :user_function.user_id:', [...], false)
 2 SYSTEMPATH\Model.php(396): CodeIgniter\Database\BaseBuilder->update()
 3 SYSTEMPATH\BaseModel.php(943): CodeIgniter\Model->doUpdate([...], [...])
 4 SYSTEMPATH\Model.php(756): CodeIgniter\BaseModel->update([...], [...])
 5 SYSTEMPATH\BaseModel.php(690): CodeIgniter\Model->update('admin', [...])
 6 APPPATH\Models\UserFunctionModel.php(50): CodeIgniter\BaseModel->save([...])
 7 APPPATH\Controllers\Dashboard\UserFunctionController.php(31): App\Models\UserFunctionModel->update_uf([...])
 8 SYSTEMPATH\CodeIgniter.php(934): App\Controllers\Dashboard\UserFunctionController->update()
 9 SYSTEMPATH\CodeIgniter.php(499): CodeIgniter\CodeIgniter->runController(Object(App\Controllers\Dashboard\UserFunctionController))
10 SYSTEMPATH\CodeIgniter.php(368): CodeIgniter\CodeIgniter->handleRequest(null, Object(Config\Cache), false)
11 FCPATH\index.php(67): CodeIgniter\CodeIgniter->run()
12 SYSTEMPATH\Commands\Server\rewrite.php(47): require_once('FCPATH\\index.php')
ERROR - 2023-04-18 02:05:05 --> mysqli_sql_exception: Duplicate entry 'admin-function' for key 'PRIMARY' in D:\Xampp\htdocs\Codeigniter4\system\Database\MySQLi\Connection.php:295
Stack trace:
#0 D:\Xampp\htdocs\Codeigniter4\system\Database\MySQLi\Connection.php(295): mysqli->query('UPDATE `user_fu...', 0)
#1 D:\Xampp\htdocs\Codeigniter4\system\Database\BaseConnection.php(691): CodeIgniter\Database\MySQLi\Connection->execute('UPDATE `user_fu...')
#2 D:\Xampp\htdocs\Codeigniter4\system\Database\BaseConnection.php(605): CodeIgniter\Database\BaseConnection->simpleQuery('UPDATE `user_fu...')
#3 D:\Xampp\htdocs\Codeigniter4\system\Database\BaseBuilder.php(2476): CodeIgniter\Database\BaseConnection->query('UPDATE `user_fu...', Array, false)
#4 D:\Xampp\htdocs\Codeigniter4\system\Model.php(396): CodeIgniter\Database\BaseBuilder->update()
#5 D:\Xampp\htdocs\Codeigniter4\system\BaseModel.php(943): CodeIgniter\Model->doUpdate(Array, Array)
#6 D:\Xampp\htdocs\Codeigniter4\system\Model.php(756): CodeIgniter\BaseModel->update(Array, Array)
#7 D:\Xampp\htdocs\Codeigniter4\system\BaseModel.php(690): CodeIgniter\Model->update('admin', Array)
#8 D:\Xampp\htdocs\Codeigniter4\app\Models\UserFunctionModel.php(50): CodeIgniter\BaseModel->save(Array)
#9 D:\Xampp\htdocs\Codeigniter4\app\Controllers\Dashboard\UserFunctionController.php(31): App\Models\UserFunctionModel->update_uf(Array)
#10 D:\Xampp\htdocs\Codeigniter4\system\CodeIgniter.php(934): App\Controllers\Dashboard\UserFunctionController->update()
#11 D:\Xampp\htdocs\Codeigniter4\system\CodeIgniter.php(499): CodeIgniter\CodeIgniter->runController(Object(App\Controllers\Dashboard\UserFunctionController))
#12 D:\Xampp\htdocs\Codeigniter4\system\CodeIgniter.php(368): CodeIgniter\CodeIgniter->handleRequest(NULL, Object(Config\Cache), false)
#13 D:\Xampp\htdocs\Codeigniter4\public\index.php(67): CodeIgniter\CodeIgniter->run()
#14 D:\Xampp\htdocs\Codeigniter4\system\Commands\Server\rewrite.php(47): require_once('D:\\Xampp\\htdocs...')
#15 {main}
CRITICAL - 2023-04-18 02:05:05 --> Duplicate entry 'admin-function' for key 'PRIMARY'
in SYSTEMPATH\Database\BaseConnection.php on line 645.
 1 SYSTEMPATH\Database\BaseBuilder.php(2476): CodeIgniter\Database\BaseConnection->query('UPDATE `user_function` SET `user_id` = :user_id:, `function_id` = :function_id:, `function_view` = :function_view:, `function_add` = :function_add:, `function_edit` = :function_edit:, `function_delete` = :function_delete:
WHERE `user_function`.`user_id` IN :user_function.user_id:', [...], false)
 2 SYSTEMPATH\Model.php(396): CodeIgniter\Database\BaseBuilder->update()
 3 SYSTEMPATH\BaseModel.php(943): CodeIgniter\Model->doUpdate([...], [...])
 4 SYSTEMPATH\Model.php(756): CodeIgniter\BaseModel->update([...], [...])
 5 SYSTEMPATH\BaseModel.php(690): CodeIgniter\Model->update('admin', [...])
 6 APPPATH\Models\UserFunctionModel.php(50): CodeIgniter\BaseModel->save([...])
 7 APPPATH\Controllers\Dashboard\UserFunctionController.php(31): App\Models\UserFunctionModel->update_uf([...])
 8 SYSTEMPATH\CodeIgniter.php(934): App\Controllers\Dashboard\UserFunctionController->update()
 9 SYSTEMPATH\CodeIgniter.php(499): CodeIgniter\CodeIgniter->runController(Object(App\Controllers\Dashboard\UserFunctionController))
10 SYSTEMPATH\CodeIgniter.php(368): CodeIgniter\CodeIgniter->handleRequest(null, Object(Config\Cache), false)
11 FCPATH\index.php(67): CodeIgniter\CodeIgniter->run()
12 SYSTEMPATH\Commands\Server\rewrite.php(47): require_once('FCPATH\\index.php')
ERROR - 2023-04-18 02:05:12 --> mysqli_sql_exception: Duplicate entry 'admin-function' for key 'PRIMARY' in D:\Xampp\htdocs\Codeigniter4\system\Database\MySQLi\Connection.php:295
Stack trace:
#0 D:\Xampp\htdocs\Codeigniter4\system\Database\MySQLi\Connection.php(295): mysqli->query('UPDATE `user_fu...', 0)
#1 D:\Xampp\htdocs\Codeigniter4\system\Database\BaseConnection.php(691): CodeIgniter\Database\MySQLi\Connection->execute('UPDATE `user_fu...')
#2 D:\Xampp\htdocs\Codeigniter4\system\Database\BaseConnection.php(605): CodeIgniter\Database\BaseConnection->simpleQuery('UPDATE `user_fu...')
#3 D:\Xampp\htdocs\Codeigniter4\system\Database\BaseBuilder.php(2476): CodeIgniter\Database\BaseConnection->query('UPDATE `user_fu...', Array, false)
#4 D:\Xampp\htdocs\Codeigniter4\system\Model.php(396): CodeIgniter\Database\BaseBuilder->update()
#5 D:\Xampp\htdocs\Codeigniter4\system\BaseModel.php(943): CodeIgniter\Model->doUpdate(Array, Array)
#6 D:\Xampp\htdocs\Codeigniter4\system\Model.php(756): CodeIgniter\BaseModel->update(Array, Array)
#7 D:\Xampp\htdocs\Codeigniter4\system\BaseModel.php(690): CodeIgniter\Model->update('admin', Array)
#8 D:\Xampp\htdocs\Codeigniter4\app\Models\UserFunctionModel.php(50): CodeIgniter\BaseModel->save(Array)
#9 D:\Xampp\htdocs\Codeigniter4\app\Controllers\Dashboard\UserFunctionController.php(31): App\Models\UserFunctionModel->update_uf(Array)
#10 D:\Xampp\htdocs\Codeigniter4\system\CodeIgniter.php(934): App\Controllers\Dashboard\UserFunctionController->update()
#11 D:\Xampp\htdocs\Codeigniter4\system\CodeIgniter.php(499): CodeIgniter\CodeIgniter->runController(Object(App\Controllers\Dashboard\UserFunctionController))
#12 D:\Xampp\htdocs\Codeigniter4\system\CodeIgniter.php(368): CodeIgniter\CodeIgniter->handleRequest(NULL, Object(Config\Cache), false)
#13 D:\Xampp\htdocs\Codeigniter4\public\index.php(67): CodeIgniter\CodeIgniter->run()
#14 D:\Xampp\htdocs\Codeigniter4\system\Commands\Server\rewrite.php(47): require_once('D:\\Xampp\\htdocs...')
#15 {main}
CRITICAL - 2023-04-18 02:05:12 --> Duplicate entry 'admin-function' for key 'PRIMARY'
in SYSTEMPATH\Database\BaseConnection.php on line 645.
 1 SYSTEMPATH\Database\BaseBuilder.php(2476): CodeIgniter\Database\BaseConnection->query('UPDATE `user_function` SET `user_id` = :user_id:, `function_id` = :function_id:, `function_view` = :function_view:, `function_add` = :function_add:, `function_edit` = :function_edit:, `function_delete` = :function_delete:
WHERE `user_function`.`user_id` IN :user_function.user_id:', [...], false)
 2 SYSTEMPATH\Model.php(396): CodeIgniter\Database\BaseBuilder->update()
 3 SYSTEMPATH\BaseModel.php(943): CodeIgniter\Model->doUpdate([...], [...])
 4 SYSTEMPATH\Model.php(756): CodeIgniter\BaseModel->update([...], [...])
 5 SYSTEMPATH\BaseModel.php(690): CodeIgniter\Model->update('admin', [...])
 6 APPPATH\Models\UserFunctionModel.php(50): CodeIgniter\BaseModel->save([...])
 7 APPPATH\Controllers\Dashboard\UserFunctionController.php(31): App\Models\UserFunctionModel->update_uf([...])
 8 SYSTEMPATH\CodeIgniter.php(934): App\Controllers\Dashboard\UserFunctionController->update()
 9 SYSTEMPATH\CodeIgniter.php(499): CodeIgniter\CodeIgniter->runController(Object(App\Controllers\Dashboard\UserFunctionController))
10 SYSTEMPATH\CodeIgniter.php(368): CodeIgniter\CodeIgniter->handleRequest(null, Object(Config\Cache), false)
11 FCPATH\index.php(67): CodeIgniter\CodeIgniter->run()
12 SYSTEMPATH\Commands\Server\rewrite.php(47): require_once('FCPATH\\index.php')
CRITICAL - 2023-04-18 02:36:56 --> There is no data to update.
in SYSTEMPATH\BaseModel.php on line 1680.
 1 SYSTEMPATH\BaseModel.php(1680): CodeIgniter\Database\Exceptions\DataException::forEmptyDataset('update')
 2 SYSTEMPATH\BaseModel.php(910): CodeIgniter\BaseModel->transformDataToArray(null, 'update')
 3 SYSTEMPATH\Model.php(756): CodeIgniter\BaseModel->update([...], null)
 4 APPPATH\Models\UserFunctionModel.php(57): CodeIgniter\Model->update([...])
 5 APPPATH\Controllers\Dashboard\UserFunctionController.php(31): App\Models\UserFunctionModel->update_uf([...])
 6 SYSTEMPATH\CodeIgniter.php(934): App\Controllers\Dashboard\UserFunctionController->update()
 7 SYSTEMPATH\CodeIgniter.php(499): CodeIgniter\CodeIgniter->runController(Object(App\Controllers\Dashboard\UserFunctionController))
 8 SYSTEMPATH\CodeIgniter.php(368): CodeIgniter\CodeIgniter->handleRequest(null, Object(Config\Cache), false)
 9 FCPATH\index.php(67): CodeIgniter\CodeIgniter->run()
10 SYSTEMPATH\Commands\Server\rewrite.php(47): require_once('FCPATH\\index.php')
ERROR - 2023-04-18 02:39:50 --> mysqli_sql_exception: Duplicate entry 'admin-function' for key 'PRIMARY' in D:\Xampp\htdocs\Codeigniter4\system\Database\MySQLi\Connection.php:295
Stack trace:
#0 D:\Xampp\htdocs\Codeigniter4\system\Database\MySQLi\Connection.php(295): mysqli->query('UPDATE `user_fu...', 0)
#1 D:\Xampp\htdocs\Codeigniter4\system\Database\BaseConnection.php(691): CodeIgniter\Database\MySQLi\Connection->execute('UPDATE `user_fu...')
#2 D:\Xampp\htdocs\Codeigniter4\system\Database\BaseConnection.php(605): CodeIgniter\Database\BaseConnection->simpleQuery('UPDATE `user_fu...')
#3 D:\Xampp\htdocs\Codeigniter4\system\Database\BaseBuilder.php(2476): CodeIgniter\Database\BaseConnection->query('UPDATE `user_fu...', Array, false)
#4 D:\Xampp\htdocs\Codeigniter4\system\Model.php(396): CodeIgniter\Database\BaseBuilder->update()
#5 D:\Xampp\htdocs\Codeigniter4\system\BaseModel.php(943): CodeIgniter\Model->doUpdate(Array, Array)
#6 D:\Xampp\htdocs\Codeigniter4\system\Model.php(756): CodeIgniter\BaseModel->update(Array, Array)
#7 D:\Xampp\htdocs\Codeigniter4\app\Models\UserFunctionModel.php(56): CodeIgniter\Model->update(Array, Array)
#8 D:\Xampp\htdocs\Codeigniter4\app\Controllers\Dashboard\UserFunctionController.php(31): App\Models\UserFunctionModel->update_uf(Array)
#9 D:\Xampp\htdocs\Codeigniter4\system\CodeIgniter.php(934): App\Controllers\Dashboard\UserFunctionController->update()
#10 D:\Xampp\htdocs\Codeigniter4\system\CodeIgniter.php(499): CodeIgniter\CodeIgniter->runController(Object(App\Controllers\Dashboard\UserFunctionController))
#11 D:\Xampp\htdocs\Codeigniter4\system\CodeIgniter.php(368): CodeIgniter\CodeIgniter->handleRequest(NULL, Object(Config\Cache), false)
#12 D:\Xampp\htdocs\Codeigniter4\public\index.php(67): CodeIgniter\CodeIgniter->run()
#13 D:\Xampp\htdocs\Codeigniter4\system\Commands\Server\rewrite.php(47): require_once('D:\\Xampp\\htdocs...')
#14 {main}
CRITICAL - 2023-04-18 02:39:50 --> Duplicate entry 'admin-function' for key 'PRIMARY'
in SYSTEMPATH\Database\BaseConnection.php on line 645.
 1 SYSTEMPATH\Database\BaseBuilder.php(2476): CodeIgniter\Database\BaseConnection->query('UPDATE `user_function` SET `user_id` = :user_id:, `function_id` = :function_id:
WHERE `user_function`.`user_id` IN :user_function.user_id:', [...], false)
 2 SYSTEMPATH\Model.php(396): CodeIgniter\Database\BaseBuilder->update()
 3 SYSTEMPATH\BaseModel.php(943): CodeIgniter\Model->doUpdate([...], [...])
 4 SYSTEMPATH\Model.php(756): CodeIgniter\BaseModel->update([...], [...])
 5 APPPATH\Models\UserFunctionModel.php(56): CodeIgniter\Model->update([...], [...])
 6 APPPATH\Controllers\Dashboard\UserFunctionController.php(31): App\Models\UserFunctionModel->update_uf([...])
 7 SYSTEMPATH\CodeIgniter.php(934): App\Controllers\Dashboard\UserFunctionController->update()
 8 SYSTEMPATH\CodeIgniter.php(499): CodeIgniter\CodeIgniter->runController(Object(App\Controllers\Dashboard\UserFunctionController))
 9 SYSTEMPATH\CodeIgniter.php(368): CodeIgniter\CodeIgniter->handleRequest(null, Object(Config\Cache), false)
10 FCPATH\index.php(67): CodeIgniter\CodeIgniter->run()
11 SYSTEMPATH\Commands\Server\rewrite.php(47): require_once('FCPATH\\index.php')
ERROR - 2023-04-18 02:40:16 --> mysqli_sql_exception: Unknown column 'user_function.id' in 'where clause' in D:\Xampp\htdocs\Codeigniter4\system\Database\MySQLi\Connection.php:295
Stack trace:
#0 D:\Xampp\htdocs\Codeigniter4\system\Database\MySQLi\Connection.php(295): mysqli->query('UPDATE `user_fu...', 0)
#1 D:\Xampp\htdocs\Codeigniter4\system\Database\BaseConnection.php(691): CodeIgniter\Database\MySQLi\Connection->execute('UPDATE `user_fu...')
#2 D:\Xampp\htdocs\Codeigniter4\system\Database\BaseConnection.php(605): CodeIgniter\Database\BaseConnection->simpleQuery('UPDATE `user_fu...')
#3 D:\Xampp\htdocs\Codeigniter4\system\Database\BaseBuilder.php(2476): CodeIgniter\Database\BaseConnection->query('UPDATE `user_fu...', Array, false)
#4 D:\Xampp\htdocs\Codeigniter4\system\Model.php(396): CodeIgniter\Database\BaseBuilder->update()
#5 D:\Xampp\htdocs\Codeigniter4\system\BaseModel.php(943): CodeIgniter\Model->doUpdate(Array, Array)
#6 D:\Xampp\htdocs\Codeigniter4\system\Model.php(756): CodeIgniter\BaseModel->update(Array, Array)
#7 D:\Xampp\htdocs\Codeigniter4\app\Models\UserFunctionModel.php(56): CodeIgniter\Model->update(Array, Array)
#8 D:\Xampp\htdocs\Codeigniter4\app\Controllers\Dashboard\UserFunctionController.php(31): App\Models\UserFunctionModel->update_uf(Array)
#9 D:\Xampp\htdocs\Codeigniter4\system\CodeIgniter.php(934): App\Controllers\Dashboard\UserFunctionController->update()
#10 D:\Xampp\htdocs\Codeigniter4\system\CodeIgniter.php(499): CodeIgniter\CodeIgniter->runController(Object(App\Controllers\Dashboard\UserFunctionController))
#11 D:\Xampp\htdocs\Codeigniter4\system\CodeIgniter.php(368): CodeIgniter\CodeIgniter->handleRequest(NULL, Object(Config\Cache), false)
#12 D:\Xampp\htdocs\Codeigniter4\public\index.php(67): CodeIgniter\CodeIgniter->run()
#13 D:\Xampp\htdocs\Codeigniter4\system\Commands\Server\rewrite.php(47): require_once('D:\\Xampp\\htdocs...')
#14 {main}
CRITICAL - 2023-04-18 02:40:16 --> Unknown column 'user_function.id' in 'where clause'
in SYSTEMPATH\Database\BaseConnection.php on line 645.
 1 SYSTEMPATH\Database\BaseBuilder.php(2476): CodeIgniter\Database\BaseConnection->query('UPDATE `user_function` SET `function_view` = :function_view:, `function_add` = :function_add:, `function_edit` = :function_edit:, `function_delete` = :function_delete:
WHERE `user_function`.`id` IN :user_function.id:', [...], false)
 2 SYSTEMPATH\Model.php(396): CodeIgniter\Database\BaseBuilder->update()
 3 SYSTEMPATH\BaseModel.php(943): CodeIgniter\Model->doUpdate([...], [...])
 4 SYSTEMPATH\Model.php(756): CodeIgniter\BaseModel->update([...], [...])
 5 APPPATH\Models\UserFunctionModel.php(56): CodeIgniter\Model->update([...], [...])
 6 APPPATH\Controllers\Dashboard\UserFunctionController.php(31): App\Models\UserFunctionModel->update_uf([...])
 7 SYSTEMPATH\CodeIgniter.php(934): App\Controllers\Dashboard\UserFunctionController->update()
 8 SYSTEMPATH\CodeIgniter.php(499): CodeIgniter\CodeIgniter->runController(Object(App\Controllers\Dashboard\UserFunctionController))
 9 SYSTEMPATH\CodeIgniter.php(368): CodeIgniter\CodeIgniter->handleRequest(null, Object(Config\Cache), false)
10 FCPATH\index.php(67): CodeIgniter\CodeIgniter->run()
11 SYSTEMPATH\Commands\Server\rewrite.php(47): require_once('FCPATH\\index.php')
ERROR - 2023-04-18 02:40:24 --> mysqli_sql_exception: Unknown column 'user_function.id' in 'where clause' in D:\Xampp\htdocs\Codeigniter4\system\Database\MySQLi\Connection.php:295
Stack trace:
#0 D:\Xampp\htdocs\Codeigniter4\system\Database\MySQLi\Connection.php(295): mysqli->query('UPDATE `user_fu...', 0)
#1 D:\Xampp\htdocs\Codeigniter4\system\Database\BaseConnection.php(691): CodeIgniter\Database\MySQLi\Connection->execute('UPDATE `user_fu...')
#2 D:\Xampp\htdocs\Codeigniter4\system\Database\BaseConnection.php(605): CodeIgniter\Database\BaseConnection->simpleQuery('UPDATE `user_fu...')
#3 D:\Xampp\htdocs\Codeigniter4\system\Database\BaseBuilder.php(2476): CodeIgniter\Database\BaseConnection->query('UPDATE `user_fu...', Array, false)
#4 D:\Xampp\htdocs\Codeigniter4\system\Model.php(396): CodeIgniter\Database\BaseBuilder->update()
#5 D:\Xampp\htdocs\Codeigniter4\system\BaseModel.php(943): CodeIgniter\Model->doUpdate(Array, Array)
#6 D:\Xampp\htdocs\Codeigniter4\system\Model.php(756): CodeIgniter\BaseModel->update(Array, Array)
#7 D:\Xampp\htdocs\Codeigniter4\app\Models\UserFunctionModel.php(56): CodeIgniter\Model->update(Array, Array)
#8 D:\Xampp\htdocs\Codeigniter4\app\Controllers\Dashboard\UserFunctionController.php(31): App\Models\UserFunctionModel->update_uf(Array)
#9 D:\Xampp\htdocs\Codeigniter4\system\CodeIgniter.php(934): App\Controllers\Dashboard\UserFunctionController->update()
#10 D:\Xampp\htdocs\Codeigniter4\system\CodeIgniter.php(499): CodeIgniter\CodeIgniter->runController(Object(App\Controllers\Dashboard\UserFunctionController))
#11 D:\Xampp\htdocs\Codeigniter4\system\CodeIgniter.php(368): CodeIgniter\CodeIgniter->handleRequest(NULL, Object(Config\Cache), false)
#12 D:\Xampp\htdocs\Codeigniter4\public\index.php(67): CodeIgniter\CodeIgniter->run()
#13 D:\Xampp\htdocs\Codeigniter4\system\Commands\Server\rewrite.php(47): require_once('D:\\Xampp\\htdocs...')
#14 {main}
CRITICAL - 2023-04-18 02:40:24 --> Unknown column 'user_function.id' in 'where clause'
in SYSTEMPATH\Database\BaseConnection.php on line 645.
 1 SYSTEMPATH\Database\BaseBuilder.php(2476): CodeIgniter\Database\BaseConnection->query('UPDATE `user_function` SET `function_view` = :function_view:, `function_add` = :function_add:, `function_edit` = :function_edit:, `function_delete` = :function_delete:
WHERE `user_function`.`id` IN :user_function.id:', [...], false)
 2 SYSTEMPATH\Model.php(396): CodeIgniter\Database\BaseBuilder->update()
 3 SYSTEMPATH\BaseModel.php(943): CodeIgniter\Model->doUpdate([...], [...])
 4 SYSTEMPATH\Model.php(756): CodeIgniter\BaseModel->update([...], [...])
 5 APPPATH\Models\UserFunctionModel.php(56): CodeIgniter\Model->update([...], [...])
 6 APPPATH\Controllers\Dashboard\UserFunctionController.php(31): App\Models\UserFunctionModel->update_uf([...])
 7 SYSTEMPATH\CodeIgniter.php(934): App\Controllers\Dashboard\UserFunctionController->update()
 8 SYSTEMPATH\CodeIgniter.php(499): CodeIgniter\CodeIgniter->runController(Object(App\Controllers\Dashboard\UserFunctionController))
 9 SYSTEMPATH\CodeIgniter.php(368): CodeIgniter\CodeIgniter->handleRequest(null, Object(Config\Cache), false)
10 FCPATH\index.php(67): CodeIgniter\CodeIgniter->run()
11 SYSTEMPATH\Commands\Server\rewrite.php(47): require_once('FCPATH\\index.php')
ERROR - 2023-04-18 02:40:46 --> mysqli_sql_exception: Unknown column 'user_function.user_id,function_id' in 'where clause' in D:\Xampp\htdocs\Codeigniter4\system\Database\MySQLi\Connection.php:295
Stack trace:
#0 D:\Xampp\htdocs\Codeigniter4\system\Database\MySQLi\Connection.php(295): mysqli->query('UPDATE `user_fu...', 0)
#1 D:\Xampp\htdocs\Codeigniter4\system\Database\BaseConnection.php(691): CodeIgniter\Database\MySQLi\Connection->execute('UPDATE `user_fu...')
#2 D:\Xampp\htdocs\Codeigniter4\system\Database\BaseConnection.php(605): CodeIgniter\Database\BaseConnection->simpleQuery('UPDATE `user_fu...')
#3 D:\Xampp\htdocs\Codeigniter4\system\Database\BaseBuilder.php(2476): CodeIgniter\Database\BaseConnection->query('UPDATE `user_fu...', Array, false)
#4 D:\Xampp\htdocs\Codeigniter4\system\Model.php(396): CodeIgniter\Database\BaseBuilder->update()
#5 D:\Xampp\htdocs\Codeigniter4\system\BaseModel.php(943): CodeIgniter\Model->doUpdate(Array, Array)
#6 D:\Xampp\htdocs\Codeigniter4\system\Model.php(756): CodeIgniter\BaseModel->update(Array, Array)
#7 D:\Xampp\htdocs\Codeigniter4\app\Models\UserFunctionModel.php(56): CodeIgniter\Model->update(Array, Array)
#8 D:\Xampp\htdocs\Codeigniter4\app\Controllers\Dashboard\UserFunctionController.php(31): App\Models\UserFunctionModel->update_uf(Array)
#9 D:\Xampp\htdocs\Codeigniter4\system\CodeIgniter.php(934): App\Controllers\Dashboard\UserFunctionController->update()
#10 D:\Xampp\htdocs\Codeigniter4\system\CodeIgniter.php(499): CodeIgniter\CodeIgniter->runController(Object(App\Controllers\Dashboard\UserFunctionController))
#11 D:\Xampp\htdocs\Codeigniter4\system\CodeIgniter.php(368): CodeIgniter\CodeIgniter->handleRequest(NULL, Object(Config\Cache), false)
#12 D:\Xampp\htdocs\Codeigniter4\public\index.php(67): CodeIgniter\CodeIgniter->run()
#13 D:\Xampp\htdocs\Codeigniter4\system\Commands\Server\rewrite.php(47): require_once('D:\\Xampp\\htdocs...')
#14 {main}
CRITICAL - 2023-04-18 02:40:46 --> Unknown column 'user_function.user_id,function_id' in 'where clause'
in SYSTEMPATH\Database\BaseConnection.php on line 645.
 1 SYSTEMPATH\Database\BaseBuilder.php(2476): CodeIgniter\Database\BaseConnection->query('UPDATE `user_function` SET `function_view` = :function_view:, `function_add` = :function_add:, `function_edit` = :function_edit:, `function_delete` = :function_delete:
WHERE `user_function`.`user_id,function_id` IN :user_function.user_id,function_id:', [...], false)
 2 SYSTEMPATH\Model.php(396): CodeIgniter\Database\BaseBuilder->update()
 3 SYSTEMPATH\BaseModel.php(943): CodeIgniter\Model->doUpdate([...], [...])
 4 SYSTEMPATH\Model.php(756): CodeIgniter\BaseModel->update([...], [...])
 5 APPPATH\Models\UserFunctionModel.php(56): CodeIgniter\Model->update([...], [...])
 6 APPPATH\Controllers\Dashboard\UserFunctionController.php(31): App\Models\UserFunctionModel->update_uf([...])
 7 SYSTEMPATH\CodeIgniter.php(934): App\Controllers\Dashboard\UserFunctionController->update()
 8 SYSTEMPATH\CodeIgniter.php(499): CodeIgniter\CodeIgniter->runController(Object(App\Controllers\Dashboard\UserFunctionController))
 9 SYSTEMPATH\CodeIgniter.php(368): CodeIgniter\CodeIgniter->handleRequest(null, Object(Config\Cache), false)
10 FCPATH\index.php(67): CodeIgniter\CodeIgniter->run()
11 SYSTEMPATH\Commands\Server\rewrite.php(47): require_once('FCPATH\\index.php')
CRITICAL - 2023-04-18 03:06:37 --> count(): Argument #1 ($value) must be of type Countable|array, App\Entities\UserFunctionEntity given
in APPPATH\Models\UserFunctionModel.php on line 78.
 1 APPPATH\Models\UserFunctionModel.php(78): count(Object(App\Entities\UserFunctionEntity))
 2 APPPATH\Controllers\BaseController.php(61): App\Models\UserFunctionModel->getFuntionUser('admin')
 3 SYSTEMPATH\CodeIgniter.php(907): App\Controllers\BaseController->initController(Object(CodeIgniter\HTTP\IncomingRequest), Object(CodeIgniter\HTTP\Response), Object(CodeIgniter\Log\Logger))
 4 SYSTEMPATH\CodeIgniter.php(490): CodeIgniter\CodeIgniter->createController()
 5 SYSTEMPATH\CodeIgniter.php(368): CodeIgniter\CodeIgniter->handleRequest(null, Object(Config\Cache), false)
 6 FCPATH\index.php(67): CodeIgniter\CodeIgniter->run()
 7 SYSTEMPATH\Commands\Server\rewrite.php(47): require_once('FCPATH\\index.php')
CRITICAL - 2023-04-18 03:08:02 --> foreach() argument must be of type array|object, null given
in APPPATH\Models\UserFunctionModel.php on line 79.
 1 APPPATH\Models\UserFunctionModel.php(79): CodeIgniter\Debug\Exceptions->errorHandler(2, 'foreach() argument must be of type array|object, null given', 'APPPATH\\Models\\UserFunctionModel.php', 79)
 2 APPPATH\Controllers\BaseController.php(61): App\Models\UserFunctionModel->getFuntionUser('admin')
 3 SYSTEMPATH\CodeIgniter.php(907): App\Controllers\BaseController->initController(Object(CodeIgniter\HTTP\IncomingRequest), Object(CodeIgniter\HTTP\Response), Object(CodeIgniter\Log\Logger))
 4 SYSTEMPATH\CodeIgniter.php(490): CodeIgniter\CodeIgniter->createController()
 5 SYSTEMPATH\CodeIgniter.php(368): CodeIgniter\CodeIgniter->handleRequest(null, Object(Config\Cache), false)
 6 FCPATH\index.php(67): CodeIgniter\CodeIgniter->run()
 7 SYSTEMPATH\Commands\Server\rewrite.php(47): require_once('FCPATH\\index.php')
CRITICAL - 2023-04-18 03:12:14 --> Undefined property: CodeIgniter\View\View::$libauth
in APPPATH\Views\layout\silebar.php on line 16.
 1 APPPATH\Views\layout\silebar.php(16): CodeIgniter\Debug\Exceptions->errorHandler(2, 'Undefined property: CodeIgniter\\View\\View::$libauth', 'APPPATH\\Views\\layout\\silebar.php', 16)
 2 SYSTEMPATH\View\View.php(213): include('APPPATH\\Views\\layout\\silebar.php')
 3 SYSTEMPATH\View\View.php(216): CodeIgniter\View\View->CodeIgniter\View\{closure}()
 4 SYSTEMPATH\Common.php(1184): CodeIgniter\View\View->render('layout/silebar', [], true)
 5 APPPATH\Controllers\BaseController.php(66): view('layout/silebar')
 6 APPPATH\Controllers\Dashboard\UserController.php(25): App\Controllers\BaseController->page_construct('dashboard/user_view', [...], [...])
 7 SYSTEMPATH\CodeIgniter.php(934): App\Controllers\Dashboard\UserController->index()
 8 SYSTEMPATH\CodeIgniter.php(499): CodeIgniter\CodeIgniter->runController(Object(App\Controllers\Dashboard\UserController))
 9 SYSTEMPATH\CodeIgniter.php(368): CodeIgniter\CodeIgniter->handleRequest(null, Object(Config\Cache), false)
10 FCPATH\index.php(67): CodeIgniter\CodeIgniter->run()
11 SYSTEMPATH\Commands\Server\rewrite.php(47): require_once('FCPATH\\index.php')
CRITICAL - 2023-04-18 03:14:09 --> Undefined property: CodeIgniter\View\View::$libauth
in APPPATH\Views\layout\silebar.php on line 16.
 1 APPPATH\Views\layout\silebar.php(16): CodeIgniter\Debug\Exceptions->errorHandler(2, 'Undefined property: CodeIgniter\\View\\View::$libauth', 'APPPATH\\Views\\layout\\silebar.php', 16)
 2 SYSTEMPATH\View\View.php(213): include('APPPATH\\Views\\layout\\silebar.php')
 3 SYSTEMPATH\View\View.php(216): CodeIgniter\View\View->CodeIgniter\View\{closure}()
 4 SYSTEMPATH\Common.php(1184): CodeIgniter\View\View->render('layout/silebar', [], true)
 5 APPPATH\Controllers\BaseController.php(66): view('layout/silebar')
 6 APPPATH\Controllers\Dashboard\UserController.php(25): App\Controllers\BaseController->page_construct('dashboard/user_view', [...], [...])
 7 SYSTEMPATH\CodeIgniter.php(934): App\Controllers\Dashboard\UserController->index()
 8 SYSTEMPATH\CodeIgniter.php(499): CodeIgniter\CodeIgniter->runController(Object(App\Controllers\Dashboard\UserController))
 9 SYSTEMPATH\CodeIgniter.php(368): CodeIgniter\CodeIgniter->handleRequest(null, Object(Config\Cache), false)
10 FCPATH\index.php(67): CodeIgniter\CodeIgniter->run()
11 SYSTEMPATH\Commands\Server\rewrite.php(47): require_once('FCPATH\\index.php')
CRITICAL - 2023-04-18 03:14:21 --> Undefined property: CodeIgniter\View\View::$lib_auth
in APPPATH\Views\layout\silebar.php on line 16.
 1 APPPATH\Views\layout\silebar.php(16): CodeIgniter\Debug\Exceptions->errorHandler(2, 'Undefined property: CodeIgniter\\View\\View::$lib_auth', 'APPPATH\\Views\\layout\\silebar.php', 16)
 2 SYSTEMPATH\View\View.php(213): include('APPPATH\\Views\\layout\\silebar.php')
 3 SYSTEMPATH\View\View.php(216): CodeIgniter\View\View->CodeIgniter\View\{closure}()
 4 SYSTEMPATH\Common.php(1184): CodeIgniter\View\View->render('layout/silebar', [], true)
 5 APPPATH\Controllers\BaseController.php(66): view('layout/silebar')
 6 APPPATH\Controllers\Dashboard\UserController.php(25): App\Controllers\BaseController->page_construct('dashboard/user_view', [...], [...])
 7 SYSTEMPATH\CodeIgniter.php(934): App\Controllers\Dashboard\UserController->index()
 8 SYSTEMPATH\CodeIgniter.php(499): CodeIgniter\CodeIgniter->runController(Object(App\Controllers\Dashboard\UserController))
 9 SYSTEMPATH\CodeIgniter.php(368): CodeIgniter\CodeIgniter->handleRequest(null, Object(Config\Cache), false)
10 FCPATH\index.php(67): CodeIgniter\CodeIgniter->run()
11 SYSTEMPATH\Commands\Server\rewrite.php(47): require_once('FCPATH\\index.php')
CRITICAL - 2023-04-18 03:14:39 --> Call to undefined function lib_auth()
in APPPATH\Views\layout\silebar.php on line 16.
 1 SYSTEMPATH\View\View.php(213): include()
 2 SYSTEMPATH\View\View.php(216): CodeIgniter\View\View->CodeIgniter\View\{closure}()
 3 SYSTEMPATH\Common.php(1184): CodeIgniter\View\View->render('layout/silebar', [], true)
 4 APPPATH\Controllers\BaseController.php(66): view('layout/silebar')
 5 APPPATH\Controllers\Dashboard\UserController.php(25): App\Controllers\BaseController->page_construct('dashboard/user_view', [...], [...])
 6 SYSTEMPATH\CodeIgniter.php(934): App\Controllers\Dashboard\UserController->index()
 7 SYSTEMPATH\CodeIgniter.php(499): CodeIgniter\CodeIgniter->runController(Object(App\Controllers\Dashboard\UserController))
 8 SYSTEMPATH\CodeIgniter.php(368): CodeIgniter\CodeIgniter->handleRequest(null, Object(Config\Cache), false)
 9 FCPATH\index.php(67): CodeIgniter\CodeIgniter->run()
10 SYSTEMPATH\Commands\Server\rewrite.php(47): require_once('FCPATH\\index.php')
CRITICAL - 2023-04-18 03:14:42 --> Call to undefined function lib_auth()
in APPPATH\Views\layout\silebar.php on line 16.
 1 SYSTEMPATH\View\View.php(213): include()
 2 SYSTEMPATH\View\View.php(216): CodeIgniter\View\View->CodeIgniter\View\{closure}()
 3 SYSTEMPATH\Common.php(1184): CodeIgniter\View\View->render('layout/silebar', [], true)
 4 APPPATH\Controllers\BaseController.php(66): view('layout/silebar')
 5 APPPATH\Controllers\Dashboard\UserController.php(25): App\Controllers\BaseController->page_construct('dashboard/user_view', [...], [...])
 6 SYSTEMPATH\CodeIgniter.php(934): App\Controllers\Dashboard\UserController->index()
 7 SYSTEMPATH\CodeIgniter.php(499): CodeIgniter\CodeIgniter->runController(Object(App\Controllers\Dashboard\UserController))
 8 SYSTEMPATH\CodeIgniter.php(368): CodeIgniter\CodeIgniter->handleRequest(null, Object(Config\Cache), false)
 9 FCPATH\index.php(67): CodeIgniter\CodeIgniter->run()
10 SYSTEMPATH\Commands\Server\rewrite.php(47): require_once('FCPATH\\index.php')
CRITICAL - 2023-04-18 03:14:43 --> Call to undefined function lib_auth()
in APPPATH\Views\layout\silebar.php on line 16.
 1 SYSTEMPATH\View\View.php(213): include()
 2 SYSTEMPATH\View\View.php(216): CodeIgniter\View\View->CodeIgniter\View\{closure}()
 3 SYSTEMPATH\Common.php(1184): CodeIgniter\View\View->render('layout/silebar', [], true)
 4 APPPATH\Controllers\BaseController.php(66): view('layout/silebar')
 5 APPPATH\Controllers\Dashboard\UserController.php(25): App\Controllers\BaseController->page_construct('dashboard/user_view', [...], [...])
 6 SYSTEMPATH\CodeIgniter.php(934): App\Controllers\Dashboard\UserController->index()
 7 SYSTEMPATH\CodeIgniter.php(499): CodeIgniter\CodeIgniter->runController(Object(App\Controllers\Dashboard\UserController))
 8 SYSTEMPATH\CodeIgniter.php(368): CodeIgniter\CodeIgniter->handleRequest(null, Object(Config\Cache), false)
 9 FCPATH\index.php(67): CodeIgniter\CodeIgniter->run()
10 SYSTEMPATH\Commands\Server\rewrite.php(47): require_once('FCPATH\\index.php')
CRITICAL - 2023-04-18 03:15:06 --> Call to undefined function lib_auth()
in APPPATH\Views\layout\silebar.php on line 16.
 1 SYSTEMPATH\View\View.php(213): include()
 2 SYSTEMPATH\View\View.php(216): CodeIgniter\View\View->CodeIgniter\View\{closure}()
 3 SYSTEMPATH\Common.php(1184): CodeIgniter\View\View->render('layout/silebar', [], true)
 4 APPPATH\Controllers\BaseController.php(66): view('layout/silebar')
 5 APPPATH\Controllers\Dashboard\UserController.php(25): App\Controllers\BaseController->page_construct('dashboard/user_view', [...], [...])
 6 SYSTEMPATH\CodeIgniter.php(934): App\Controllers\Dashboard\UserController->index()
 7 SYSTEMPATH\CodeIgniter.php(499): CodeIgniter\CodeIgniter->runController(Object(App\Controllers\Dashboard\UserController))
 8 SYSTEMPATH\CodeIgniter.php(368): CodeIgniter\CodeIgniter->handleRequest(null, Object(Config\Cache), false)
 9 FCPATH\index.php(67): CodeIgniter\CodeIgniter->run()
10 SYSTEMPATH\Commands\Server\rewrite.php(47): require_once('FCPATH\\index.php')
CRITICAL - 2023-04-18 03:15:07 --> Call to undefined function lib_auth()
in APPPATH\Views\layout\silebar.php on line 16.
 1 SYSTEMPATH\View\View.php(213): include()
 2 SYSTEMPATH\View\View.php(216): CodeIgniter\View\View->CodeIgniter\View\{closure}()
 3 SYSTEMPATH\Common.php(1184): CodeIgniter\View\View->render('layout/silebar', [], true)
 4 APPPATH\Controllers\BaseController.php(66): view('layout/silebar')
 5 APPPATH\Controllers\Dashboard\UserController.php(25): App\Controllers\BaseController->page_construct('dashboard/user_view', [...], [...])
 6 SYSTEMPATH\CodeIgniter.php(934): App\Controllers\Dashboard\UserController->index()
 7 SYSTEMPATH\CodeIgniter.php(499): CodeIgniter\CodeIgniter->runController(Object(App\Controllers\Dashboard\UserController))
 8 SYSTEMPATH\CodeIgniter.php(368): CodeIgniter\CodeIgniter->handleRequest(null, Object(Config\Cache), false)
 9 FCPATH\index.php(67): CodeIgniter\CodeIgniter->run()
10 SYSTEMPATH\Commands\Server\rewrite.php(47): require_once('FCPATH\\index.php')
CRITICAL - 2023-04-18 03:15:08 --> Call to undefined function lib_auth()
in APPPATH\Views\layout\silebar.php on line 16.
 1 SYSTEMPATH\View\View.php(213): include()
 2 SYSTEMPATH\View\View.php(216): CodeIgniter\View\View->CodeIgniter\View\{closure}()
 3 SYSTEMPATH\Common.php(1184): CodeIgniter\View\View->render('layout/silebar', [], true)
 4 APPPATH\Controllers\BaseController.php(66): view('layout/silebar')
 5 APPPATH\Controllers\Dashboard\UserController.php(25): App\Controllers\BaseController->page_construct('dashboard/user_view', [...], [...])
 6 SYSTEMPATH\CodeIgniter.php(934): App\Controllers\Dashboard\UserController->index()
 7 SYSTEMPATH\CodeIgniter.php(499): CodeIgniter\CodeIgniter->runController(Object(App\Controllers\Dashboard\UserController))
 8 SYSTEMPATH\CodeIgniter.php(368): CodeIgniter\CodeIgniter->handleRequest(null, Object(Config\Cache), false)
 9 FCPATH\index.php(67): CodeIgniter\CodeIgniter->run()
10 SYSTEMPATH\Commands\Server\rewrite.php(47): require_once('FCPATH\\index.php')
CRITICAL - 2023-04-18 03:15:08 --> Call to undefined function lib_auth()
in APPPATH\Views\layout\silebar.php on line 16.
 1 SYSTEMPATH\View\View.php(213): include()
 2 SYSTEMPATH\View\View.php(216): CodeIgniter\View\View->CodeIgniter\View\{closure}()
 3 SYSTEMPATH\Common.php(1184): CodeIgniter\View\View->render('layout/silebar', [], true)
 4 APPPATH\Controllers\BaseController.php(66): view('layout/silebar')
 5 APPPATH\Controllers\Dashboard\UserController.php(25): App\Controllers\BaseController->page_construct('dashboard/user_view', [...], [...])
 6 SYSTEMPATH\CodeIgniter.php(934): App\Controllers\Dashboard\UserController->index()
 7 SYSTEMPATH\CodeIgniter.php(499): CodeIgniter\CodeIgniter->runController(Object(App\Controllers\Dashboard\UserController))
 8 SYSTEMPATH\CodeIgniter.php(368): CodeIgniter\CodeIgniter->handleRequest(null, Object(Config\Cache), false)
 9 FCPATH\index.php(67): CodeIgniter\CodeIgniter->run()
10 SYSTEMPATH\Commands\Server\rewrite.php(47): require_once('FCPATH\\index.php')
CRITICAL - 2023-04-18 03:15:09 --> Call to undefined function lib_auth()
in APPPATH\Views\layout\silebar.php on line 16.
 1 SYSTEMPATH\View\View.php(213): include()
 2 SYSTEMPATH\View\View.php(216): CodeIgniter\View\View->CodeIgniter\View\{closure}()
 3 SYSTEMPATH\Common.php(1184): CodeIgniter\View\View->render('layout/silebar', [], true)
 4 APPPATH\Controllers\BaseController.php(66): view('layout/silebar')
 5 APPPATH\Controllers\Dashboard\UserController.php(25): App\Controllers\BaseController->page_construct('dashboard/user_view', [...], [...])
 6 SYSTEMPATH\CodeIgniter.php(934): App\Controllers\Dashboard\UserController->index()
 7 SYSTEMPATH\CodeIgniter.php(499): CodeIgniter\CodeIgniter->runController(Object(App\Controllers\Dashboard\UserController))
 8 SYSTEMPATH\CodeIgniter.php(368): CodeIgniter\CodeIgniter->handleRequest(null, Object(Config\Cache), false)
 9 FCPATH\index.php(67): CodeIgniter\CodeIgniter->run()
10 SYSTEMPATH\Commands\Server\rewrite.php(47): require_once('FCPATH\\index.php')
CRITICAL - 2023-04-18 03:15:12 --> Call to undefined function lib_auth()
in APPPATH\Views\layout\silebar.php on line 16.
 1 SYSTEMPATH\View\View.php(213): include()
 2 SYSTEMPATH\View\View.php(216): CodeIgniter\View\View->CodeIgniter\View\{closure}()
 3 SYSTEMPATH\Common.php(1184): CodeIgniter\View\View->render('layout/silebar', [], true)
 4 APPPATH\Controllers\BaseController.php(66): view('layout/silebar')
 5 APPPATH\Controllers\Dashboard\UserController.php(25): App\Controllers\BaseController->page_construct('dashboard/user_view', [...], [...])
 6 SYSTEMPATH\CodeIgniter.php(934): App\Controllers\Dashboard\UserController->index()
 7 SYSTEMPATH\CodeIgniter.php(499): CodeIgniter\CodeIgniter->runController(Object(App\Controllers\Dashboard\UserController))
 8 SYSTEMPATH\CodeIgniter.php(368): CodeIgniter\CodeIgniter->handleRequest(null, Object(Config\Cache), false)
 9 FCPATH\index.php(67): CodeIgniter\CodeIgniter->run()
10 SYSTEMPATH\Commands\Server\rewrite.php(47): require_once('FCPATH\\index.php')
CRITICAL - 2023-04-18 03:15:13 --> Call to undefined function lib_auth()
in APPPATH\Views\layout\silebar.php on line 16.
 1 SYSTEMPATH\View\View.php(213): include()
 2 SYSTEMPATH\View\View.php(216): CodeIgniter\View\View->CodeIgniter\View\{closure}()
 3 SYSTEMPATH\Common.php(1184): CodeIgniter\View\View->render('layout/silebar', [], true)
 4 APPPATH\Controllers\BaseController.php(66): view('layout/silebar')
 5 APPPATH\Controllers\Dashboard\UserController.php(25): App\Controllers\BaseController->page_construct('dashboard/user_view', [...], [...])
 6 SYSTEMPATH\CodeIgniter.php(934): App\Controllers\Dashboard\UserController->index()
 7 SYSTEMPATH\CodeIgniter.php(499): CodeIgniter\CodeIgniter->runController(Object(App\Controllers\Dashboard\UserController))
 8 SYSTEMPATH\CodeIgniter.php(368): CodeIgniter\CodeIgniter->handleRequest(null, Object(Config\Cache), false)
 9 FCPATH\index.php(67): CodeIgniter\CodeIgniter->run()
10 SYSTEMPATH\Commands\Server\rewrite.php(47): require_once('FCPATH\\index.php')
CRITICAL - 2023-04-18 03:15:16 --> Call to undefined function lib_auth()
in APPPATH\Views\layout\silebar.php on line 16.
 1 SYSTEMPATH\View\View.php(213): include()
 2 SYSTEMPATH\View\View.php(216): CodeIgniter\View\View->CodeIgniter\View\{closure}()
 3 SYSTEMPATH\Common.php(1184): CodeIgniter\View\View->render('layout/silebar', [], true)
 4 APPPATH\Controllers\BaseController.php(66): view('layout/silebar')
 5 APPPATH\Controllers\Dashboard\UserController.php(25): App\Controllers\BaseController->page_construct('dashboard/user_view', [...], [...])
 6 SYSTEMPATH\CodeIgniter.php(934): App\Controllers\Dashboard\UserController->index()
 7 SYSTEMPATH\CodeIgniter.php(499): CodeIgniter\CodeIgniter->runController(Object(App\Controllers\Dashboard\UserController))
 8 SYSTEMPATH\CodeIgniter.php(368): CodeIgniter\CodeIgniter->handleRequest(null, Object(Config\Cache), false)
 9 FCPATH\index.php(67): CodeIgniter\CodeIgniter->run()
10 SYSTEMPATH\Commands\Server\rewrite.php(47): require_once('FCPATH\\index.php')
CRITICAL - 2023-04-18 03:15:16 --> Call to undefined function lib_auth()
in APPPATH\Views\layout\silebar.php on line 16.
 1 SYSTEMPATH\View\View.php(213): include()
 2 SYSTEMPATH\View\View.php(216): CodeIgniter\View\View->CodeIgniter\View\{closure}()
 3 SYSTEMPATH\Common.php(1184): CodeIgniter\View\View->render('layout/silebar', [], true)
 4 APPPATH\Controllers\BaseController.php(66): view('layout/silebar')
 5 APPPATH\Controllers\Dashboard\UserController.php(25): App\Controllers\BaseController->page_construct('dashboard/user_view', [...], [...])
 6 SYSTEMPATH\CodeIgniter.php(934): App\Controllers\Dashboard\UserController->index()
 7 SYSTEMPATH\CodeIgniter.php(499): CodeIgniter\CodeIgniter->runController(Object(App\Controllers\Dashboard\UserController))
 8 SYSTEMPATH\CodeIgniter.php(368): CodeIgniter\CodeIgniter->handleRequest(null, Object(Config\Cache), false)
 9 FCPATH\index.php(67): CodeIgniter\CodeIgniter->run()
10 SYSTEMPATH\Commands\Server\rewrite.php(47): require_once('FCPATH\\index.php')
CRITICAL - 2023-04-18 03:15:17 --> Call to undefined function lib_auth()
in APPPATH\Views\layout\silebar.php on line 16.
 1 SYSTEMPATH\View\View.php(213): include()
 2 SYSTEMPATH\View\View.php(216): CodeIgniter\View\View->CodeIgniter\View\{closure}()
 3 SYSTEMPATH\Common.php(1184): CodeIgniter\View\View->render('layout/silebar', [], true)
 4 APPPATH\Controllers\BaseController.php(66): view('layout/silebar')
 5 APPPATH\Controllers\Dashboard\UserController.php(25): App\Controllers\BaseController->page_construct('dashboard/user_view', [...], [...])
 6 SYSTEMPATH\CodeIgniter.php(934): App\Controllers\Dashboard\UserController->index()
 7 SYSTEMPATH\CodeIgniter.php(499): CodeIgniter\CodeIgniter->runController(Object(App\Controllers\Dashboard\UserController))
 8 SYSTEMPATH\CodeIgniter.php(368): CodeIgniter\CodeIgniter->handleRequest(null, Object(Config\Cache), false)
 9 FCPATH\index.php(67): CodeIgniter\CodeIgniter->run()
10 SYSTEMPATH\Commands\Server\rewrite.php(47): require_once('FCPATH\\index.php')
CRITICAL - 2023-04-18 03:15:18 --> Call to undefined function lib_auth()
in APPPATH\Views\layout\silebar.php on line 16.
 1 SYSTEMPATH\View\View.php(213): include()
 2 SYSTEMPATH\View\View.php(216): CodeIgniter\View\View->CodeIgniter\View\{closure}()
 3 SYSTEMPATH\Common.php(1184): CodeIgniter\View\View->render('layout/silebar', [], true)
 4 APPPATH\Controllers\BaseController.php(66): view('layout/silebar')
 5 APPPATH\Controllers\Dashboard\UserController.php(25): App\Controllers\BaseController->page_construct('dashboard/user_view', [...], [...])
 6 SYSTEMPATH\CodeIgniter.php(934): App\Controllers\Dashboard\UserController->index()
 7 SYSTEMPATH\CodeIgniter.php(499): CodeIgniter\CodeIgniter->runController(Object(App\Controllers\Dashboard\UserController))
 8 SYSTEMPATH\CodeIgniter.php(368): CodeIgniter\CodeIgniter->handleRequest(null, Object(Config\Cache), false)
 9 FCPATH\index.php(67): CodeIgniter\CodeIgniter->run()
10 SYSTEMPATH\Commands\Server\rewrite.php(47): require_once('FCPATH\\index.php')
CRITICAL - 2023-04-18 03:16:13 --> Call to undefined function lib_auth()
in APPPATH\Views\layout\silebar.php on line 16.
 1 SYSTEMPATH\View\View.php(213): include()
 2 SYSTEMPATH\View\View.php(216): CodeIgniter\View\View->CodeIgniter\View\{closure}()
 3 SYSTEMPATH\Common.php(1184): CodeIgniter\View\View->render('layout/silebar', [], true)
 4 APPPATH\Controllers\BaseController.php(66): view('layout/silebar')
 5 APPPATH\Controllers\Dashboard\UserController.php(25): App\Controllers\BaseController->page_construct('dashboard/user_view', [...], [...])
 6 SYSTEMPATH\CodeIgniter.php(934): App\Controllers\Dashboard\UserController->index()
 7 SYSTEMPATH\CodeIgniter.php(499): CodeIgniter\CodeIgniter->runController(Object(App\Controllers\Dashboard\UserController))
 8 SYSTEMPATH\CodeIgniter.php(368): CodeIgniter\CodeIgniter->handleRequest(null, Object(Config\Cache), false)
 9 FCPATH\index.php(67): CodeIgniter\CodeIgniter->run()
10 SYSTEMPATH\Commands\Server\rewrite.php(47): require_once('FCPATH\\index.php')
CRITICAL - 2023-04-18 04:04:29 --> view(): Argument #2 ($data) must be of type array, null given, called in D:\Xampp\htdocs\Codeigniter4\app\Controllers\BaseController.php on line 68
in SYSTEMPATH\Common.php on line 1172.
 1 APPPATH\Controllers\BaseController.php(68): view('layout/silebar', null)
 2 APPPATH\Controllers\Dashboard\UserController.php(25): App\Controllers\BaseController->page_construct('dashboard/user_view', [...], [...])
 3 SYSTEMPATH\CodeIgniter.php(934): App\Controllers\Dashboard\UserController->index()
 4 SYSTEMPATH\CodeIgniter.php(499): CodeIgniter\CodeIgniter->runController(Object(App\Controllers\Dashboard\UserController))
 5 SYSTEMPATH\CodeIgniter.php(368): CodeIgniter\CodeIgniter->handleRequest(null, Object(Config\Cache), false)
 6 FCPATH\index.php(67): CodeIgniter\CodeIgniter->run()
 7 SYSTEMPATH\Commands\Server\rewrite.php(47): require_once('FCPATH\\index.php')
CRITICAL - 2023-04-18 07:36:05 --> Call to undefined function App\Controllers\silebar_view()
in APPPATH\Controllers\BaseController.php on line 66.
 1 APPPATH\Controllers\Dashboard\UserController.php(25): App\Controllers\BaseController->page_construct('dashboard/user_view', [...], [...])
 2 SYSTEMPATH\CodeIgniter.php(934): App\Controllers\Dashboard\UserController->index()
 3 SYSTEMPATH\CodeIgniter.php(499): CodeIgniter\CodeIgniter->runController(Object(App\Controllers\Dashboard\UserController))
 4 SYSTEMPATH\CodeIgniter.php(368): CodeIgniter\CodeIgniter->handleRequest(null, Object(Config\Cache), false)
 5 FCPATH\index.php(67): CodeIgniter\CodeIgniter->run()
 6 SYSTEMPATH\Commands\Server\rewrite.php(47): require_once('FCPATH\\index.php')
CRITICAL - 2023-04-18 07:37:13 --> Undefined variable $data
in APPPATH\Models\UserFunctionModel.php on line 86.
 1 APPPATH\Models\UserFunctionModel.php(86): CodeIgniter\Debug\Exceptions->errorHandler(2, 'Undefined variable $data', 'APPPATH\\Models\\UserFunctionModel.php', 86)
 2 APPPATH\Controllers\BaseController.php(61): App\Models\UserFunctionModel->getFuntionUser('admin')
 3 SYSTEMPATH\CodeIgniter.php(907): App\Controllers\BaseController->initController(Object(CodeIgniter\HTTP\IncomingRequest), Object(CodeIgniter\HTTP\Response), Object(CodeIgniter\Log\Logger))
 4 SYSTEMPATH\CodeIgniter.php(490): CodeIgniter\CodeIgniter->createController()
 5 SYSTEMPATH\CodeIgniter.php(368): CodeIgniter\CodeIgniter->handleRequest(null, Object(Config\Cache), false)
 6 FCPATH\index.php(67): CodeIgniter\CodeIgniter->run()
 7 SYSTEMPATH\Commands\Server\rewrite.php(47): require_once('FCPATH\\index.php')
CRITICAL - 2023-04-18 07:37:15 --> Undefined variable $data
in APPPATH\Models\UserFunctionModel.php on line 86.
 1 APPPATH\Models\UserFunctionModel.php(86): CodeIgniter\Debug\Exceptions->errorHandler(2, 'Undefined variable $data', 'APPPATH\\Models\\UserFunctionModel.php', 86)
 2 APPPATH\Controllers\BaseController.php(61): App\Models\UserFunctionModel->getFuntionUser('admin')
 3 SYSTEMPATH\CodeIgniter.php(907): App\Controllers\BaseController->initController(Object(CodeIgniter\HTTP\IncomingRequest), Object(CodeIgniter\HTTP\Response), Object(CodeIgniter\Log\Logger))
 4 SYSTEMPATH\CodeIgniter.php(490): CodeIgniter\CodeIgniter->createController()
 5 SYSTEMPATH\CodeIgniter.php(368): CodeIgniter\CodeIgniter->handleRequest(null, Object(Config\Cache), false)
 6 FCPATH\index.php(67): CodeIgniter\CodeIgniter->run()
 7 SYSTEMPATH\Commands\Server\rewrite.php(47): require_once('FCPATH\\index.php')
CRITICAL - 2023-04-18 07:37:30 --> Undefined variable $data
in APPPATH\Models\UserFunctionModel.php on line 86.
 1 APPPATH\Models\UserFunctionModel.php(86): CodeIgniter\Debug\Exceptions->errorHandler(2, 'Undefined variable $data', 'APPPATH\\Models\\UserFunctionModel.php', 86)
 2 APPPATH\Controllers\BaseController.php(61): App\Models\UserFunctionModel->getFuntionUser('admin')
 3 SYSTEMPATH\CodeIgniter.php(907): App\Controllers\BaseController->initController(Object(CodeIgniter\HTTP\IncomingRequest), Object(CodeIgniter\HTTP\Response), Object(CodeIgniter\Log\Logger))
 4 SYSTEMPATH\CodeIgniter.php(490): CodeIgniter\CodeIgniter->createController()
 5 SYSTEMPATH\CodeIgniter.php(368): CodeIgniter\CodeIgniter->handleRequest(null, Object(Config\Cache), false)
 6 FCPATH\index.php(67): CodeIgniter\CodeIgniter->run()
 7 SYSTEMPATH\Commands\Server\rewrite.php(47): require_once('FCPATH\\index.php')
CRITICAL - 2023-04-18 07:43:48 --> Call to undefined method CodeIgniter\Database\Database::connect()
in APPPATH\Libraries\lib_auth.php on line 12.
 1 APPPATH\Filters\AuthFilters.php(13): App\Libraries\lib_auth->__construct()
 2 SYSTEMPATH\Filters\Filters.php(166): App\Filters\AuthFilters->__construct()
 3 SYSTEMPATH\CodeIgniter.php(473): CodeIgniter\Filters\Filters->run('dashboard/function', 'before')
 4 SYSTEMPATH\CodeIgniter.php(368): CodeIgniter\CodeIgniter->handleRequest(null, Object(Config\Cache), false)
 5 FCPATH\index.php(67): CodeIgniter\CodeIgniter->run()
 6 SYSTEMPATH\Commands\Server\rewrite.php(47): require_once('FCPATH\\index.php')
CRITICAL - 2023-04-18 08:29:18 --> Call to a member function getFunction() on null
in APPPATH\Controllers\Dashboard\FunctionController.php on line 14.
 1 SYSTEMPATH\CodeIgniter.php(906): App\Controllers\Dashboard\FunctionController->__construct()
 2 SYSTEMPATH\CodeIgniter.php(490): CodeIgniter\CodeIgniter->createController()
 3 SYSTEMPATH\CodeIgniter.php(368): CodeIgniter\CodeIgniter->handleRequest(null, Object(Config\Cache), false)
 4 FCPATH\index.php(67): CodeIgniter\CodeIgniter->run()
 5 SYSTEMPATH\Commands\Server\rewrite.php(47): require_once('FCPATH\\index.php')
CRITICAL - 2023-04-18 08:31:15 --> Call to a member function getFunction() on null
in APPPATH\Controllers\Dashboard\FunctionController.php on line 14.
 1 SYSTEMPATH\CodeIgniter.php(906): App\Controllers\Dashboard\FunctionController->__construct()
 2 SYSTEMPATH\CodeIgniter.php(490): CodeIgniter\CodeIgniter->createController()
 3 SYSTEMPATH\CodeIgniter.php(368): CodeIgniter\CodeIgniter->handleRequest(null, Object(Config\Cache), false)
 4 FCPATH\index.php(67): CodeIgniter\CodeIgniter->run()
 5 SYSTEMPATH\Commands\Server\rewrite.php(47): require_once('FCPATH\\index.php')
CRITICAL - 2023-04-18 09:01:30 --> Call to a member function getFunction() on null
in APPPATH\Controllers\Dashboard\FunctionController.php on line 14.
 1 SYSTEMPATH\CodeIgniter.php(906): App\Controllers\Dashboard\FunctionController->__construct()
 2 SYSTEMPATH\CodeIgniter.php(490): CodeIgniter\CodeIgniter->createController()
 3 SYSTEMPATH\CodeIgniter.php(368): CodeIgniter\CodeIgniter->handleRequest(null, Object(Config\Cache), false)
 4 FCPATH\index.php(67): CodeIgniter\CodeIgniter->run()
 5 SYSTEMPATH\Commands\Server\rewrite.php(47): require_once('FCPATH\\index.php')
CRITICAL - 2023-04-18 09:03:25 --> Call to a member function checkFunction() on null
in APPPATH\Controllers\Dashboard\FunctionController.php on line 14.
 1 SYSTEMPATH\CodeIgniter.php(906): App\Controllers\Dashboard\FunctionController->__construct()
 2 SYSTEMPATH\CodeIgniter.php(490): CodeIgniter\CodeIgniter->createController()
 3 SYSTEMPATH\CodeIgniter.php(368): CodeIgniter\CodeIgniter->handleRequest(null, Object(Config\Cache), false)
 4 FCPATH\index.php(67): CodeIgniter\CodeIgniter->run()
 5 SYSTEMPATH\Commands\Server\rewrite.php(47): require_once('FCPATH\\index.php')
CRITICAL - 2023-04-18 09:03:26 --> Call to a member function checkFunction() on null
in APPPATH\Controllers\Dashboard\FunctionController.php on line 14.
 1 SYSTEMPATH\CodeIgniter.php(906): App\Controllers\Dashboard\FunctionController->__construct()
 2 SYSTEMPATH\CodeIgniter.php(490): CodeIgniter\CodeIgniter->createController()
 3 SYSTEMPATH\CodeIgniter.php(368): CodeIgniter\CodeIgniter->handleRequest(null, Object(Config\Cache), false)
 4 FCPATH\index.php(67): CodeIgniter\CodeIgniter->run()
 5 SYSTEMPATH\Commands\Server\rewrite.php(47): require_once('FCPATH\\index.php')
CRITICAL - 2023-04-18 09:03:27 --> Call to a member function checkFunction() on null
in APPPATH\Controllers\Dashboard\FunctionController.php on line 14.
 1 SYSTEMPATH\CodeIgniter.php(906): App\Controllers\Dashboard\FunctionController->__construct()
 2 SYSTEMPATH\CodeIgniter.php(490): CodeIgniter\CodeIgniter->createController()
 3 SYSTEMPATH\CodeIgniter.php(368): CodeIgniter\CodeIgniter->handleRequest(null, Object(Config\Cache), false)
 4 FCPATH\index.php(67): CodeIgniter\CodeIgniter->run()
 5 SYSTEMPATH\Commands\Server\rewrite.php(47): require_once('FCPATH\\index.php')
CRITICAL - 2023-04-18 09:06:53 --> Call to a member function getFunction() on null
in APPPATH\Controllers\BaseController.php on line 69.
 1 APPPATH\Controllers\Dashboard\FunctionController.php(14): App\Controllers\BaseController->get_uf('function')
 2 SYSTEMPATH\CodeIgniter.php(906): App\Controllers\Dashboard\FunctionController->__construct()
 3 SYSTEMPATH\CodeIgniter.php(490): CodeIgniter\CodeIgniter->createController()
 4 SYSTEMPATH\CodeIgniter.php(368): CodeIgniter\CodeIgniter->handleRequest(null, Object(Config\Cache), false)
 5 FCPATH\index.php(67): CodeIgniter\CodeIgniter->run()
 6 SYSTEMPATH\Commands\Server\rewrite.php(47): require_once('FCPATH\\index.php')
CRITICAL - 2023-04-18 09:09:14 --> Call to a member function getFunction() on null
in APPPATH\Controllers\BaseController.php on line 69.
 1 APPPATH\Controllers\Dashboard\FunctionController.php(14): App\Controllers\BaseController->get_uf('function')
 2 SYSTEMPATH\CodeIgniter.php(906): App\Controllers\Dashboard\FunctionController->__construct()
 3 SYSTEMPATH\CodeIgniter.php(490): CodeIgniter\CodeIgniter->createController()
 4 SYSTEMPATH\CodeIgniter.php(368): CodeIgniter\CodeIgniter->handleRequest(null, Object(Config\Cache), false)
 5 FCPATH\index.php(67): CodeIgniter\CodeIgniter->run()
 6 SYSTEMPATH\Commands\Server\rewrite.php(47): require_once('FCPATH\\index.php')
CRITICAL - 2023-04-18 09:09:15 --> Call to a member function getFunction() on null
in APPPATH\Controllers\BaseController.php on line 69.
 1 APPPATH\Controllers\Dashboard\FunctionController.php(14): App\Controllers\BaseController->get_uf('function')
 2 SYSTEMPATH\CodeIgniter.php(906): App\Controllers\Dashboard\FunctionController->__construct()
 3 SYSTEMPATH\CodeIgniter.php(490): CodeIgniter\CodeIgniter->createController()
 4 SYSTEMPATH\CodeIgniter.php(368): CodeIgniter\CodeIgniter->handleRequest(null, Object(Config\Cache), false)
 5 FCPATH\index.php(67): CodeIgniter\CodeIgniter->run()
 6 SYSTEMPATH\Commands\Server\rewrite.php(47): require_once('FCPATH\\index.php')
CRITICAL - 2023-04-18 09:09:15 --> Call to a member function getFunction() on null
in APPPATH\Controllers\BaseController.php on line 69.
 1 APPPATH\Controllers\Dashboard\FunctionController.php(14): App\Controllers\BaseController->get_uf('function')
 2 SYSTEMPATH\CodeIgniter.php(906): App\Controllers\Dashboard\FunctionController->__construct()
 3 SYSTEMPATH\CodeIgniter.php(490): CodeIgniter\CodeIgniter->createController()
 4 SYSTEMPATH\CodeIgniter.php(368): CodeIgniter\CodeIgniter->handleRequest(null, Object(Config\Cache), false)
 5 FCPATH\index.php(67): CodeIgniter\CodeIgniter->run()
 6 SYSTEMPATH\Commands\Server\rewrite.php(47): require_once('FCPATH\\index.php')
CRITICAL - 2023-04-18 09:09:16 --> Call to a member function getFunction() on null
in APPPATH\Controllers\BaseController.php on line 69.
 1 APPPATH\Controllers\Dashboard\FunctionController.php(14): App\Controllers\BaseController->get_uf('function')
 2 SYSTEMPATH\CodeIgniter.php(906): App\Controllers\Dashboard\FunctionController->__construct()
 3 SYSTEMPATH\CodeIgniter.php(490): CodeIgniter\CodeIgniter->createController()
 4 SYSTEMPATH\CodeIgniter.php(368): CodeIgniter\CodeIgniter->handleRequest(null, Object(Config\Cache), false)
 5 FCPATH\index.php(67): CodeIgniter\CodeIgniter->run()
 6 SYSTEMPATH\Commands\Server\rewrite.php(47): require_once('FCPATH\\index.php')
CRITICAL - 2023-04-18 09:09:30 --> Call to a member function getFunction() on null
in APPPATH\Controllers\BaseController.php on line 69.
 1 APPPATH\Controllers\Dashboard\FunctionController.php(14): App\Controllers\BaseController->get_uf('function')
 2 SYSTEMPATH\CodeIgniter.php(906): App\Controllers\Dashboard\FunctionController->__construct()
 3 SYSTEMPATH\CodeIgniter.php(490): CodeIgniter\CodeIgniter->createController()
 4 SYSTEMPATH\CodeIgniter.php(368): CodeIgniter\CodeIgniter->handleRequest(null, Object(Config\Cache), false)
 5 FCPATH\index.php(67): CodeIgniter\CodeIgniter->run()
 6 SYSTEMPATH\Commands\Server\rewrite.php(47): require_once('FCPATH\\index.php')
CRITICAL - 2023-04-18 09:09:30 --> Call to a member function getFunction() on null
in APPPATH\Controllers\BaseController.php on line 69.
 1 APPPATH\Controllers\Dashboard\FunctionController.php(14): App\Controllers\BaseController->get_uf('function')
 2 SYSTEMPATH\CodeIgniter.php(906): App\Controllers\Dashboard\FunctionController->__construct()
 3 SYSTEMPATH\CodeIgniter.php(490): CodeIgniter\CodeIgniter->createController()
 4 SYSTEMPATH\CodeIgniter.php(368): CodeIgniter\CodeIgniter->handleRequest(null, Object(Config\Cache), false)
 5 FCPATH\index.php(67): CodeIgniter\CodeIgniter->run()
 6 SYSTEMPATH\Commands\Server\rewrite.php(47): require_once('FCPATH\\index.php')
CRITICAL - 2023-04-18 09:09:31 --> Call to a member function getFunction() on null
in APPPATH\Controllers\BaseController.php on line 69.
 1 APPPATH\Controllers\Dashboard\FunctionController.php(14): App\Controllers\BaseController->get_uf('function')
 2 SYSTEMPATH\CodeIgniter.php(906): App\Controllers\Dashboard\FunctionController->__construct()
 3 SYSTEMPATH\CodeIgniter.php(490): CodeIgniter\CodeIgniter->createController()
 4 SYSTEMPATH\CodeIgniter.php(368): CodeIgniter\CodeIgniter->handleRequest(null, Object(Config\Cache), false)
 5 FCPATH\index.php(67): CodeIgniter\CodeIgniter->run()
 6 SYSTEMPATH\Commands\Server\rewrite.php(47): require_once('FCPATH\\index.php')
CRITICAL - 2023-04-18 09:09:31 --> Call to a member function getFunction() on null
in APPPATH\Controllers\BaseController.php on line 69.
 1 APPPATH\Controllers\Dashboard\FunctionController.php(14): App\Controllers\BaseController->get_uf('function')
 2 SYSTEMPATH\CodeIgniter.php(906): App\Controllers\Dashboard\FunctionController->__construct()
 3 SYSTEMPATH\CodeIgniter.php(490): CodeIgniter\CodeIgniter->createController()
 4 SYSTEMPATH\CodeIgniter.php(368): CodeIgniter\CodeIgniter->handleRequest(null, Object(Config\Cache), false)
 5 FCPATH\index.php(67): CodeIgniter\CodeIgniter->run()
 6 SYSTEMPATH\Commands\Server\rewrite.php(47): require_once('FCPATH\\index.php')
CRITICAL - 2023-04-18 09:09:43 --> Call to a member function getFunction() on null
in APPPATH\Controllers\BaseController.php on line 69.
 1 APPPATH\Controllers\Dashboard\FunctionController.php(14): App\Controllers\BaseController->get_uf('function')
 2 SYSTEMPATH\CodeIgniter.php(906): App\Controllers\Dashboard\FunctionController->__construct()
 3 SYSTEMPATH\CodeIgniter.php(490): CodeIgniter\CodeIgniter->createController()
 4 SYSTEMPATH\CodeIgniter.php(368): CodeIgniter\CodeIgniter->handleRequest(null, Object(Config\Cache), false)
 5 FCPATH\index.php(67): CodeIgniter\CodeIgniter->run()
 6 SYSTEMPATH\Commands\Server\rewrite.php(47): require_once('FCPATH\\index.php')
CRITICAL - 2023-04-18 09:09:44 --> Call to a member function getFunction() on null
in APPPATH\Controllers\BaseController.php on line 69.
 1 APPPATH\Controllers\Dashboard\FunctionController.php(14): App\Controllers\BaseController->get_uf('function')
 2 SYSTEMPATH\CodeIgniter.php(906): App\Controllers\Dashboard\FunctionController->__construct()
 3 SYSTEMPATH\CodeIgniter.php(490): CodeIgniter\CodeIgniter->createController()
 4 SYSTEMPATH\CodeIgniter.php(368): CodeIgniter\CodeIgniter->handleRequest(null, Object(Config\Cache), false)
 5 FCPATH\index.php(67): CodeIgniter\CodeIgniter->run()
 6 SYSTEMPATH\Commands\Server\rewrite.php(47): require_once('FCPATH\\index.php')
CRITICAL - 2023-04-18 09:09:44 --> Call to a member function getFunction() on null
in APPPATH\Controllers\BaseController.php on line 69.
 1 APPPATH\Controllers\Dashboard\FunctionController.php(14): App\Controllers\BaseController->get_uf('function')
 2 SYSTEMPATH\CodeIgniter.php(906): App\Controllers\Dashboard\FunctionController->__construct()
 3 SYSTEMPATH\CodeIgniter.php(490): CodeIgniter\CodeIgniter->createController()
 4 SYSTEMPATH\CodeIgniter.php(368): CodeIgniter\CodeIgniter->handleRequest(null, Object(Config\Cache), false)
 5 FCPATH\index.php(67): CodeIgniter\CodeIgniter->run()
 6 SYSTEMPATH\Commands\Server\rewrite.php(47): require_once('FCPATH\\index.php')
CRITICAL - 2023-04-18 09:09:50 --> Call to a member function getFunction() on null
in APPPATH\Controllers\BaseController.php on line 69.
 1 APPPATH\Controllers\Dashboard\FunctionController.php(14): App\Controllers\BaseController->get_uf('function')
 2 SYSTEMPATH\CodeIgniter.php(906): App\Controllers\Dashboard\FunctionController->__construct()
 3 SYSTEMPATH\CodeIgniter.php(490): CodeIgniter\CodeIgniter->createController()
 4 SYSTEMPATH\CodeIgniter.php(368): CodeIgniter\CodeIgniter->handleRequest(null, Object(Config\Cache), false)
 5 FCPATH\index.php(67): CodeIgniter\CodeIgniter->run()
 6 SYSTEMPATH\Commands\Server\rewrite.php(47): require_once('FCPATH\\index.php')
CRITICAL - 2023-04-18 09:32:34 --> syntax error, unexpected token "}"
in APPPATH\Libraries\lib_auth.php on line 66.
 1 SYSTEMPATH\Autoloader\Autoloader.php(289): CodeIgniter\Autoloader\Autoloader->includeFile('APPPATH\\Libraries\\lib_auth.php')
 2 SYSTEMPATH\Autoloader\Autoloader.php(267): CodeIgniter\Autoloader\Autoloader->loadInNamespace('App\\Libraries\\lib_auth')
 3 APPPATH\Filters\AuthFilters.php(13): CodeIgniter\Autoloader\Autoloader->loadClass('App\\Libraries\\lib_auth')
 4 SYSTEMPATH\Filters\Filters.php(166): App\Filters\AuthFilters->__construct()
 5 SYSTEMPATH\CodeIgniter.php(473): CodeIgniter\Filters\Filters->run('dashboard/function', 'before')
 6 SYSTEMPATH\CodeIgniter.php(368): CodeIgniter\CodeIgniter->handleRequest(null, Object(Config\Cache), false)
 7 FCPATH\index.php(67): CodeIgniter\CodeIgniter->run()
 8 SYSTEMPATH\Commands\Server\rewrite.php(47): require_once('FCPATH\\index.php')
CRITICAL - 2023-04-18 09:35:32 --> Undefined array key "edit"
in APPPATH\Controllers\Dashboard\FunctionController.php on line 48.
 1 APPPATH\Controllers\Dashboard\FunctionController.php(48): CodeIgniter\Debug\Exceptions->errorHandler(2, 'Undefined array key "edit"', 'APPPATH\\Controllers\\Dashboard\\FunctionController.php', 48)
 2 SYSTEMPATH\CodeIgniter.php(934): App\Controllers\Dashboard\FunctionController->edit_function()
 3 SYSTEMPATH\CodeIgniter.php(499): CodeIgniter\CodeIgniter->runController(Object(App\Controllers\Dashboard\FunctionController))
 4 SYSTEMPATH\CodeIgniter.php(368): CodeIgniter\CodeIgniter->handleRequest(null, Object(Config\Cache), false)
 5 FCPATH\index.php(67): CodeIgniter\CodeIgniter->run()
 6 SYSTEMPATH\Commands\Server\rewrite.php(47): require_once('FCPATH\\index.php')
CRITICAL - 2023-04-18 09:36:31 --> Undefined array key "edit"
in APPPATH\Controllers\Dashboard\FunctionController.php on line 48.
 1 APPPATH\Controllers\Dashboard\FunctionController.php(48): CodeIgniter\Debug\Exceptions->errorHandler(2, 'Undefined array key "edit"', 'APPPATH\\Controllers\\Dashboard\\FunctionController.php', 48)
 2 SYSTEMPATH\CodeIgniter.php(934): App\Controllers\Dashboard\FunctionController->edit_function()
 3 SYSTEMPATH\CodeIgniter.php(499): CodeIgniter\CodeIgniter->runController(Object(App\Controllers\Dashboard\FunctionController))
 4 SYSTEMPATH\CodeIgniter.php(368): CodeIgniter\CodeIgniter->handleRequest(null, Object(Config\Cache), false)
 5 FCPATH\index.php(67): CodeIgniter\CodeIgniter->run()
 6 SYSTEMPATH\Commands\Server\rewrite.php(47): require_once('FCPATH\\index.php')
CRITICAL - 2023-04-18 09:36:37 --> Undefined array key "edit"
in APPPATH\Controllers\Dashboard\FunctionController.php on line 48.
 1 APPPATH\Controllers\Dashboard\FunctionController.php(48): CodeIgniter\Debug\Exceptions->errorHandler(2, 'Undefined array key "edit"', 'APPPATH\\Controllers\\Dashboard\\FunctionController.php', 48)
 2 SYSTEMPATH\CodeIgniter.php(934): App\Controllers\Dashboard\FunctionController->edit_function()
 3 SYSTEMPATH\CodeIgniter.php(499): CodeIgniter\CodeIgniter->runController(Object(App\Controllers\Dashboard\FunctionController))
 4 SYSTEMPATH\CodeIgniter.php(368): CodeIgniter\CodeIgniter->handleRequest(null, Object(Config\Cache), false)
 5 FCPATH\index.php(67): CodeIgniter\CodeIgniter->run()
 6 SYSTEMPATH\Commands\Server\rewrite.php(47): require_once('FCPATH\\index.php')
