CRITICAL - 2023-04-05 08:17:49 --> Cannot use object of type App\Entities\GroupEntity as array
in APPPATH\Views\dashboard\group.php on line 114.
 1 SYSTEMPATH\View\View.php(213): include()
 2 SYSTEMPATH\View\View.php(216): CodeIgniter\View\View->CodeIgniter\View\{closure}()
 3 SYSTEMPATH\Common.php(1184): CodeIgniter\View\View->render('dashboard/group', [], true)
 4 APPPATH\Controllers\BaseController.php(64): view('dashboard/group', [...])
 5 APPPATH\Controllers\Dashboard\GroupController.php(22): App\Controllers\BaseController->page_construct('dashboard/group', [...], [...])
 6 SYSTEMPATH\CodeIgniter.php(934): App\Controllers\Dashboard\GroupController->index()
 7 SYSTEMPATH\CodeIgniter.php(499): CodeIgniter\CodeIgniter->runController(Object(App\Controllers\Dashboard\GroupController))
 8 SYSTEMPATH\CodeIgniter.php(368): CodeIgniter\CodeIgniter->handleRequest(null, Object(Config\Cache), false)
 9 FCPATH\index.php(67): CodeIgniter\CodeIgniter->run()
10 SYSTEMPATH\Commands\Server\rewrite.php(47): require_once('FCPATH\\index.php')
CRITICAL - 2023-04-05 08:18:12 --> Cannot use object of type App\Entities\GroupEntity as array
in APPPATH\Views\dashboard\group.php on line 115.
 1 SYSTEMPATH\View\View.php(213): include()
 2 SYSTEMPATH\View\View.php(216): CodeIgniter\View\View->CodeIgniter\View\{closure}()
 3 SYSTEMPATH\Common.php(1184): CodeIgniter\View\View->render('dashboard/group', [], true)
 4 APPPATH\Controllers\BaseController.php(64): view('dashboard/group', [...])
 5 APPPATH\Controllers\Dashboard\GroupController.php(22): App\Controllers\BaseController->page_construct('dashboard/group', [...], [...])
 6 SYSTEMPATH\CodeIgniter.php(934): App\Controllers\Dashboard\GroupController->index()
 7 SYSTEMPATH\CodeIgniter.php(499): CodeIgniter\CodeIgniter->runController(Object(App\Controllers\Dashboard\GroupController))
 8 SYSTEMPATH\CodeIgniter.php(368): CodeIgniter\CodeIgniter->handleRequest(null, Object(Config\Cache), false)
 9 FCPATH\index.php(67): CodeIgniter\CodeIgniter->run()
10 SYSTEMPATH\Commands\Server\rewrite.php(47): require_once('FCPATH\\index.php')
CRITICAL - 2023-04-05 08:18:14 --> Cannot use object of type App\Entities\GroupEntity as array
in APPPATH\Views\dashboard\group.php on line 115.
 1 SYSTEMPATH\View\View.php(213): include()
 2 SYSTEMPATH\View\View.php(216): CodeIgniter\View\View->CodeIgniter\View\{closure}()
 3 SYSTEMPATH\Common.php(1184): CodeIgniter\View\View->render('dashboard/group', [], true)
 4 APPPATH\Controllers\BaseController.php(64): view('dashboard/group', [...])
 5 APPPATH\Controllers\Dashboard\GroupController.php(22): App\Controllers\BaseController->page_construct('dashboard/group', [...], [...])
 6 SYSTEMPATH\CodeIgniter.php(934): App\Controllers\Dashboard\GroupController->index()
 7 SYSTEMPATH\CodeIgniter.php(499): CodeIgniter\CodeIgniter->runController(Object(App\Controllers\Dashboard\GroupController))
 8 SYSTEMPATH\CodeIgniter.php(368): CodeIgniter\CodeIgniter->handleRequest(null, Object(Config\Cache), false)
 9 FCPATH\index.php(67): CodeIgniter\CodeIgniter->run()
10 SYSTEMPATH\Commands\Server\rewrite.php(47): require_once('FCPATH\\index.php')
