ERROR - 2023-03-31 00:42:40 --> Error connecting to the database: mysqli_sql_exception: No connection could be made because the target machine actively refused it in D:\Xampp\htdocs\Codeigniter4\system\Database\MySQLi\Connection.php:173
Stack trace:
#0 D:\Xampp\htdocs\Codeigniter4\system\Database\MySQLi\Connection.php(173): mysqli->real_connect('localhost', 'root', Object(SensitiveParameterValue), 'qlbaocao', 3306, '', 0)
#1 D:\Xampp\htdocs\Codeigniter4\system\Database\BaseConnection.php(391): CodeIgniter\Database\MySQLi\Connection->connect(false)
#2 D:\Xampp\htdocs\Codeigniter4\system\Database\BaseConnection.php(573): CodeIgniter\Database\BaseConnection->initialize()
#3 D:\Xampp\htdocs\Codeigniter4\system\Database\BaseBuilder.php(1616): CodeIgniter\Database\BaseConnection->query('SELECT *\nFROM `...', Array, false)
#4 D:\Xampp\htdocs\Codeigniter4\system\Model.php(241): CodeIgniter\Database\BaseBuilder->get()
#5 D:\Xampp\htdocs\Codeigniter4\system\BaseModel.php(618): CodeIgniter\Model->doFindAll(0, 0)
#6 D:\Xampp\htdocs\Codeigniter4\app\Models\UserModel.php(37): CodeIgniter\BaseModel->findAll()
#7 D:\Xampp\htdocs\Codeigniter4\app\Controllers\Dashboard\UserController.php(24): App\Models\UserModel->list_users()
#8 D:\Xampp\htdocs\Codeigniter4\system\CodeIgniter.php(934): App\Controllers\Dashboard\UserController->index()
#9 D:\Xampp\htdocs\Codeigniter4\system\CodeIgniter.php(499): CodeIgniter\CodeIgniter->runController(Object(App\Controllers\Dashboard\UserController))
#10 D:\Xampp\htdocs\Codeigniter4\system\CodeIgniter.php(368): CodeIgniter\CodeIgniter->handleRequest(NULL, Object(Config\Cache), false)
#11 D:\Xampp\htdocs\Codeigniter4\public\index.php(67): CodeIgniter\CodeIgniter->run()
#12 D:\Xampp\htdocs\Codeigniter4\system\Commands\Server\rewrite.php(47): require_once('D:\\Xampp\\htdocs...')
#13 {main}

Next CodeIgniter\Database\Exceptions\DatabaseException: No connection could be made because the target machine actively refused it in D:\Xampp\htdocs\Codeigniter4\system\Database\MySQLi\Connection.php:218
Stack trace:
#0 D:\Xampp\htdocs\Codeigniter4\system\Database\BaseConnection.php(391): CodeIgniter\Database\MySQLi\Connection->connect(false)
#1 D:\Xampp\htdocs\Codeigniter4\system\Database\BaseConnection.php(573): CodeIgniter\Database\BaseConnection->initialize()
#2 D:\Xampp\htdocs\Codeigniter4\system\Database\BaseBuilder.php(1616): CodeIgniter\Database\BaseConnection->query('SELECT *\nFROM `...', Array, false)
#3 D:\Xampp\htdocs\Codeigniter4\system\Model.php(241): CodeIgniter\Database\BaseBuilder->get()
#4 D:\Xampp\htdocs\Codeigniter4\system\BaseModel.php(618): CodeIgniter\Model->doFindAll(0, 0)
#5 D:\Xampp\htdocs\Codeigniter4\app\Models\UserModel.php(37): CodeIgniter\BaseModel->findAll()
#6 D:\Xampp\htdocs\Codeigniter4\app\Controllers\Dashboard\UserController.php(24): App\Models\UserModel->list_users()
#7 D:\Xampp\htdocs\Codeigniter4\system\CodeIgniter.php(934): App\Controllers\Dashboard\UserController->index()
#8 D:\Xampp\htdocs\Codeigniter4\system\CodeIgniter.php(499): CodeIgniter\CodeIgniter->runController(Object(App\Controllers\Dashboard\UserController))
#9 D:\Xampp\htdocs\Codeigniter4\system\CodeIgniter.php(368): CodeIgniter\CodeIgniter->handleRequest(NULL, Object(Config\Cache), false)
#10 D:\Xampp\htdocs\Codeigniter4\public\index.php(67): CodeIgniter\CodeIgniter->run()
#11 D:\Xampp\htdocs\Codeigniter4\system\Commands\Server\rewrite.php(47): require_once('D:\\Xampp\\htdocs...')
#12 {main}
CRITICAL - 2023-03-31 00:42:40 --> Unable to connect to the database.
Main connection [MySQLi]: No connection could be made because the target machine actively refused it
in SYSTEMPATH\Database\BaseConnection.php on line 427.
 1 SYSTEMPATH\Database\BaseConnection.php(573): CodeIgniter\Database\BaseConnection->initialize()
 2 SYSTEMPATH\Database\BaseBuilder.php(1616): CodeIgniter\Database\BaseConnection->query('SELECT *
FROM `users`', [], false)
 3 SYSTEMPATH\Model.php(241): CodeIgniter\Database\BaseBuilder->get()
 4 SYSTEMPATH\BaseModel.php(618): CodeIgniter\Model->doFindAll(0, 0)
 5 APPPATH\Models\UserModel.php(37): CodeIgniter\BaseModel->findAll()
 6 APPPATH\Controllers\Dashboard\UserController.php(24): App\Models\UserModel->list_users()
 7 SYSTEMPATH\CodeIgniter.php(934): App\Controllers\Dashboard\UserController->index()
 8 SYSTEMPATH\CodeIgniter.php(499): CodeIgniter\CodeIgniter->runController(Object(App\Controllers\Dashboard\UserController))
 9 SYSTEMPATH\CodeIgniter.php(368): CodeIgniter\CodeIgniter->handleRequest(null, Object(Config\Cache), false)
10 FCPATH\index.php(67): CodeIgniter\CodeIgniter->run()
11 SYSTEMPATH\Commands\Server\rewrite.php(47): require_once('FCPATH\\index.php')
CRITICAL - 2023-03-31 02:08:40 --> Call to undefined method App\Models\GroupModel::getGoups
in SYSTEMPATH\Model.php on line 842.
 1 APPPATH\Controllers\Dashboard\GroupController.php(28): CodeIgniter\Model->__call('getGoups', [...])
 2 SYSTEMPATH\CodeIgniter.php(934): App\Controllers\Dashboard\GroupController->group_ajax()
 3 SYSTEMPATH\CodeIgniter.php(499): CodeIgniter\CodeIgniter->runController(Object(App\Controllers\Dashboard\GroupController))
 4 SYSTEMPATH\CodeIgniter.php(368): CodeIgniter\CodeIgniter->handleRequest(null, Object(Config\Cache), false)
 5 FCPATH\index.php(67): CodeIgniter\CodeIgniter->run()
 6 SYSTEMPATH\Commands\Server\rewrite.php(47): require_once('FCPATH\\index.php')
CRITICAL - 2023-03-31 02:23:03 --> Attempt to read property "allcount" on array
in APPPATH\Models\GroupModel.php on line 27.
 1 APPPATH\Models\GroupModel.php(27): CodeIgniter\Debug\Exceptions->errorHandler(2, 'Attempt to read property "allcount" on array', 'APPPATH\\Models\\GroupModel.php', 27)
 2 APPPATH\Controllers\Dashboard\GroupController.php(28): App\Models\GroupModel->getGoups([...])
 3 SYSTEMPATH\CodeIgniter.php(934): App\Controllers\Dashboard\GroupController->group_ajax()
 4 SYSTEMPATH\CodeIgniter.php(499): CodeIgniter\CodeIgniter->runController(Object(App\Controllers\Dashboard\GroupController))
 5 SYSTEMPATH\CodeIgniter.php(368): CodeIgniter\CodeIgniter->handleRequest(null, Object(Config\Cache), false)
 6 FCPATH\index.php(67): CodeIgniter\CodeIgniter->run()
 7 SYSTEMPATH\Commands\Server\rewrite.php(47): require_once('FCPATH\\index.php')
CRITICAL - 2023-03-31 03:50:16 --> Undefined property: App\Controllers\Dashboard\UserController::$users
in APPPATH\Controllers\Dashboard\UserController.php on line 24.
 1 APPPATH\Controllers\Dashboard\UserController.php(24): CodeIgniter\Debug\Exceptions->errorHandler(2, 'Undefined property: App\\Controllers\\Dashboard\\UserController::$users', 'APPPATH\\Controllers\\Dashboard\\UserController.php', 24)
 2 SYSTEMPATH\CodeIgniter.php(934): App\Controllers\Dashboard\UserController->index()
 3 SYSTEMPATH\CodeIgniter.php(499): CodeIgniter\CodeIgniter->runController(Object(App\Controllers\Dashboard\UserController))
 4 SYSTEMPATH\CodeIgniter.php(368): CodeIgniter\CodeIgniter->handleRequest(null, Object(Config\Cache), false)
 5 FCPATH\index.php(67): CodeIgniter\CodeIgniter->run()
 6 SYSTEMPATH\Commands\Server\rewrite.php(47): require_once('FCPATH\\index.php')
