ERROR - 2023-04-06 02:41:24 --> Error connecting to the database: mysqli_sql_exception: No connection could be made because the target machine actively refused it in D:\Xampp\htdocs\Codeigniter4\system\Database\MySQLi\Connection.php:173
Stack trace:
#0 D:\Xampp\htdocs\Codeigniter4\system\Database\MySQLi\Connection.php(173): mysqli->real_connect('localhost', 'root', Object(SensitiveParameterValue), 'qlbaocao', 3306, '', 0)
#1 D:\Xampp\htdocs\Codeigniter4\system\Database\BaseConnection.php(391): CodeIgniter\Database\MySQLi\Connection->connect(false)
#2 D:\Xampp\htdocs\Codeigniter4\system\Database\BaseConnection.php(573): CodeIgniter\Database\BaseConnection->initialize()
#3 D:\Xampp\htdocs\Codeigniter4\system\Database\BaseBuilder.php(1616): CodeIgniter\Database\BaseConnection->query('SELECT *\nFROM `...', Array, false)
#4 D:\Xampp\htdocs\Codeigniter4\system\Model.php(203): CodeIgniter\Database\BaseBuilder->get()
#5 D:\Xampp\htdocs\Codeigniter4\system\BaseModel.php(557): CodeIgniter\Model->doFind(false, NULL)
#6 D:\Xampp\htdocs\Codeigniter4\app\Models\GroupModel.php(137): CodeIgniter\BaseModel->find()
#7 D:\Xampp\htdocs\Codeigniter4\app\Controllers\Dashboard\GroupController.php(21): App\Models\GroupModel->getGroupParent('vpddt')
#8 D:\Xampp\htdocs\Codeigniter4\system\CodeIgniter.php(934): App\Controllers\Dashboard\GroupController->index()
#9 D:\Xampp\htdocs\Codeigniter4\system\CodeIgniter.php(499): CodeIgniter\CodeIgniter->runController(Object(App\Controllers\Dashboard\GroupController))
#10 D:\Xampp\htdocs\Codeigniter4\system\CodeIgniter.php(368): CodeIgniter\CodeIgniter->handleRequest(NULL, Object(Config\Cache), false)
#11 D:\Xampp\htdocs\Codeigniter4\public\index.php(67): CodeIgniter\CodeIgniter->run()
#12 D:\Xampp\htdocs\Codeigniter4\system\Commands\Server\rewrite.php(47): require_once('D:\\Xampp\\htdocs...')
#13 {main}

Next CodeIgniter\Database\Exceptions\DatabaseException: No connection could be made because the target machine actively refused it in D:\Xampp\htdocs\Codeigniter4\system\Database\MySQLi\Connection.php:218
Stack trace:
#0 D:\Xampp\htdocs\Codeigniter4\system\Database\BaseConnection.php(391): CodeIgniter\Database\MySQLi\Connection->connect(false)
#1 D:\Xampp\htdocs\Codeigniter4\system\Database\BaseConnection.php(573): CodeIgniter\Database\BaseConnection->initialize()
#2 D:\Xampp\htdocs\Codeigniter4\system\Database\BaseBuilder.php(1616): CodeIgniter\Database\BaseConnection->query('SELECT *\nFROM `...', Array, false)
#3 D:\Xampp\htdocs\Codeigniter4\system\Model.php(203): CodeIgniter\Database\BaseBuilder->get()
#4 D:\Xampp\htdocs\Codeigniter4\system\BaseModel.php(557): CodeIgniter\Model->doFind(false, NULL)
#5 D:\Xampp\htdocs\Codeigniter4\app\Models\GroupModel.php(137): CodeIgniter\BaseModel->find()
#6 D:\Xampp\htdocs\Codeigniter4\app\Controllers\Dashboard\GroupController.php(21): App\Models\GroupModel->getGroupParent('vpddt')
#7 D:\Xampp\htdocs\Codeigniter4\system\CodeIgniter.php(934): App\Controllers\Dashboard\GroupController->index()
#8 D:\Xampp\htdocs\Codeigniter4\system\CodeIgniter.php(499): CodeIgniter\CodeIgniter->runController(Object(App\Controllers\Dashboard\GroupController))
#9 D:\Xampp\htdocs\Codeigniter4\system\CodeIgniter.php(368): CodeIgniter\CodeIgniter->handleRequest(NULL, Object(Config\Cache), false)
#10 D:\Xampp\htdocs\Codeigniter4\public\index.php(67): CodeIgniter\CodeIgniter->run()
#11 D:\Xampp\htdocs\Codeigniter4\system\Commands\Server\rewrite.php(47): require_once('D:\\Xampp\\htdocs...')
#12 {main}
CRITICAL - 2023-04-06 02:41:24 --> Unable to connect to the database.
Main connection [MySQLi]: No connection could be made because the target machine actively refused it
in SYSTEMPATH\Database\BaseConnection.php on line 427.
 1 SYSTEMPATH\Database\BaseConnection.php(573): CodeIgniter\Database\BaseConnection->initialize()
 2 SYSTEMPATH\Database\BaseBuilder.php(1616): CodeIgniter\Database\BaseConnection->query('SELECT *
FROM `groups`
WHERE `group_id` = :group_id:', [...], false)
 3 SYSTEMPATH\Model.php(203): CodeIgniter\Database\BaseBuilder->get()
 4 SYSTEMPATH\BaseModel.php(557): CodeIgniter\Model->doFind(false, null)
 5 APPPATH\Models\GroupModel.php(137): CodeIgniter\BaseModel->find()
 6 APPPATH\Controllers\Dashboard\GroupController.php(21): App\Models\GroupModel->getGroupParent('vpddt')
 7 SYSTEMPATH\CodeIgniter.php(934): App\Controllers\Dashboard\GroupController->index()
 8 SYSTEMPATH\CodeIgniter.php(499): CodeIgniter\CodeIgniter->runController(Object(App\Controllers\Dashboard\GroupController))
 9 SYSTEMPATH\CodeIgniter.php(368): CodeIgniter\CodeIgniter->handleRequest(null, Object(Config\Cache), false)
10 FCPATH\index.php(67): CodeIgniter\CodeIgniter->run()
11 SYSTEMPATH\Commands\Server\rewrite.php(47): require_once('FCPATH\\index.php')
CRITICAL - 2023-04-06 09:30:41 --> You must set the database table to be used with your query.
in SYSTEMPATH\Database\BaseConnection.php on line 882.
 1 APPPATH\Models\UserModel.php(63): CodeIgniter\Database\BaseConnection->table('ROOTPATH\\public')
 2 APPPATH\Controllers\Dashboard\UserController.php(25): App\Models\UserModel->getGroupParent('vpddt')
 3 SYSTEMPATH\CodeIgniter.php(934): App\Controllers\Dashboard\UserController->index()
 4 SYSTEMPATH\CodeIgniter.php(499): CodeIgniter\CodeIgniter->runController(Object(App\Controllers\Dashboard\UserController))
 5 SYSTEMPATH\CodeIgniter.php(368): CodeIgniter\CodeIgniter->handleRequest(null, Object(Config\Cache), false)
 6 FCPATH\index.php(67): CodeIgniter\CodeIgniter->run()
 7 SYSTEMPATH\Commands\Server\rewrite.php(47): require_once('FCPATH\\index.php')
CRITICAL - 2023-04-06 09:31:14 --> Call to undefined method CodeIgniter\Database\MySQLi\Builder::find()
in APPPATH\Models\UserModel.php on line 67.
 1 APPPATH\Controllers\Dashboard\UserController.php(25): App\Models\UserModel->getGroupParent('vpddt')
 2 SYSTEMPATH\CodeIgniter.php(934): App\Controllers\Dashboard\UserController->index()
 3 SYSTEMPATH\CodeIgniter.php(499): CodeIgniter\CodeIgniter->runController(Object(App\Controllers\Dashboard\UserController))
 4 SYSTEMPATH\CodeIgniter.php(368): CodeIgniter\CodeIgniter->handleRequest(null, Object(Config\Cache), false)
 5 FCPATH\index.php(67): CodeIgniter\CodeIgniter->run()
 6 SYSTEMPATH\Commands\Server\rewrite.php(47): require_once('FCPATH\\index.php')
CRITICAL - 2023-04-06 09:33:17 --> Call to undefined method CodeIgniter\Database\MySQLi\Builder::find()
in APPPATH\Models\UserModel.php on line 66.
 1 APPPATH\Controllers\Dashboard\UserController.php(25): App\Models\UserModel->getGroupParent('vpddt')
 2 SYSTEMPATH\CodeIgniter.php(934): App\Controllers\Dashboard\UserController->index()
 3 SYSTEMPATH\CodeIgniter.php(499): CodeIgniter\CodeIgniter->runController(Object(App\Controllers\Dashboard\UserController))
 4 SYSTEMPATH\CodeIgniter.php(368): CodeIgniter\CodeIgniter->handleRequest(null, Object(Config\Cache), false)
 5 FCPATH\index.php(67): CodeIgniter\CodeIgniter->run()
 6 SYSTEMPATH\Commands\Server\rewrite.php(47): require_once('FCPATH\\index.php')
CRITICAL - 2023-04-06 09:33:18 --> Call to undefined method CodeIgniter\Database\MySQLi\Builder::find()
in APPPATH\Models\UserModel.php on line 66.
 1 APPPATH\Controllers\Dashboard\UserController.php(25): App\Models\UserModel->getGroupParent('vpddt')
 2 SYSTEMPATH\CodeIgniter.php(934): App\Controllers\Dashboard\UserController->index()
 3 SYSTEMPATH\CodeIgniter.php(499): CodeIgniter\CodeIgniter->runController(Object(App\Controllers\Dashboard\UserController))
 4 SYSTEMPATH\CodeIgniter.php(368): CodeIgniter\CodeIgniter->handleRequest(null, Object(Config\Cache), false)
 5 FCPATH\index.php(67): CodeIgniter\CodeIgniter->run()
 6 SYSTEMPATH\Commands\Server\rewrite.php(47): require_once('FCPATH\\index.php')
CRITICAL - 2023-04-06 09:33:19 --> Call to undefined method CodeIgniter\Database\MySQLi\Builder::find()
in APPPATH\Models\UserModel.php on line 66.
 1 APPPATH\Controllers\Dashboard\UserController.php(25): App\Models\UserModel->getGroupParent('vpddt')
 2 SYSTEMPATH\CodeIgniter.php(934): App\Controllers\Dashboard\UserController->index()
 3 SYSTEMPATH\CodeIgniter.php(499): CodeIgniter\CodeIgniter->runController(Object(App\Controllers\Dashboard\UserController))
 4 SYSTEMPATH\CodeIgniter.php(368): CodeIgniter\CodeIgniter->handleRequest(null, Object(Config\Cache), false)
 5 FCPATH\index.php(67): CodeIgniter\CodeIgniter->run()
 6 SYSTEMPATH\Commands\Server\rewrite.php(47): require_once('FCPATH\\index.php')
CRITICAL - 2023-04-06 09:33:20 --> Call to undefined method CodeIgniter\Database\MySQLi\Builder::find()
in APPPATH\Models\UserModel.php on line 66.
 1 APPPATH\Controllers\Dashboard\UserController.php(25): App\Models\UserModel->getGroupParent('vpddt')
 2 SYSTEMPATH\CodeIgniter.php(934): App\Controllers\Dashboard\UserController->index()
 3 SYSTEMPATH\CodeIgniter.php(499): CodeIgniter\CodeIgniter->runController(Object(App\Controllers\Dashboard\UserController))
 4 SYSTEMPATH\CodeIgniter.php(368): CodeIgniter\CodeIgniter->handleRequest(null, Object(Config\Cache), false)
 5 FCPATH\index.php(67): CodeIgniter\CodeIgniter->run()
 6 SYSTEMPATH\Commands\Server\rewrite.php(47): require_once('FCPATH\\index.php')
CRITICAL - 2023-04-06 09:34:24 --> CodeIgniter\Database\BaseResult::getResult(): Argument #1 ($type) must be of type string, null given, called in D:\Xampp\htdocs\Codeigniter4\system\Model.php on line 242
in SYSTEMPATH\Database\BaseResult.php on line 103.
 1 SYSTEMPATH\Model.php(242): CodeIgniter\Database\BaseResult->getResult(null)
 2 SYSTEMPATH\BaseModel.php(618): CodeIgniter\Model->doFindAll(0, 0)
 3 APPPATH\Models\UserModel.php(40): CodeIgniter\BaseModel->findAll()
 4 APPPATH\Controllers\Dashboard\UserController.php(24): App\Models\UserModel->list_users()
 5 SYSTEMPATH\CodeIgniter.php(934): App\Controllers\Dashboard\UserController->index()
 6 SYSTEMPATH\CodeIgniter.php(499): CodeIgniter\CodeIgniter->runController(Object(App\Controllers\Dashboard\UserController))
 7 SYSTEMPATH\CodeIgniter.php(368): CodeIgniter\CodeIgniter->handleRequest(null, Object(Config\Cache), false)
 8 FCPATH\index.php(67): CodeIgniter\CodeIgniter->run()
 9 SYSTEMPATH\Commands\Server\rewrite.php(47): require_once('FCPATH\\index.php')
CRITICAL - 2023-04-06 09:34:52 --> CodeIgniter\Database\BaseResult::getResult(): Argument #1 ($type) must be of type string, null given, called in D:\Xampp\htdocs\Codeigniter4\system\Model.php on line 242
in SYSTEMPATH\Database\BaseResult.php on line 103.
 1 SYSTEMPATH\Model.php(242): CodeIgniter\Database\BaseResult->getResult(null)
 2 SYSTEMPATH\BaseModel.php(618): CodeIgniter\Model->doFindAll(0, 0)
 3 APPPATH\Models\UserModel.php(40): CodeIgniter\BaseModel->findAll()
 4 APPPATH\Controllers\Dashboard\UserController.php(24): App\Models\UserModel->list_users()
 5 SYSTEMPATH\CodeIgniter.php(934): App\Controllers\Dashboard\UserController->index()
 6 SYSTEMPATH\CodeIgniter.php(499): CodeIgniter\CodeIgniter->runController(Object(App\Controllers\Dashboard\UserController))
 7 SYSTEMPATH\CodeIgniter.php(368): CodeIgniter\CodeIgniter->handleRequest(null, Object(Config\Cache), false)
 8 FCPATH\index.php(67): CodeIgniter\CodeIgniter->run()
 9 SYSTEMPATH\Commands\Server\rewrite.php(47): require_once('FCPATH\\index.php')
CRITICAL - 2023-04-06 09:34:54 --> CodeIgniter\Database\BaseResult::getResult(): Argument #1 ($type) must be of type string, null given, called in D:\Xampp\htdocs\Codeigniter4\system\Model.php on line 242
in SYSTEMPATH\Database\BaseResult.php on line 103.
 1 SYSTEMPATH\Model.php(242): CodeIgniter\Database\BaseResult->getResult(null)
 2 SYSTEMPATH\BaseModel.php(618): CodeIgniter\Model->doFindAll(0, 0)
 3 APPPATH\Models\UserModel.php(40): CodeIgniter\BaseModel->findAll()
 4 APPPATH\Controllers\Dashboard\UserController.php(24): App\Models\UserModel->list_users()
 5 SYSTEMPATH\CodeIgniter.php(934): App\Controllers\Dashboard\UserController->index()
 6 SYSTEMPATH\CodeIgniter.php(499): CodeIgniter\CodeIgniter->runController(Object(App\Controllers\Dashboard\UserController))
 7 SYSTEMPATH\CodeIgniter.php(368): CodeIgniter\CodeIgniter->handleRequest(null, Object(Config\Cache), false)
 8 FCPATH\index.php(67): CodeIgniter\CodeIgniter->run()
 9 SYSTEMPATH\Commands\Server\rewrite.php(47): require_once('FCPATH\\index.php')
CRITICAL - 2023-04-06 09:34:55 --> CodeIgniter\Database\BaseResult::getResult(): Argument #1 ($type) must be of type string, null given, called in D:\Xampp\htdocs\Codeigniter4\system\Model.php on line 242
in SYSTEMPATH\Database\BaseResult.php on line 103.
 1 SYSTEMPATH\Model.php(242): CodeIgniter\Database\BaseResult->getResult(null)
 2 SYSTEMPATH\BaseModel.php(618): CodeIgniter\Model->doFindAll(0, 0)
 3 APPPATH\Models\UserModel.php(40): CodeIgniter\BaseModel->findAll()
 4 APPPATH\Controllers\Dashboard\UserController.php(24): App\Models\UserModel->list_users()
 5 SYSTEMPATH\CodeIgniter.php(934): App\Controllers\Dashboard\UserController->index()
 6 SYSTEMPATH\CodeIgniter.php(499): CodeIgniter\CodeIgniter->runController(Object(App\Controllers\Dashboard\UserController))
 7 SYSTEMPATH\CodeIgniter.php(368): CodeIgniter\CodeIgniter->handleRequest(null, Object(Config\Cache), false)
 8 FCPATH\index.php(67): CodeIgniter\CodeIgniter->run()
 9 SYSTEMPATH\Commands\Server\rewrite.php(47): require_once('FCPATH\\index.php')
CRITICAL - 2023-04-06 09:34:55 --> CodeIgniter\Database\BaseResult::getResult(): Argument #1 ($type) must be of type string, null given, called in D:\Xampp\htdocs\Codeigniter4\system\Model.php on line 242
in SYSTEMPATH\Database\BaseResult.php on line 103.
 1 SYSTEMPATH\Model.php(242): CodeIgniter\Database\BaseResult->getResult(null)
 2 SYSTEMPATH\BaseModel.php(618): CodeIgniter\Model->doFindAll(0, 0)
 3 APPPATH\Models\UserModel.php(40): CodeIgniter\BaseModel->findAll()
 4 APPPATH\Controllers\Dashboard\UserController.php(24): App\Models\UserModel->list_users()
 5 SYSTEMPATH\CodeIgniter.php(934): App\Controllers\Dashboard\UserController->index()
 6 SYSTEMPATH\CodeIgniter.php(499): CodeIgniter\CodeIgniter->runController(Object(App\Controllers\Dashboard\UserController))
 7 SYSTEMPATH\CodeIgniter.php(368): CodeIgniter\CodeIgniter->handleRequest(null, Object(Config\Cache), false)
 8 FCPATH\index.php(67): CodeIgniter\CodeIgniter->run()
 9 SYSTEMPATH\Commands\Server\rewrite.php(47): require_once('FCPATH\\index.php')
CRITICAL - 2023-04-06 09:34:56 --> CodeIgniter\Database\BaseResult::getResult(): Argument #1 ($type) must be of type string, null given, called in D:\Xampp\htdocs\Codeigniter4\system\Model.php on line 242
in SYSTEMPATH\Database\BaseResult.php on line 103.
 1 SYSTEMPATH\Model.php(242): CodeIgniter\Database\BaseResult->getResult(null)
 2 SYSTEMPATH\BaseModel.php(618): CodeIgniter\Model->doFindAll(0, 0)
 3 APPPATH\Models\UserModel.php(40): CodeIgniter\BaseModel->findAll()
 4 APPPATH\Controllers\Dashboard\UserController.php(24): App\Models\UserModel->list_users()
 5 SYSTEMPATH\CodeIgniter.php(934): App\Controllers\Dashboard\UserController->index()
 6 SYSTEMPATH\CodeIgniter.php(499): CodeIgniter\CodeIgniter->runController(Object(App\Controllers\Dashboard\UserController))
 7 SYSTEMPATH\CodeIgniter.php(368): CodeIgniter\CodeIgniter->handleRequest(null, Object(Config\Cache), false)
 8 FCPATH\index.php(67): CodeIgniter\CodeIgniter->run()
 9 SYSTEMPATH\Commands\Server\rewrite.php(47): require_once('FCPATH\\index.php')
CRITICAL - 2023-04-06 09:34:57 --> CodeIgniter\Database\BaseResult::getResult(): Argument #1 ($type) must be of type string, null given, called in D:\Xampp\htdocs\Codeigniter4\system\Model.php on line 242
in SYSTEMPATH\Database\BaseResult.php on line 103.
 1 SYSTEMPATH\Model.php(242): CodeIgniter\Database\BaseResult->getResult(null)
 2 SYSTEMPATH\BaseModel.php(618): CodeIgniter\Model->doFindAll(0, 0)
 3 APPPATH\Models\UserModel.php(40): CodeIgniter\BaseModel->findAll()
 4 APPPATH\Controllers\Dashboard\UserController.php(24): App\Models\UserModel->list_users()
 5 SYSTEMPATH\CodeIgniter.php(934): App\Controllers\Dashboard\UserController->index()
 6 SYSTEMPATH\CodeIgniter.php(499): CodeIgniter\CodeIgniter->runController(Object(App\Controllers\Dashboard\UserController))
 7 SYSTEMPATH\CodeIgniter.php(368): CodeIgniter\CodeIgniter->handleRequest(null, Object(Config\Cache), false)
 8 FCPATH\index.php(67): CodeIgniter\CodeIgniter->run()
 9 SYSTEMPATH\Commands\Server\rewrite.php(47): require_once('FCPATH\\index.php')
CRITICAL - 2023-04-06 09:34:57 --> CodeIgniter\Database\BaseResult::getResult(): Argument #1 ($type) must be of type string, null given, called in D:\Xampp\htdocs\Codeigniter4\system\Model.php on line 242
in SYSTEMPATH\Database\BaseResult.php on line 103.
 1 SYSTEMPATH\Model.php(242): CodeIgniter\Database\BaseResult->getResult(null)
 2 SYSTEMPATH\BaseModel.php(618): CodeIgniter\Model->doFindAll(0, 0)
 3 APPPATH\Models\UserModel.php(40): CodeIgniter\BaseModel->findAll()
 4 APPPATH\Controllers\Dashboard\UserController.php(24): App\Models\UserModel->list_users()
 5 SYSTEMPATH\CodeIgniter.php(934): App\Controllers\Dashboard\UserController->index()
 6 SYSTEMPATH\CodeIgniter.php(499): CodeIgniter\CodeIgniter->runController(Object(App\Controllers\Dashboard\UserController))
 7 SYSTEMPATH\CodeIgniter.php(368): CodeIgniter\CodeIgniter->handleRequest(null, Object(Config\Cache), false)
 8 FCPATH\index.php(67): CodeIgniter\CodeIgniter->run()
 9 SYSTEMPATH\Commands\Server\rewrite.php(47): require_once('FCPATH\\index.php')
CRITICAL - 2023-04-06 09:35:30 --> CodeIgniter\Database\BaseResult::getResult(): Argument #1 ($type) must be of type string, null given, called in D:\Xampp\htdocs\Codeigniter4\system\Model.php on line 242
in SYSTEMPATH\Database\BaseResult.php on line 103.
 1 SYSTEMPATH\Model.php(242): CodeIgniter\Database\BaseResult->getResult(null)
 2 SYSTEMPATH\BaseModel.php(618): CodeIgniter\Model->doFindAll(0, 0)
 3 APPPATH\Models\UserModel.php(40): CodeIgniter\BaseModel->findAll()
 4 APPPATH\Controllers\Dashboard\UserController.php(24): App\Models\UserModel->list_users()
 5 SYSTEMPATH\CodeIgniter.php(934): App\Controllers\Dashboard\UserController->index()
 6 SYSTEMPATH\CodeIgniter.php(499): CodeIgniter\CodeIgniter->runController(Object(App\Controllers\Dashboard\UserController))
 7 SYSTEMPATH\CodeIgniter.php(368): CodeIgniter\CodeIgniter->handleRequest(null, Object(Config\Cache), false)
 8 FCPATH\index.php(67): CodeIgniter\CodeIgniter->run()
 9 SYSTEMPATH\Commands\Server\rewrite.php(47): require_once('FCPATH\\index.php')
CRITICAL - 2023-04-06 09:35:32 --> CodeIgniter\Database\BaseResult::getResult(): Argument #1 ($type) must be of type string, null given, called in D:\Xampp\htdocs\Codeigniter4\system\Model.php on line 242
in SYSTEMPATH\Database\BaseResult.php on line 103.
 1 SYSTEMPATH\Model.php(242): CodeIgniter\Database\BaseResult->getResult(null)
 2 SYSTEMPATH\BaseModel.php(618): CodeIgniter\Model->doFindAll(0, 0)
 3 APPPATH\Models\UserModel.php(40): CodeIgniter\BaseModel->findAll()
 4 APPPATH\Controllers\Dashboard\UserController.php(24): App\Models\UserModel->list_users()
 5 SYSTEMPATH\CodeIgniter.php(934): App\Controllers\Dashboard\UserController->index()
 6 SYSTEMPATH\CodeIgniter.php(499): CodeIgniter\CodeIgniter->runController(Object(App\Controllers\Dashboard\UserController))
 7 SYSTEMPATH\CodeIgniter.php(368): CodeIgniter\CodeIgniter->handleRequest(null, Object(Config\Cache), false)
 8 FCPATH\index.php(67): CodeIgniter\CodeIgniter->run()
 9 SYSTEMPATH\Commands\Server\rewrite.php(47): require_once('FCPATH\\index.php')
CRITICAL - 2023-04-06 09:35:32 --> CodeIgniter\Database\BaseResult::getResult(): Argument #1 ($type) must be of type string, null given, called in D:\Xampp\htdocs\Codeigniter4\system\Model.php on line 242
in SYSTEMPATH\Database\BaseResult.php on line 103.
 1 SYSTEMPATH\Model.php(242): CodeIgniter\Database\BaseResult->getResult(null)
 2 SYSTEMPATH\BaseModel.php(618): CodeIgniter\Model->doFindAll(0, 0)
 3 APPPATH\Models\UserModel.php(40): CodeIgniter\BaseModel->findAll()
 4 APPPATH\Controllers\Dashboard\UserController.php(24): App\Models\UserModel->list_users()
 5 SYSTEMPATH\CodeIgniter.php(934): App\Controllers\Dashboard\UserController->index()
 6 SYSTEMPATH\CodeIgniter.php(499): CodeIgniter\CodeIgniter->runController(Object(App\Controllers\Dashboard\UserController))
 7 SYSTEMPATH\CodeIgniter.php(368): CodeIgniter\CodeIgniter->handleRequest(null, Object(Config\Cache), false)
 8 FCPATH\index.php(67): CodeIgniter\CodeIgniter->run()
 9 SYSTEMPATH\Commands\Server\rewrite.php(47): require_once('FCPATH\\index.php')
CRITICAL - 2023-04-06 09:35:33 --> CodeIgniter\Database\BaseResult::getResult(): Argument #1 ($type) must be of type string, null given, called in D:\Xampp\htdocs\Codeigniter4\system\Model.php on line 242
in SYSTEMPATH\Database\BaseResult.php on line 103.
 1 SYSTEMPATH\Model.php(242): CodeIgniter\Database\BaseResult->getResult(null)
 2 SYSTEMPATH\BaseModel.php(618): CodeIgniter\Model->doFindAll(0, 0)
 3 APPPATH\Models\UserModel.php(40): CodeIgniter\BaseModel->findAll()
 4 APPPATH\Controllers\Dashboard\UserController.php(24): App\Models\UserModel->list_users()
 5 SYSTEMPATH\CodeIgniter.php(934): App\Controllers\Dashboard\UserController->index()
 6 SYSTEMPATH\CodeIgniter.php(499): CodeIgniter\CodeIgniter->runController(Object(App\Controllers\Dashboard\UserController))
 7 SYSTEMPATH\CodeIgniter.php(368): CodeIgniter\CodeIgniter->handleRequest(null, Object(Config\Cache), false)
 8 FCPATH\index.php(67): CodeIgniter\CodeIgniter->run()
 9 SYSTEMPATH\Commands\Server\rewrite.php(47): require_once('FCPATH\\index.php')
CRITICAL - 2023-04-06 09:35:33 --> CodeIgniter\Database\BaseResult::getResult(): Argument #1 ($type) must be of type string, null given, called in D:\Xampp\htdocs\Codeigniter4\system\Model.php on line 242
in SYSTEMPATH\Database\BaseResult.php on line 103.
 1 SYSTEMPATH\Model.php(242): CodeIgniter\Database\BaseResult->getResult(null)
 2 SYSTEMPATH\BaseModel.php(618): CodeIgniter\Model->doFindAll(0, 0)
 3 APPPATH\Models\UserModel.php(40): CodeIgniter\BaseModel->findAll()
 4 APPPATH\Controllers\Dashboard\UserController.php(24): App\Models\UserModel->list_users()
 5 SYSTEMPATH\CodeIgniter.php(934): App\Controllers\Dashboard\UserController->index()
 6 SYSTEMPATH\CodeIgniter.php(499): CodeIgniter\CodeIgniter->runController(Object(App\Controllers\Dashboard\UserController))
 7 SYSTEMPATH\CodeIgniter.php(368): CodeIgniter\CodeIgniter->handleRequest(null, Object(Config\Cache), false)
 8 FCPATH\index.php(67): CodeIgniter\CodeIgniter->run()
 9 SYSTEMPATH\Commands\Server\rewrite.php(47): require_once('FCPATH\\index.php')
CRITICAL - 2023-04-06 09:35:54 --> Call to undefined method CodeIgniter\Database\MySQLi\Builder::find()
in APPPATH\Models\UserModel.php on line 66.
 1 APPPATH\Controllers\Dashboard\UserController.php(25): App\Models\UserModel->getGroupParent('vpddt')
 2 SYSTEMPATH\CodeIgniter.php(934): App\Controllers\Dashboard\UserController->index()
 3 SYSTEMPATH\CodeIgniter.php(499): CodeIgniter\CodeIgniter->runController(Object(App\Controllers\Dashboard\UserController))
 4 SYSTEMPATH\CodeIgniter.php(368): CodeIgniter\CodeIgniter->handleRequest(null, Object(Config\Cache), false)
 5 FCPATH\index.php(67): CodeIgniter\CodeIgniter->run()
 6 SYSTEMPATH\Commands\Server\rewrite.php(47): require_once('FCPATH\\index.php')
CRITICAL - 2023-04-06 09:37:34 --> count(): Argument #1 ($value) must be of type Countable|array, CodeIgniter\Database\MySQLi\Result given
in APPPATH\Models\UserModel.php on line 67.
 1 APPPATH\Models\UserModel.php(67): count(Object(CodeIgniter\Database\MySQLi\Result))
 2 APPPATH\Controllers\Dashboard\UserController.php(25): App\Models\UserModel->getGroupParent('vpddt')
 3 SYSTEMPATH\CodeIgniter.php(934): App\Controllers\Dashboard\UserController->index()
 4 SYSTEMPATH\CodeIgniter.php(499): CodeIgniter\CodeIgniter->runController(Object(App\Controllers\Dashboard\UserController))
 5 SYSTEMPATH\CodeIgniter.php(368): CodeIgniter\CodeIgniter->handleRequest(null, Object(Config\Cache), false)
 6 FCPATH\index.php(67): CodeIgniter\CodeIgniter->run()
 7 SYSTEMPATH\Commands\Server\rewrite.php(47): require_once('FCPATH\\index.php')
CRITICAL - 2023-04-06 09:42:38 --> Call to undefined method CodeIgniter\Database\MySQLi\Builder::getResult()
in APPPATH\Models\UserModel.php on line 66.
 1 APPPATH\Controllers\Dashboard\UserController.php(25): App\Models\UserModel->getGroupParent('vpddt')
 2 SYSTEMPATH\CodeIgniter.php(934): App\Controllers\Dashboard\UserController->index()
 3 SYSTEMPATH\CodeIgniter.php(499): CodeIgniter\CodeIgniter->runController(Object(App\Controllers\Dashboard\UserController))
 4 SYSTEMPATH\CodeIgniter.php(368): CodeIgniter\CodeIgniter->handleRequest(null, Object(Config\Cache), false)
 5 FCPATH\index.php(67): CodeIgniter\CodeIgniter->run()
 6 SYSTEMPATH\Commands\Server\rewrite.php(47): require_once('FCPATH\\index.php')
CRITICAL - 2023-04-06 09:42:49 --> count(): Argument #1 ($value) must be of type Countable|array, CodeIgniter\Database\MySQLi\Builder given
in APPPATH\Models\UserModel.php on line 67.
 1 APPPATH\Models\UserModel.php(67): count(Object(CodeIgniter\Database\MySQLi\Builder))
 2 APPPATH\Controllers\Dashboard\UserController.php(25): App\Models\UserModel->getGroupParent('vpddt')
 3 SYSTEMPATH\CodeIgniter.php(934): App\Controllers\Dashboard\UserController->index()
 4 SYSTEMPATH\CodeIgniter.php(499): CodeIgniter\CodeIgniter->runController(Object(App\Controllers\Dashboard\UserController))
 5 SYSTEMPATH\CodeIgniter.php(368): CodeIgniter\CodeIgniter->handleRequest(null, Object(Config\Cache), false)
 6 FCPATH\index.php(67): CodeIgniter\CodeIgniter->run()
 7 SYSTEMPATH\Commands\Server\rewrite.php(47): require_once('FCPATH\\index.php')
CRITICAL - 2023-04-06 09:43:26 --> count(): Argument #1 ($value) must be of type Countable|array, CodeIgniter\Database\MySQLi\Result given
in APPPATH\Views\dashboard\user.php on line 73.
 1 SYSTEMPATH\View\View.php(213): include()
 2 SYSTEMPATH\View\View.php(216): CodeIgniter\View\View->CodeIgniter\View\{closure}()
 3 SYSTEMPATH\Common.php(1184): CodeIgniter\View\View->render('dashboard/user', [], true)
 4 APPPATH\Controllers\BaseController.php(64): view('dashboard/user', [...])
 5 APPPATH\Controllers\Dashboard\UserController.php(26): App\Controllers\BaseController->page_construct('dashboard/user', [...], [...])
 6 SYSTEMPATH\CodeIgniter.php(934): App\Controllers\Dashboard\UserController->index()
 7 SYSTEMPATH\CodeIgniter.php(499): CodeIgniter\CodeIgniter->runController(Object(App\Controllers\Dashboard\UserController))
 8 SYSTEMPATH\CodeIgniter.php(368): CodeIgniter\CodeIgniter->handleRequest(null, Object(Config\Cache), false)
 9 FCPATH\index.php(67): CodeIgniter\CodeIgniter->run()
10 SYSTEMPATH\Commands\Server\rewrite.php(47): require_once('FCPATH\\index.php')
CRITICAL - 2023-04-06 09:45:44 --> Call to undefined method CodeIgniter\Database\MySQLi\Builder::find()
in APPPATH\Models\UserModel.php on line 73.
 1 APPPATH\Controllers\Dashboard\UserController.php(26): App\Models\UserModel->getGroupParent('vpddt')
 2 SYSTEMPATH\CodeIgniter.php(934): App\Controllers\Dashboard\UserController->index()
 3 SYSTEMPATH\CodeIgniter.php(499): CodeIgniter\CodeIgniter->runController(Object(App\Controllers\Dashboard\UserController))
 4 SYSTEMPATH\CodeIgniter.php(368): CodeIgniter\CodeIgniter->handleRequest(null, Object(Config\Cache), false)
 5 FCPATH\index.php(67): CodeIgniter\CodeIgniter->run()
 6 SYSTEMPATH\Commands\Server\rewrite.php(47): require_once('FCPATH\\index.php')
CRITICAL - 2023-04-06 14:41:08 --> Call to undefined method App\Models\UserModel::getUsers
in SYSTEMPATH\Model.php on line 842.
 1 APPPATH\Controllers\Dashboard\UserController.php(43): CodeIgniter\Model->__call('getUsers', [...])
 2 SYSTEMPATH\CodeIgniter.php(934): App\Controllers\Dashboard\UserController->user_ajax()
 3 SYSTEMPATH\CodeIgniter.php(499): CodeIgniter\CodeIgniter->runController(Object(App\Controllers\Dashboard\UserController))
 4 SYSTEMPATH\CodeIgniter.php(368): CodeIgniter\CodeIgniter->handleRequest(null, Object(Config\Cache), false)
 5 FCPATH\index.php(67): CodeIgniter\CodeIgniter->run()
 6 SYSTEMPATH\Commands\Server\rewrite.php(47): require_once('FCPATH\\index.php')
CRITICAL - 2023-04-06 14:41:54 --> Attempt to read property "allcount" on array
in APPPATH\Models\UserModel.php on line 99.
 1 APPPATH\Models\UserModel.php(99): CodeIgniter\Debug\Exceptions->errorHandler(2, 'Attempt to read property "allcount" on array', 'APPPATH\\Models\\UserModel.php', 99)
 2 APPPATH\Controllers\Dashboard\UserController.php(43): App\Models\UserModel->getUsers([...])
 3 SYSTEMPATH\CodeIgniter.php(934): App\Controllers\Dashboard\UserController->user_ajax()
 4 SYSTEMPATH\CodeIgniter.php(499): CodeIgniter\CodeIgniter->runController(Object(App\Controllers\Dashboard\UserController))
 5 SYSTEMPATH\CodeIgniter.php(368): CodeIgniter\CodeIgniter->handleRequest(null, Object(Config\Cache), false)
 6 FCPATH\index.php(67): CodeIgniter\CodeIgniter->run()
 7 SYSTEMPATH\Commands\Server\rewrite.php(47): require_once('FCPATH\\index.php')
CRITICAL - 2023-04-06 14:42:59 --> mysqli_result::fetch_object(): Argument #1 ($class) must be a valid class name, App\Models\UserEntity given
in SYSTEMPATH\Database\MySQLi\Result.php on line 152.
 1 SYSTEMPATH\Database\MySQLi\Result.php(152): mysqli_result->fetch_object('App\\Models\\UserEntity')
 2 SYSTEMPATH\Database\BaseResult.php(156): CodeIgniter\Database\MySQLi\Result->fetchObject('App\\Models\\UserEntity')
 3 SYSTEMPATH\Database\BaseResult.php(113): CodeIgniter\Database\BaseResult->getCustomResultObject('App\\Models\\UserEntity')
 4 SYSTEMPATH\Model.php(242): CodeIgniter\Database\BaseResult->getResult('App\\Models\\UserEntity')
 5 SYSTEMPATH\BaseModel.php(618): CodeIgniter\Model->doFindAll(0, 0)
 6 APPPATH\Models\UserModel.php(36): CodeIgniter\BaseModel->findAll()
 7 APPPATH\Controllers\Dashboard\UserController.php(24): App\Models\UserModel->list_users()
 8 SYSTEMPATH\CodeIgniter.php(934): App\Controllers\Dashboard\UserController->index()
 9 SYSTEMPATH\CodeIgniter.php(499): CodeIgniter\CodeIgniter->runController(Object(App\Controllers\Dashboard\UserController))
10 SYSTEMPATH\CodeIgniter.php(368): CodeIgniter\CodeIgniter->handleRequest(null, Object(Config\Cache), false)
11 FCPATH\index.php(67): CodeIgniter\CodeIgniter->run()
12 SYSTEMPATH\Commands\Server\rewrite.php(47): require_once('FCPATH\\index.php')
CRITICAL - 2023-04-06 14:43:46 --> mysqli_result::fetch_object(): Argument #1 ($class) must be a valid class name, App\Models\UserEntity given
in SYSTEMPATH\Database\MySQLi\Result.php on line 152.
 1 SYSTEMPATH\Database\MySQLi\Result.php(152): mysqli_result->fetch_object('App\\Models\\UserEntity')
 2 SYSTEMPATH\Database\BaseResult.php(156): CodeIgniter\Database\MySQLi\Result->fetchObject('App\\Models\\UserEntity')
 3 SYSTEMPATH\Database\BaseResult.php(113): CodeIgniter\Database\BaseResult->getCustomResultObject('App\\Models\\UserEntity')
 4 SYSTEMPATH\Model.php(242): CodeIgniter\Database\BaseResult->getResult('App\\Models\\UserEntity')
 5 SYSTEMPATH\BaseModel.php(618): CodeIgniter\Model->doFindAll(0, 0)
 6 APPPATH\Models\UserModel.php(37): CodeIgniter\BaseModel->findAll()
 7 APPPATH\Controllers\Dashboard\UserController.php(24): App\Models\UserModel->list_users()
 8 SYSTEMPATH\CodeIgniter.php(934): App\Controllers\Dashboard\UserController->index()
 9 SYSTEMPATH\CodeIgniter.php(499): CodeIgniter\CodeIgniter->runController(Object(App\Controllers\Dashboard\UserController))
10 SYSTEMPATH\CodeIgniter.php(368): CodeIgniter\CodeIgniter->handleRequest(null, Object(Config\Cache), false)
11 FCPATH\index.php(67): CodeIgniter\CodeIgniter->run()
12 SYSTEMPATH\Commands\Server\rewrite.php(47): require_once('FCPATH\\index.php')
CRITICAL - 2023-04-06 14:45:55 --> mysqli_result::fetch_object(): Argument #1 ($class) must be a valid class name, App\Models\UserEntity given
in SYSTEMPATH\Database\MySQLi\Result.php on line 152.
 1 SYSTEMPATH\Database\MySQLi\Result.php(152): mysqli_result->fetch_object('App\\Models\\UserEntity')
 2 SYSTEMPATH\Database\BaseResult.php(156): CodeIgniter\Database\MySQLi\Result->fetchObject('App\\Models\\UserEntity')
 3 SYSTEMPATH\Database\BaseResult.php(113): CodeIgniter\Database\BaseResult->getCustomResultObject('App\\Models\\UserEntity')
 4 SYSTEMPATH\Model.php(242): CodeIgniter\Database\BaseResult->getResult('App\\Models\\UserEntity')
 5 SYSTEMPATH\BaseModel.php(618): CodeIgniter\Model->doFindAll(0, 0)
 6 APPPATH\Models\UserModel.php(37): CodeIgniter\BaseModel->findAll()
 7 APPPATH\Controllers\Dashboard\UserController.php(24): App\Models\UserModel->list_users()
 8 SYSTEMPATH\CodeIgniter.php(934): App\Controllers\Dashboard\UserController->index()
 9 SYSTEMPATH\CodeIgniter.php(499): CodeIgniter\CodeIgniter->runController(Object(App\Controllers\Dashboard\UserController))
10 SYSTEMPATH\CodeIgniter.php(368): CodeIgniter\CodeIgniter->handleRequest(null, Object(Config\Cache), false)
11 FCPATH\index.php(67): CodeIgniter\CodeIgniter->run()
12 SYSTEMPATH\Commands\Server\rewrite.php(47): require_once('FCPATH\\index.php')
CRITICAL - 2023-04-06 14:45:57 --> mysqli_result::fetch_object(): Argument #1 ($class) must be a valid class name, App\Models\UserEntity given
in SYSTEMPATH\Database\MySQLi\Result.php on line 152.
 1 SYSTEMPATH\Database\MySQLi\Result.php(152): mysqli_result->fetch_object('App\\Models\\UserEntity')
 2 SYSTEMPATH\Database\BaseResult.php(156): CodeIgniter\Database\MySQLi\Result->fetchObject('App\\Models\\UserEntity')
 3 SYSTEMPATH\Database\BaseResult.php(113): CodeIgniter\Database\BaseResult->getCustomResultObject('App\\Models\\UserEntity')
 4 SYSTEMPATH\Model.php(242): CodeIgniter\Database\BaseResult->getResult('App\\Models\\UserEntity')
 5 SYSTEMPATH\BaseModel.php(618): CodeIgniter\Model->doFindAll(0, 0)
 6 APPPATH\Models\UserModel.php(37): CodeIgniter\BaseModel->findAll()
 7 APPPATH\Controllers\Dashboard\UserController.php(24): App\Models\UserModel->list_users()
 8 SYSTEMPATH\CodeIgniter.php(934): App\Controllers\Dashboard\UserController->index()
 9 SYSTEMPATH\CodeIgniter.php(499): CodeIgniter\CodeIgniter->runController(Object(App\Controllers\Dashboard\UserController))
10 SYSTEMPATH\CodeIgniter.php(368): CodeIgniter\CodeIgniter->handleRequest(null, Object(Config\Cache), false)
11 FCPATH\index.php(67): CodeIgniter\CodeIgniter->run()
12 SYSTEMPATH\Commands\Server\rewrite.php(47): require_once('FCPATH\\index.php')
CRITICAL - 2023-04-06 14:46:38 --> mysqli_result::fetch_object(): Argument #1 ($class) must be a valid class name, App\Models\UserEntity given
in SYSTEMPATH\Database\MySQLi\Result.php on line 152.
 1 SYSTEMPATH\Database\MySQLi\Result.php(152): mysqli_result->fetch_object('App\\Models\\UserEntity')
 2 SYSTEMPATH\Database\BaseResult.php(156): CodeIgniter\Database\MySQLi\Result->fetchObject('App\\Models\\UserEntity')
 3 SYSTEMPATH\Database\BaseResult.php(113): CodeIgniter\Database\BaseResult->getCustomResultObject('App\\Models\\UserEntity')
 4 SYSTEMPATH\Model.php(203): CodeIgniter\Database\BaseResult->getResult('App\\Models\\UserEntity')
 5 SYSTEMPATH\BaseModel.php(557): CodeIgniter\Model->doFind(false, null)
 6 APPPATH\Models\UserModel.php(99): CodeIgniter\BaseModel->find()
 7 APPPATH\Controllers\Dashboard\UserController.php(43): App\Models\UserModel->getUsers([...])
 8 SYSTEMPATH\CodeIgniter.php(934): App\Controllers\Dashboard\UserController->user_ajax()
 9 SYSTEMPATH\CodeIgniter.php(499): CodeIgniter\CodeIgniter->runController(Object(App\Controllers\Dashboard\UserController))
10 SYSTEMPATH\CodeIgniter.php(368): CodeIgniter\CodeIgniter->handleRequest(null, Object(Config\Cache), false)
11 FCPATH\index.php(67): CodeIgniter\CodeIgniter->run()
12 SYSTEMPATH\Commands\Server\rewrite.php(47): require_once('FCPATH\\index.php')
CRITICAL - 2023-04-06 14:46:59 --> mysqli_result::fetch_object(): Argument #1 ($class) must be a valid class name, App\Models\UserEntity given
in SYSTEMPATH\Database\MySQLi\Result.php on line 152.
 1 SYSTEMPATH\Database\MySQLi\Result.php(152): mysqli_result->fetch_object('App\\Models\\UserEntity')
 2 SYSTEMPATH\Database\BaseResult.php(156): CodeIgniter\Database\MySQLi\Result->fetchObject('App\\Models\\UserEntity')
 3 SYSTEMPATH\Database\BaseResult.php(113): CodeIgniter\Database\BaseResult->getCustomResultObject('App\\Models\\UserEntity')
 4 SYSTEMPATH\Model.php(203): CodeIgniter\Database\BaseResult->getResult('App\\Models\\UserEntity')
 5 SYSTEMPATH\BaseModel.php(557): CodeIgniter\Model->doFind(false, null)
 6 APPPATH\Models\UserModel.php(99): CodeIgniter\BaseModel->find()
 7 APPPATH\Controllers\Dashboard\UserController.php(43): App\Models\UserModel->getUsers([...])
 8 SYSTEMPATH\CodeIgniter.php(934): App\Controllers\Dashboard\UserController->user_ajax()
 9 SYSTEMPATH\CodeIgniter.php(499): CodeIgniter\CodeIgniter->runController(Object(App\Controllers\Dashboard\UserController))
10 SYSTEMPATH\CodeIgniter.php(368): CodeIgniter\CodeIgniter->handleRequest(null, Object(Config\Cache), false)
11 FCPATH\index.php(67): CodeIgniter\CodeIgniter->run()
12 SYSTEMPATH\Commands\Server\rewrite.php(47): require_once('FCPATH\\index.php')
CRITICAL - 2023-04-06 14:48:23 --> mysqli_result::fetch_object(): Argument #1 ($class) must be a valid class name, App\Models\UserEntity given
in SYSTEMPATH\Database\MySQLi\Result.php on line 152.
 1 SYSTEMPATH\Database\MySQLi\Result.php(152): mysqli_result->fetch_object('App\\Models\\UserEntity')
 2 SYSTEMPATH\Database\BaseResult.php(156): CodeIgniter\Database\MySQLi\Result->fetchObject('App\\Models\\UserEntity')
 3 SYSTEMPATH\Database\BaseResult.php(113): CodeIgniter\Database\BaseResult->getCustomResultObject('App\\Models\\UserEntity')
 4 SYSTEMPATH\Model.php(242): CodeIgniter\Database\BaseResult->getResult('App\\Models\\UserEntity')
 5 SYSTEMPATH\BaseModel.php(618): CodeIgniter\Model->doFindAll(0, 0)
 6 APPPATH\Models\UserModel.php(37): CodeIgniter\BaseModel->findAll()
 7 APPPATH\Controllers\Dashboard\UserController.php(24): App\Models\UserModel->list_users()
 8 SYSTEMPATH\CodeIgniter.php(934): App\Controllers\Dashboard\UserController->index()
 9 SYSTEMPATH\CodeIgniter.php(499): CodeIgniter\CodeIgniter->runController(Object(App\Controllers\Dashboard\UserController))
10 SYSTEMPATH\CodeIgniter.php(368): CodeIgniter\CodeIgniter->handleRequest(null, Object(Config\Cache), false)
11 FCPATH\index.php(67): CodeIgniter\CodeIgniter->run()
12 SYSTEMPATH\Commands\Server\rewrite.php(47): require_once('FCPATH\\index.php')
