ERROR - 2023-04-16 03:23:53 --> mysqli_sql_exception: Table 'qlbaocao.functions' doesn't exist in D:\Software\Xampp\htdocs\codeigniter4\system\Database\MySQLi\Connection.php:295
Stack trace:
#0 D:\Software\Xampp\htdocs\codeigniter4\system\Database\MySQLi\Connection.php(295): mysqli->query('SELECT count(*)...', 0)
#1 D:\Software\Xampp\htdocs\codeigniter4\system\Database\BaseConnection.php(691): CodeIgniter\Database\MySQLi\Connection->execute('SELECT count(*)...')
#2 D:\Software\Xampp\htdocs\codeigniter4\system\Database\BaseConnection.php(605): CodeIgniter\Database\BaseConnection->simpleQuery('SELECT count(*)...')
#3 D:\Software\Xampp\htdocs\codeigniter4\system\Database\BaseBuilder.php(1616): CodeIgniter\Database\BaseConnection->query('SELECT count(*)...', Array, false)
#4 D:\Software\Xampp\htdocs\codeigniter4\system\Model.php(203): CodeIgniter\Database\BaseBuilder->get()
#5 D:\Software\Xampp\htdocs\codeigniter4\system\BaseModel.php(557): CodeIgniter\Model->doFind(false, NULL)
#6 D:\Software\Xampp\htdocs\codeigniter4\app\Models\FunctionModel.php(83): CodeIgniter\BaseModel->find()
#7 D:\Software\Xampp\htdocs\codeigniter4\app\Controllers\Dashboard\FunctionController.php(24): App\Models\FunctionModel->getFunctions(Array)
#8 D:\Software\Xampp\htdocs\codeigniter4\system\CodeIgniter.php(934): App\Controllers\Dashboard\FunctionController->function_ajax()
#9 D:\Software\Xampp\htdocs\codeigniter4\system\CodeIgniter.php(499): CodeIgniter\CodeIgniter->runController(Object(App\Controllers\Dashboard\FunctionController))
#10 D:\Software\Xampp\htdocs\codeigniter4\system\CodeIgniter.php(368): CodeIgniter\CodeIgniter->handleRequest(NULL, Object(Config\Cache), false)
#11 D:\Software\Xampp\htdocs\codeigniter4\public\index.php(67): CodeIgniter\CodeIgniter->run()
#12 D:\Software\Xampp\htdocs\codeigniter4\system\Commands\Server\rewrite.php(47): require_once('D:\\Software\\Xam...')
#13 {main}
CRITICAL - 2023-04-16 03:23:53 --> Table 'qlbaocao.functions' doesn't exist
in SYSTEMPATH\Database\BaseConnection.php on line 645.
 1 SYSTEMPATH\Database\BaseBuilder.php(1616): CodeIgniter\Database\BaseConnection->query('SELECT count(*) as allcount
FROM `functions`', [], false)
 2 SYSTEMPATH\Model.php(203): CodeIgniter\Database\BaseBuilder->get()
 3 SYSTEMPATH\BaseModel.php(557): CodeIgniter\Model->doFind(false, null)
 4 APPPATH\Models\FunctionModel.php(83): CodeIgniter\BaseModel->find()
 5 APPPATH\Controllers\Dashboard\FunctionController.php(24): App\Models\FunctionModel->getFunctions([...])
 6 SYSTEMPATH\CodeIgniter.php(934): App\Controllers\Dashboard\FunctionController->function_ajax()
 7 SYSTEMPATH\CodeIgniter.php(499): CodeIgniter\CodeIgniter->runController(Object(App\Controllers\Dashboard\FunctionController))
 8 SYSTEMPATH\CodeIgniter.php(368): CodeIgniter\CodeIgniter->handleRequest(null, Object(Config\Cache), false)
 9 FCPATH\index.php(67): CodeIgniter\CodeIgniter->run()
10 SYSTEMPATH\Commands\Server\rewrite.php(47): require_once('FCPATH\\index.php')
ERROR - 2023-04-16 03:24:05 --> mysqli_sql_exception: Table 'qlbaocao.functions' doesn't exist in D:\Software\Xampp\htdocs\codeigniter4\system\Database\MySQLi\Connection.php:295
Stack trace:
#0 D:\Software\Xampp\htdocs\codeigniter4\system\Database\MySQLi\Connection.php(295): mysqli->query('SELECT count(*)...', 0)
#1 D:\Software\Xampp\htdocs\codeigniter4\system\Database\BaseConnection.php(691): CodeIgniter\Database\MySQLi\Connection->execute('SELECT count(*)...')
#2 D:\Software\Xampp\htdocs\codeigniter4\system\Database\BaseConnection.php(605): CodeIgniter\Database\BaseConnection->simpleQuery('SELECT count(*)...')
#3 D:\Software\Xampp\htdocs\codeigniter4\system\Database\BaseBuilder.php(1616): CodeIgniter\Database\BaseConnection->query('SELECT count(*)...', Array, false)
#4 D:\Software\Xampp\htdocs\codeigniter4\system\Model.php(203): CodeIgniter\Database\BaseBuilder->get()
#5 D:\Software\Xampp\htdocs\codeigniter4\system\BaseModel.php(557): CodeIgniter\Model->doFind(false, NULL)
#6 D:\Software\Xampp\htdocs\codeigniter4\app\Models\FunctionModel.php(83): CodeIgniter\BaseModel->find()
#7 D:\Software\Xampp\htdocs\codeigniter4\app\Controllers\Dashboard\FunctionController.php(24): App\Models\FunctionModel->getFunctions(Array)
#8 D:\Software\Xampp\htdocs\codeigniter4\system\CodeIgniter.php(934): App\Controllers\Dashboard\FunctionController->function_ajax()
#9 D:\Software\Xampp\htdocs\codeigniter4\system\CodeIgniter.php(499): CodeIgniter\CodeIgniter->runController(Object(App\Controllers\Dashboard\FunctionController))
#10 D:\Software\Xampp\htdocs\codeigniter4\system\CodeIgniter.php(368): CodeIgniter\CodeIgniter->handleRequest(NULL, Object(Config\Cache), false)
#11 D:\Software\Xampp\htdocs\codeigniter4\public\index.php(67): CodeIgniter\CodeIgniter->run()
#12 D:\Software\Xampp\htdocs\codeigniter4\system\Commands\Server\rewrite.php(47): require_once('D:\\Software\\Xam...')
#13 {main}
CRITICAL - 2023-04-16 03:24:05 --> Table 'qlbaocao.functions' doesn't exist
in SYSTEMPATH\Database\BaseConnection.php on line 645.
 1 SYSTEMPATH\Database\BaseBuilder.php(1616): CodeIgniter\Database\BaseConnection->query('SELECT count(*) as allcount
FROM `functions`', [], false)
 2 SYSTEMPATH\Model.php(203): CodeIgniter\Database\BaseBuilder->get()
 3 SYSTEMPATH\BaseModel.php(557): CodeIgniter\Model->doFind(false, null)
 4 APPPATH\Models\FunctionModel.php(83): CodeIgniter\BaseModel->find()
 5 APPPATH\Controllers\Dashboard\FunctionController.php(24): App\Models\FunctionModel->getFunctions([...])
 6 SYSTEMPATH\CodeIgniter.php(934): App\Controllers\Dashboard\FunctionController->function_ajax()
 7 SYSTEMPATH\CodeIgniter.php(499): CodeIgniter\CodeIgniter->runController(Object(App\Controllers\Dashboard\FunctionController))
 8 SYSTEMPATH\CodeIgniter.php(368): CodeIgniter\CodeIgniter->handleRequest(null, Object(Config\Cache), false)
 9 FCPATH\index.php(67): CodeIgniter\CodeIgniter->run()
10 SYSTEMPATH\Commands\Server\rewrite.php(47): require_once('FCPATH\\index.php')
CRITICAL - 2023-04-16 15:22:06 --> Undefined variable $listUserFunction
in APPPATH\Views\dashboard\user_function_view.php on line 32.
 1 APPPATH\Views\dashboard\user_function_view.php(32): CodeIgniter\Debug\Exceptions->errorHandler(2, 'Undefined variable $listUserFunction', 'APPPATH\\Views\\dashboard\\user_function_view.php', 32)
 2 SYSTEMPATH\View\View.php(213): include('APPPATH\\Views\\dashboard\\user_function_view.php')
 3 SYSTEMPATH\View\View.php(216): CodeIgniter\View\View->CodeIgniter\View\{closure}()
 4 SYSTEMPATH\Common.php(1184): CodeIgniter\View\View->render('dashboard/user_function_view', [], true)
 5 APPPATH\Controllers\BaseController.php(65): view('dashboard/user_function_view', [...])
 6 APPPATH\Controllers\Dashboard\UserFunctionController.php(24): App\Controllers\BaseController->page_construct('dashboard/user_function_view', [...], [...])
 7 SYSTEMPATH\CodeIgniter.php(934): App\Controllers\Dashboard\UserFunctionController->index()
 8 SYSTEMPATH\CodeIgniter.php(499): CodeIgniter\CodeIgniter->runController(Object(App\Controllers\Dashboard\UserFunctionController))
 9 SYSTEMPATH\CodeIgniter.php(368): CodeIgniter\CodeIgniter->handleRequest(null, Object(Config\Cache), false)
10 FCPATH\index.php(67): CodeIgniter\CodeIgniter->run()
11 SYSTEMPATH\Commands\Server\rewrite.php(47): require_once('FCPATH\\index.php')
