ERROR - 2023-05-12 02:36:35 --> mysqli_sql_exception: You have an error in your SQL syntax; check the manual that corresponds to your MariaDB server version for the right syntax to use near '','vpddbd','vpddbdp','vpddbgm','vpddbl','vpddct','vpdddp','vpdddx','vpddhq','...' at line 11 in D:\Xampp\htdocs\Codeigniter4\system\Database\MySQLi\Connection.php:295
Stack trace:
#0 D:\Xampp\htdocs\Codeigniter4\system\Database\MySQLi\Connection.php(295): mysqli->query('SELECT *,IF(val...', 0)
#1 D:\Xampp\htdocs\Codeigniter4\system\Database\BaseConnection.php(691): CodeIgniter\Database\MySQLi\Connection->execute('SELECT *,IF(val...')
#2 D:\Xampp\htdocs\Codeigniter4\system\Database\BaseConnection.php(605): CodeIgniter\Database\BaseConnection->simpleQuery('SELECT *,IF(val...')
#3 D:\Xampp\htdocs\Codeigniter4\app\Models\ReportGroupModel.php(114): CodeIgniter\Database\BaseConnection->query('SELECT *,IF(val...', Array)
#4 D:\Xampp\htdocs\Codeigniter4\app\Controllers\Dashboard\ReportGroupController.php(41): App\Models\ReportGroupModel->getListReportGroupPrint(Array)
#5 D:\Xampp\htdocs\Codeigniter4\system\CodeIgniter.php(934): App\Controllers\Dashboard\ReportGroupController->data_report_group_print()
#6 D:\Xampp\htdocs\Codeigniter4\system\CodeIgniter.php(499): CodeIgniter\CodeIgniter->runController(Object(App\Controllers\Dashboard\ReportGroupController))
#7 D:\Xampp\htdocs\Codeigniter4\system\CodeIgniter.php(368): CodeIgniter\CodeIgniter->handleRequest(NULL, Object(Config\Cache), false)
#8 D:\Xampp\htdocs\Codeigniter4\public\index.php(67): CodeIgniter\CodeIgniter->run()
#9 D:\Xampp\htdocs\Codeigniter4\system\Commands\Server\rewrite.php(47): require_once('D:\\Xampp\\htdocs...')
#10 {main}
CRITICAL - 2023-05-12 02:36:35 --> You have an error in your SQL syntax; check the manual that corresponds to your MariaDB server version for the right syntax to use near '','vpddbd','vpddbdp','vpddbgm','vpddbl','vpddct','vpdddp','vpdddx','vpddhq','...' at line 11
in SYSTEMPATH\Database\BaseConnection.php on line 645.
 1 APPPATH\Models\ReportGroupModel.php(114): CodeIgniter\Database\BaseConnection->query('SELECT *,IF(value2_1>0,ROUND(value2_2/value2_1*100,2),0) as value2_per,
                IF(value3_1>0,ROUND(value3_2/value3_1*100,2),0) as value3_per
                FROM (SELECT report_name.row_id,row_number,row_name,row_parent, 
                                value1_1, value1_2, value1_3, value1_total, value2_total,
                                value2_1, value2_2, value3_total, value3_1, value3_2
                            FROM (SELECT row_id, SUM(value1_1) as value1_1, SUM(value1_2) as value1_2,
                                  SUM(value1_3) as value1_3, SUM(value1_total) as value1_total,
                                  SUM(value2_total) as value2_total, SUM(value2_1) as value2_1,
                                  SUM(value2_2) as value2_2, SUM(value3_total) as value3_total,
                                  SUM(value3_1) as value3_1, SUM(value3_2) as value3_2
                                  FROM report_group WHERE (report_month in (5)) AND report_year = ? AND (group_id in (vpddt\',\'vpddbd\',\'vpddbdp\',\'vpddbgm\',\'vpddbl\',\'vpddct\',\'vpdddp\',\'vpdddx\',\'vpddhq\',\'vpddln\',\'vpddpl\',\'vpddpr))
                                 GROUP BY row_id) AS RG 
                        RIGHT JOIN report_name ON report_name.row_id = RG.row_id) AS GRN ORDER BY row_number', [...])
 2 APPPATH\Controllers\Dashboard\ReportGroupController.php(41): App\Models\ReportGroupModel->getListReportGroupPrint([...])
 3 SYSTEMPATH\CodeIgniter.php(934): App\Controllers\Dashboard\ReportGroupController->data_report_group_print()
 4 SYSTEMPATH\CodeIgniter.php(499): CodeIgniter\CodeIgniter->runController(Object(App\Controllers\Dashboard\ReportGroupController))
 5 SYSTEMPATH\CodeIgniter.php(368): CodeIgniter\CodeIgniter->handleRequest(null, Object(Config\Cache), false)
 6 FCPATH\index.php(67): CodeIgniter\CodeIgniter->run()
 7 SYSTEMPATH\Commands\Server\rewrite.php(47): require_once('FCPATH\\index.php')
ERROR - 2023-05-12 02:46:05 --> mysqli_sql_exception: You have an error in your SQL syntax; check the manual that corresponds to your MariaDB server version for the right syntax to use near '','vpddbd','vpddbdp','vpddbgm','vpddbl','vpddct','vpdddp','vpdddx','vpddhq','...' at line 11 in D:\Xampp\htdocs\Codeigniter4\system\Database\MySQLi\Connection.php:295
Stack trace:
#0 D:\Xampp\htdocs\Codeigniter4\system\Database\MySQLi\Connection.php(295): mysqli->query('SELECT *,IF(val...', 0)
#1 D:\Xampp\htdocs\Codeigniter4\system\Database\BaseConnection.php(691): CodeIgniter\Database\MySQLi\Connection->execute('SELECT *,IF(val...')
#2 D:\Xampp\htdocs\Codeigniter4\system\Database\BaseConnection.php(605): CodeIgniter\Database\BaseConnection->simpleQuery('SELECT *,IF(val...')
#3 D:\Xampp\htdocs\Codeigniter4\app\Models\ReportGroupModel.php(114): CodeIgniter\Database\BaseConnection->query('SELECT *,IF(val...', Array)
#4 D:\Xampp\htdocs\Codeigniter4\app\Controllers\Dashboard\ReportGroupController.php(41): App\Models\ReportGroupModel->getListReportGroupPrint(Array)
#5 D:\Xampp\htdocs\Codeigniter4\system\CodeIgniter.php(934): App\Controllers\Dashboard\ReportGroupController->data_report_group_print()
#6 D:\Xampp\htdocs\Codeigniter4\system\CodeIgniter.php(499): CodeIgniter\CodeIgniter->runController(Object(App\Controllers\Dashboard\ReportGroupController))
#7 D:\Xampp\htdocs\Codeigniter4\system\CodeIgniter.php(368): CodeIgniter\CodeIgniter->handleRequest(NULL, Object(Config\Cache), false)
#8 D:\Xampp\htdocs\Codeigniter4\public\index.php(67): CodeIgniter\CodeIgniter->run()
#9 D:\Xampp\htdocs\Codeigniter4\system\Commands\Server\rewrite.php(47): require_once('D:\\Xampp\\htdocs...')
#10 {main}
CRITICAL - 2023-05-12 02:46:05 --> You have an error in your SQL syntax; check the manual that corresponds to your MariaDB server version for the right syntax to use near '','vpddbd','vpddbdp','vpddbgm','vpddbl','vpddct','vpdddp','vpdddx','vpddhq','...' at line 11
in SYSTEMPATH\Database\BaseConnection.php on line 645.
 1 APPPATH\Models\ReportGroupModel.php(114): CodeIgniter\Database\BaseConnection->query('SELECT *,IF(value2_1>0,ROUND(value2_2/value2_1*100,2),0) as value2_per,
                IF(value3_1>0,ROUND(value3_2/value3_1*100,2),0) as value3_per
                FROM (SELECT report_name.row_id,row_number,row_name,row_parent, 
                                value1_1, value1_2, value1_3, value1_total, value2_total,
                                value2_1, value2_2, value3_total, value3_1, value3_2
                            FROM (SELECT row_id, SUM(value1_1) as value1_1, SUM(value1_2) as value1_2,
                                  SUM(value1_3) as value1_3, SUM(value1_total) as value1_total,
                                  SUM(value2_total) as value2_total, SUM(value2_1) as value2_1,
                                  SUM(value2_2) as value2_2, SUM(value3_total) as value3_total,
                                  SUM(value3_1) as value3_1, SUM(value3_2) as value3_2
                                  FROM report_group WHERE (report_month in (5)) AND report_year = ? AND (group_id in (vpddt\',\'vpddbd\',\'vpddbdp\',\'vpddbgm\',\'vpddbl\',\'vpddct\',\'vpdddp\',\'vpdddx\',\'vpddhq\',\'vpddln\',\'vpddpl\',\'vpddpr))
                                 GROUP BY row_id) AS RG 
                        RIGHT JOIN report_name ON report_name.row_id = RG.row_id) AS GRN ORDER BY row_number', [...])
 2 APPPATH\Controllers\Dashboard\ReportGroupController.php(41): App\Models\ReportGroupModel->getListReportGroupPrint([...])
 3 SYSTEMPATH\CodeIgniter.php(934): App\Controllers\Dashboard\ReportGroupController->data_report_group_print()
 4 SYSTEMPATH\CodeIgniter.php(499): CodeIgniter\CodeIgniter->runController(Object(App\Controllers\Dashboard\ReportGroupController))
 5 SYSTEMPATH\CodeIgniter.php(368): CodeIgniter\CodeIgniter->handleRequest(null, Object(Config\Cache), false)
 6 FCPATH\index.php(67): CodeIgniter\CodeIgniter->run()
 7 SYSTEMPATH\Commands\Server\rewrite.php(47): require_once('FCPATH\\index.php')
ERROR - 2023-05-12 02:56:58 --> mysqli_sql_exception: Unknown column 'vpdddx' in 'where clause' in D:\Xampp\htdocs\Codeigniter4\system\Database\MySQLi\Connection.php:295
Stack trace:
#0 D:\Xampp\htdocs\Codeigniter4\system\Database\MySQLi\Connection.php(295): mysqli->query('SELECT *,IF(val...', 0)
#1 D:\Xampp\htdocs\Codeigniter4\system\Database\BaseConnection.php(691): CodeIgniter\Database\MySQLi\Connection->execute('SELECT *,IF(val...')
#2 D:\Xampp\htdocs\Codeigniter4\system\Database\BaseConnection.php(605): CodeIgniter\Database\BaseConnection->simpleQuery('SELECT *,IF(val...')
#3 D:\Xampp\htdocs\Codeigniter4\app\Models\ReportGroupModel.php(114): CodeIgniter\Database\BaseConnection->query('SELECT *,IF(val...')
#4 D:\Xampp\htdocs\Codeigniter4\app\Controllers\Dashboard\ReportGroupController.php(41): App\Models\ReportGroupModel->getListReportGroupPrint(Array)
#5 D:\Xampp\htdocs\Codeigniter4\system\CodeIgniter.php(934): App\Controllers\Dashboard\ReportGroupController->data_report_group_print()
#6 D:\Xampp\htdocs\Codeigniter4\system\CodeIgniter.php(499): CodeIgniter\CodeIgniter->runController(Object(App\Controllers\Dashboard\ReportGroupController))
#7 D:\Xampp\htdocs\Codeigniter4\system\CodeIgniter.php(368): CodeIgniter\CodeIgniter->handleRequest(NULL, Object(Config\Cache), false)
#8 D:\Xampp\htdocs\Codeigniter4\public\index.php(67): CodeIgniter\CodeIgniter->run()
#9 D:\Xampp\htdocs\Codeigniter4\system\Commands\Server\rewrite.php(47): require_once('D:\\Xampp\\htdocs...')
#10 {main}
CRITICAL - 2023-05-12 02:56:58 --> Unknown column 'vpdddx' in 'where clause'
in SYSTEMPATH\Database\BaseConnection.php on line 645.
 1 APPPATH\Models\ReportGroupModel.php(114): CodeIgniter\Database\BaseConnection->query('SELECT *,IF(value2_1>0,ROUND(value2_2/value2_1*100,2),0) as value2_per,
                IF(value3_1>0,ROUND(value3_2/value3_1*100,2),0) as value3_per
                FROM (SELECT report_name.row_id,row_number,row_name,row_parent, 
                                value1_1, value1_2, value1_3, value1_total, value2_total,
                                value2_1, value2_2, value3_total, value3_1, value3_2
                            FROM (SELECT row_id, SUM(value1_1) as value1_1, SUM(value1_2) as value1_2,
                                  SUM(value1_3) as value1_3, SUM(value1_total) as value1_total,
                                  SUM(value2_total) as value2_total, SUM(value2_1) as value2_1,
                                  SUM(value2_2) as value2_2, SUM(value3_total) as value3_total,
                                  SUM(value3_1) as value3_1, SUM(value3_2) as value3_2
                                  FROM report_group WHERE (report_month in (5)) AND report_year = 2023 AND (group_id = vpdddx)
                                 GROUP BY row_id) AS RG 
                        RIGHT JOIN report_name ON report_name.row_id = RG.row_id) AS GRN ORDER BY row_number')
 2 APPPATH\Controllers\Dashboard\ReportGroupController.php(41): App\Models\ReportGroupModel->getListReportGroupPrint([...])
 3 SYSTEMPATH\CodeIgniter.php(934): App\Controllers\Dashboard\ReportGroupController->data_report_group_print()
 4 SYSTEMPATH\CodeIgniter.php(499): CodeIgniter\CodeIgniter->runController(Object(App\Controllers\Dashboard\ReportGroupController))
 5 SYSTEMPATH\CodeIgniter.php(368): CodeIgniter\CodeIgniter->handleRequest(null, Object(Config\Cache), false)
 6 FCPATH\index.php(67): CodeIgniter\CodeIgniter->run()
 7 SYSTEMPATH\Commands\Server\rewrite.php(47): require_once('FCPATH\\index.php')
CRITICAL - 2023-05-12 02:57:02 --> mysqli::query(): Argument #1 ($query) cannot be empty
in SYSTEMPATH\Database\MySQLi\Connection.php on line 295.
 1 SYSTEMPATH\Database\MySQLi\Connection.php(295): mysqli->query('ROOTPATH\\public', 0)
 2 SYSTEMPATH\Database\BaseConnection.php(691): CodeIgniter\Database\MySQLi\Connection->execute('ROOTPATH\\public')
 3 SYSTEMPATH\Database\BaseConnection.php(605): CodeIgniter\Database\BaseConnection->simpleQuery('ROOTPATH\\public')
 4 APPPATH\Models\ReportGroupModel.php(114): CodeIgniter\Database\BaseConnection->query('ROOTPATH\\public')
 5 APPPATH\Controllers\Dashboard\ReportGroupController.php(41): App\Models\ReportGroupModel->getListReportGroupPrint([...])
 6 SYSTEMPATH\CodeIgniter.php(934): App\Controllers\Dashboard\ReportGroupController->data_report_group_print()
 7 SYSTEMPATH\CodeIgniter.php(499): CodeIgniter\CodeIgniter->runController(Object(App\Controllers\Dashboard\ReportGroupController))
 8 SYSTEMPATH\CodeIgniter.php(368): CodeIgniter\CodeIgniter->handleRequest(null, Object(Config\Cache), false)
 9 FCPATH\index.php(67): CodeIgniter\CodeIgniter->run()
10 SYSTEMPATH\Commands\Server\rewrite.php(47): require_once('FCPATH\\index.php')
CRITICAL - 2023-05-12 02:58:19 --> mysqli::query(): Argument #1 ($query) cannot be empty
in SYSTEMPATH\Database\MySQLi\Connection.php on line 295.
 1 SYSTEMPATH\Database\MySQLi\Connection.php(295): mysqli->query('ROOTPATH\\public', 0)
 2 SYSTEMPATH\Database\BaseConnection.php(691): CodeIgniter\Database\MySQLi\Connection->execute('ROOTPATH\\public')
 3 SYSTEMPATH\Database\BaseConnection.php(605): CodeIgniter\Database\BaseConnection->simpleQuery('ROOTPATH\\public')
 4 APPPATH\Models\ReportGroupModel.php(112): CodeIgniter\Database\BaseConnection->query('ROOTPATH\\public')
 5 APPPATH\Controllers\Dashboard\ReportGroupController.php(41): App\Models\ReportGroupModel->getListReportGroupPrint([...])
 6 SYSTEMPATH\CodeIgniter.php(934): App\Controllers\Dashboard\ReportGroupController->data_report_group_print()
 7 SYSTEMPATH\CodeIgniter.php(499): CodeIgniter\CodeIgniter->runController(Object(App\Controllers\Dashboard\ReportGroupController))
 8 SYSTEMPATH\CodeIgniter.php(368): CodeIgniter\CodeIgniter->handleRequest(null, Object(Config\Cache), false)
 9 FCPATH\index.php(67): CodeIgniter\CodeIgniter->run()
10 SYSTEMPATH\Commands\Server\rewrite.php(47): require_once('FCPATH\\index.php')
CRITICAL - 2023-05-12 02:58:26 --> mysqli::query(): Argument #1 ($query) cannot be empty
in SYSTEMPATH\Database\MySQLi\Connection.php on line 295.
 1 SYSTEMPATH\Database\MySQLi\Connection.php(295): mysqli->query('ROOTPATH\\public', 0)
 2 SYSTEMPATH\Database\BaseConnection.php(691): CodeIgniter\Database\MySQLi\Connection->execute('ROOTPATH\\public')
 3 SYSTEMPATH\Database\BaseConnection.php(605): CodeIgniter\Database\BaseConnection->simpleQuery('ROOTPATH\\public')
 4 APPPATH\Models\ReportGroupModel.php(112): CodeIgniter\Database\BaseConnection->query('ROOTPATH\\public')
 5 APPPATH\Controllers\Dashboard\ReportGroupController.php(41): App\Models\ReportGroupModel->getListReportGroupPrint([...])
 6 SYSTEMPATH\CodeIgniter.php(934): App\Controllers\Dashboard\ReportGroupController->data_report_group_print()
 7 SYSTEMPATH\CodeIgniter.php(499): CodeIgniter\CodeIgniter->runController(Object(App\Controllers\Dashboard\ReportGroupController))
 8 SYSTEMPATH\CodeIgniter.php(368): CodeIgniter\CodeIgniter->handleRequest(null, Object(Config\Cache), false)
 9 FCPATH\index.php(67): CodeIgniter\CodeIgniter->run()
10 SYSTEMPATH\Commands\Server\rewrite.php(47): require_once('FCPATH\\index.php')
CRITICAL - 2023-05-12 03:44:03 --> mysqli::query(): Argument #1 ($query) cannot be empty
in SYSTEMPATH\Database\MySQLi\Connection.php on line 295.
 1 SYSTEMPATH\Database\MySQLi\Connection.php(295): mysqli->query('ROOTPATH\\public', 0)
 2 SYSTEMPATH\Database\BaseConnection.php(691): CodeIgniter\Database\MySQLi\Connection->execute('ROOTPATH\\public')
 3 SYSTEMPATH\Database\BaseConnection.php(605): CodeIgniter\Database\BaseConnection->simpleQuery('ROOTPATH\\public')
 4 APPPATH\Models\ReportGroupModel.php(112): CodeIgniter\Database\BaseConnection->query('ROOTPATH\\public')
 5 APPPATH\Controllers\Dashboard\ReportGroupController.php(41): App\Models\ReportGroupModel->getListReportGroupPrint([...])
 6 SYSTEMPATH\CodeIgniter.php(934): App\Controllers\Dashboard\ReportGroupController->data_report_group_print()
 7 SYSTEMPATH\CodeIgniter.php(499): CodeIgniter\CodeIgniter->runController(Object(App\Controllers\Dashboard\ReportGroupController))
 8 SYSTEMPATH\CodeIgniter.php(368): CodeIgniter\CodeIgniter->handleRequest(null, Object(Config\Cache), false)
 9 FCPATH\index.php(67): CodeIgniter\CodeIgniter->run()
10 SYSTEMPATH\Commands\Server\rewrite.php(47): require_once('FCPATH\\index.php')
CRITICAL - 2023-05-12 03:50:54 --> Undefined variable $result
in APPPATH\Models\ReportGroupModel.php on line 116.
 1 APPPATH\Models\ReportGroupModel.php(116): CodeIgniter\Debug\Exceptions->errorHandler(2, 'Undefined variable $result', 'APPPATH\\Models\\ReportGroupModel.php', 116)
 2 APPPATH\Controllers\Dashboard\ReportGroupController.php(41): App\Models\ReportGroupModel->getListReportGroupPrint([...])
 3 SYSTEMPATH\CodeIgniter.php(934): App\Controllers\Dashboard\ReportGroupController->data_report_group_print()
 4 SYSTEMPATH\CodeIgniter.php(499): CodeIgniter\CodeIgniter->runController(Object(App\Controllers\Dashboard\ReportGroupController))
 5 SYSTEMPATH\CodeIgniter.php(368): CodeIgniter\CodeIgniter->handleRequest(null, Object(Config\Cache), false)
 6 FCPATH\index.php(67): CodeIgniter\CodeIgniter->run()
 7 SYSTEMPATH\Commands\Server\rewrite.php(47): require_once('FCPATH\\index.php')
CRITICAL - 2023-05-12 04:16:22 --> Undefined variable $result
in APPPATH\Models\ReportGroupModel.php on line 116.
 1 APPPATH\Models\ReportGroupModel.php(116): CodeIgniter\Debug\Exceptions->errorHandler(2, 'Undefined variable $result', 'APPPATH\\Models\\ReportGroupModel.php', 116)
 2 APPPATH\Controllers\Dashboard\ReportGroupController.php(41): App\Models\ReportGroupModel->getListReportGroupPrint([...])
 3 SYSTEMPATH\CodeIgniter.php(934): App\Controllers\Dashboard\ReportGroupController->data_report_group_print()
 4 SYSTEMPATH\CodeIgniter.php(499): CodeIgniter\CodeIgniter->runController(Object(App\Controllers\Dashboard\ReportGroupController))
 5 SYSTEMPATH\CodeIgniter.php(368): CodeIgniter\CodeIgniter->handleRequest(null, Object(Config\Cache), false)
 6 FCPATH\index.php(67): CodeIgniter\CodeIgniter->run()
 7 SYSTEMPATH\Commands\Server\rewrite.php(47): require_once('FCPATH\\index.php')
CRITICAL - 2023-05-12 04:16:31 --> Undefined variable $result
in APPPATH\Models\ReportGroupModel.php on line 116.
 1 APPPATH\Models\ReportGroupModel.php(116): CodeIgniter\Debug\Exceptions->errorHandler(2, 'Undefined variable $result', 'APPPATH\\Models\\ReportGroupModel.php', 116)
 2 APPPATH\Controllers\Dashboard\ReportGroupController.php(41): App\Models\ReportGroupModel->getListReportGroupPrint([...])
 3 SYSTEMPATH\CodeIgniter.php(934): App\Controllers\Dashboard\ReportGroupController->data_report_group_print()
 4 SYSTEMPATH\CodeIgniter.php(499): CodeIgniter\CodeIgniter->runController(Object(App\Controllers\Dashboard\ReportGroupController))
 5 SYSTEMPATH\CodeIgniter.php(368): CodeIgniter\CodeIgniter->handleRequest(null, Object(Config\Cache), false)
 6 FCPATH\index.php(67): CodeIgniter\CodeIgniter->run()
 7 SYSTEMPATH\Commands\Server\rewrite.php(47): require_once('FCPATH\\index.php')
CRITICAL - 2023-05-12 04:19:04 --> Undefined variable $result
in APPPATH\Models\ReportGroupModel.php on line 116.
 1 APPPATH\Models\ReportGroupModel.php(116): CodeIgniter\Debug\Exceptions->errorHandler(2, 'Undefined variable $result', 'APPPATH\\Models\\ReportGroupModel.php', 116)
 2 APPPATH\Controllers\Dashboard\ReportGroupController.php(41): App\Models\ReportGroupModel->getListReportGroupPrint([...])
 3 SYSTEMPATH\CodeIgniter.php(934): App\Controllers\Dashboard\ReportGroupController->data_report_group_print()
 4 SYSTEMPATH\CodeIgniter.php(499): CodeIgniter\CodeIgniter->runController(Object(App\Controllers\Dashboard\ReportGroupController))
 5 SYSTEMPATH\CodeIgniter.php(368): CodeIgniter\CodeIgniter->handleRequest(null, Object(Config\Cache), false)
 6 FCPATH\index.php(67): CodeIgniter\CodeIgniter->run()
 7 SYSTEMPATH\Commands\Server\rewrite.php(47): require_once('FCPATH\\index.php')
CRITICAL - 2023-05-12 04:19:20 --> Undefined variable $result
in APPPATH\Models\ReportGroupModel.php on line 116.
 1 APPPATH\Models\ReportGroupModel.php(116): CodeIgniter\Debug\Exceptions->errorHandler(2, 'Undefined variable $result', 'APPPATH\\Models\\ReportGroupModel.php', 116)
 2 APPPATH\Controllers\Dashboard\ReportGroupController.php(41): App\Models\ReportGroupModel->getListReportGroupPrint([...])
 3 SYSTEMPATH\CodeIgniter.php(934): App\Controllers\Dashboard\ReportGroupController->data_report_group_print()
 4 SYSTEMPATH\CodeIgniter.php(499): CodeIgniter\CodeIgniter->runController(Object(App\Controllers\Dashboard\ReportGroupController))
 5 SYSTEMPATH\CodeIgniter.php(368): CodeIgniter\CodeIgniter->handleRequest(null, Object(Config\Cache), false)
 6 FCPATH\index.php(67): CodeIgniter\CodeIgniter->run()
 7 SYSTEMPATH\Commands\Server\rewrite.php(47): require_once('FCPATH\\index.php')
CRITICAL - 2023-05-12 06:57:26 --> Undefined variable $result
in APPPATH\Models\ReportGroupModel.php on line 116.
 1 APPPATH\Models\ReportGroupModel.php(116): CodeIgniter\Debug\Exceptions->errorHandler(2, 'Undefined variable $result', 'APPPATH\\Models\\ReportGroupModel.php', 116)
 2 APPPATH\Controllers\Dashboard\ReportGroupController.php(41): App\Models\ReportGroupModel->getListReportGroupPrint([...])
 3 SYSTEMPATH\CodeIgniter.php(934): App\Controllers\Dashboard\ReportGroupController->data_report_group_print()
 4 SYSTEMPATH\CodeIgniter.php(499): CodeIgniter\CodeIgniter->runController(Object(App\Controllers\Dashboard\ReportGroupController))
 5 SYSTEMPATH\CodeIgniter.php(368): CodeIgniter\CodeIgniter->handleRequest(null, Object(Config\Cache), false)
 6 FCPATH\index.php(67): CodeIgniter\CodeIgniter->run()
 7 SYSTEMPATH\Commands\Server\rewrite.php(47): require_once('FCPATH\\index.php')
CRITICAL - 2023-05-12 07:57:32 --> Undefined property: stdClass::$row_parent
in APPPATH\Models\ReportGroupModel.php on line 116.
 1 APPPATH\Models\ReportGroupModel.php(116): CodeIgniter\Debug\Exceptions->errorHandler(2, 'Undefined property: stdClass::$row_parent', 'APPPATH\\Models\\ReportGroupModel.php', 116)
 2 APPPATH\Controllers\Dashboard\ReportGroupController.php(41): App\Models\ReportGroupModel->getListReportGroupPrint([...])
 3 SYSTEMPATH\CodeIgniter.php(934): App\Controllers\Dashboard\ReportGroupController->data_report_group_print()
 4 SYSTEMPATH\CodeIgniter.php(499): CodeIgniter\CodeIgniter->runController(Object(App\Controllers\Dashboard\ReportGroupController))
 5 SYSTEMPATH\CodeIgniter.php(368): CodeIgniter\CodeIgniter->handleRequest(null, Object(Config\Cache), false)
 6 FCPATH\index.php(67): CodeIgniter\CodeIgniter->run()
 7 SYSTEMPATH\Commands\Server\rewrite.php(47): require_once('FCPATH\\index.php')
CRITICAL - 2023-05-12 08:06:38 --> Undefined property: stdClass::$row_parent
in APPPATH\Models\ReportGroupModel.php on line 116.
 1 APPPATH\Models\ReportGroupModel.php(116): CodeIgniter\Debug\Exceptions->errorHandler(2, 'Undefined property: stdClass::$row_parent', 'APPPATH\\Models\\ReportGroupModel.php', 116)
 2 APPPATH\Controllers\Dashboard\ReportGroupController.php(41): App\Models\ReportGroupModel->getListReportGroupPrint([...])
 3 SYSTEMPATH\CodeIgniter.php(934): App\Controllers\Dashboard\ReportGroupController->data_report_group_print()
 4 SYSTEMPATH\CodeIgniter.php(499): CodeIgniter\CodeIgniter->runController(Object(App\Controllers\Dashboard\ReportGroupController))
 5 SYSTEMPATH\CodeIgniter.php(368): CodeIgniter\CodeIgniter->handleRequest(null, Object(Config\Cache), false)
 6 FCPATH\index.php(67): CodeIgniter\CodeIgniter->run()
 7 SYSTEMPATH\Commands\Server\rewrite.php(47): require_once('FCPATH\\index.php')
CRITICAL - 2023-05-12 08:44:08 --> Unsupported operand types: string + string
in APPPATH\Models\ReportGroupModel.php on line 134.
 1 APPPATH\Controllers\Dashboard\ReportGroupController.php(41): App\Models\ReportGroupModel->getListReportGroupPrint([...])
 2 SYSTEMPATH\CodeIgniter.php(934): App\Controllers\Dashboard\ReportGroupController->data_report_group_print()
 3 SYSTEMPATH\CodeIgniter.php(499): CodeIgniter\CodeIgniter->runController(Object(App\Controllers\Dashboard\ReportGroupController))
 4 SYSTEMPATH\CodeIgniter.php(368): CodeIgniter\CodeIgniter->handleRequest(null, Object(Config\Cache), false)
 5 FCPATH\index.php(67): CodeIgniter\CodeIgniter->run()
 6 SYSTEMPATH\Commands\Server\rewrite.php(47): require_once('FCPATH\\index.php')
