CRITICAL - 2024-09-27 07:40:32 --> Call to undefined method App\Models\PhongBanModel::add_function
in SYSTEMPATH\Model.php on line 842.
 1 APPPATH\Controllers\Dashboard\PhongBanController.php(37): CodeIgniter\Model->__call('add_function', [...])
 2 SYSTEMPATH\CodeIgniter.php(934): App\Controllers\Dashboard\PhongBanController->add_phongban()
 3 SYSTEMPATH\CodeIgniter.php(499): CodeIgniter\CodeIgniter->runController(Object(App\Controllers\Dashboard\PhongBanController))
 4 SYSTEMPATH\CodeIgniter.php(368): CodeIgniter\CodeIgniter->handleRequest(null, Object(Config\Cache), false)
 5 FCPATH\index.php(67): CodeIgniter\CodeIgniter->run()
ERROR - 2024-09-27 07:41:28 --> mysqli_sql_exception: Unknown column 'ma_pb' in 'where clause' in D:\Xampp\htdocs\Codeigniter4\system\Database\MySQLi\Connection.php:295
Stack trace:
#0 D:\Xampp\htdocs\Codeigniter4\system\Database\MySQLi\Connection.php(295): mysqli->query('SELECT 1\nFROM `...', 0)
#1 D:\Xampp\htdocs\Codeigniter4\system\Database\BaseConnection.php(691): CodeIgniter\Database\MySQLi\Connection->execute('SELECT 1\nFROM `...')
#2 D:\Xampp\htdocs\Codeigniter4\system\Database\BaseConnection.php(605): CodeIgniter\Database\BaseConnection->simpleQuery('SELECT 1\nFROM `...')
#3 D:\Xampp\htdocs\Codeigniter4\system\Database\BaseBuilder.php(1616): CodeIgniter\Database\BaseConnection->query('SELECT 1\nFROM `...', Array, false)
#4 D:\Xampp\htdocs\Codeigniter4\system\Validation\StrictRules\Rules.php(206): CodeIgniter\Database\BaseBuilder->get()
#5 D:\Xampp\htdocs\Codeigniter4\system\Validation\Validation.php(312): CodeIgniter\Validation\StrictRules\Rules->is_unique('CSDLLT', 'ma_pb', Array, NULL, 'ma_pb')
#6 D:\Xampp\htdocs\Codeigniter4\system\Validation\Validation.php(170): CodeIgniter\Validation\Validation->processRules('ma_pb', 'ma_pb', 'CSDLLT', Array, Array)
#7 D:\Xampp\htdocs\Codeigniter4\system\BaseModel.php(1453): CodeIgniter\Validation\Validation->run(Array, NULL, NULL)
#8 D:\Xampp\htdocs\Codeigniter4\app\Models\PhongBanModel.php(21): CodeIgniter\BaseModel->validate(Array)
#9 D:\Xampp\htdocs\Codeigniter4\app\Controllers\Dashboard\PhongBanController.php(37): App\Models\PhongBanModel->add_phongban(Array)
#10 D:\Xampp\htdocs\Codeigniter4\system\CodeIgniter.php(934): App\Controllers\Dashboard\PhongBanController->add_phongban()
#11 D:\Xampp\htdocs\Codeigniter4\system\CodeIgniter.php(499): CodeIgniter\CodeIgniter->runController(Object(App\Controllers\Dashboard\PhongBanController))
#12 D:\Xampp\htdocs\Codeigniter4\system\CodeIgniter.php(368): CodeIgniter\CodeIgniter->handleRequest(NULL, Object(Config\Cache), false)
#13 D:\Xampp\htdocs\Codeigniter4\public\index.php(67): CodeIgniter\CodeIgniter->run()
#14 {main}
CRITICAL - 2024-09-27 07:41:28 --> Unknown column 'ma_pb' in 'where clause'
in SYSTEMPATH\Database\BaseConnection.php on line 645.
 1 SYSTEMPATH\Database\BaseBuilder.php(1616): CodeIgniter\Database\BaseConnection->query('SELECT 1
FROM `functions`
WHERE `ma_pb` = :ma_pb:
 LIMIT 1', [...], false)
 2 SYSTEMPATH\Validation\StrictRules\Rules.php(206): CodeIgniter\Database\BaseBuilder->get()
 3 SYSTEMPATH\Validation\Validation.php(312): CodeIgniter\Validation\StrictRules\Rules->is_unique('CSDLLT', 'ma_pb', [...], null, 'ma_pb')
 4 SYSTEMPATH\Validation\Validation.php(170): CodeIgniter\Validation\Validation->processRules('ma_pb', 'ma_pb', 'CSDLLT', [...], [...])
 5 SYSTEMPATH\BaseModel.php(1453): CodeIgniter\Validation\Validation->run([...], null, null)
 6 APPPATH\Models\PhongBanModel.php(21): CodeIgniter\BaseModel->validate([...])
 7 APPPATH\Controllers\Dashboard\PhongBanController.php(37): App\Models\PhongBanModel->add_phongban([...])
 8 SYSTEMPATH\CodeIgniter.php(934): App\Controllers\Dashboard\PhongBanController->add_phongban()
 9 SYSTEMPATH\CodeIgniter.php(499): CodeIgniter\CodeIgniter->runController(Object(App\Controllers\Dashboard\PhongBanController))
10 SYSTEMPATH\CodeIgniter.php(368): CodeIgniter\CodeIgniter->handleRequest(null, Object(Config\Cache), false)
11 FCPATH\index.php(67): CodeIgniter\CodeIgniter->run()
ERROR - 2024-09-27 07:45:43 --> mysqli_sql_exception: Unknown column 'ma_pb' in 'where clause' in D:\Xampp\htdocs\Codeigniter4\system\Database\MySQLi\Connection.php:295
Stack trace:
#0 D:\Xampp\htdocs\Codeigniter4\system\Database\MySQLi\Connection.php(295): mysqli->query('SELECT 1\nFROM `...', 0)
#1 D:\Xampp\htdocs\Codeigniter4\system\Database\BaseConnection.php(691): CodeIgniter\Database\MySQLi\Connection->execute('SELECT 1\nFROM `...')
#2 D:\Xampp\htdocs\Codeigniter4\system\Database\BaseConnection.php(605): CodeIgniter\Database\BaseConnection->simpleQuery('SELECT 1\nFROM `...')
#3 D:\Xampp\htdocs\Codeigniter4\system\Database\BaseBuilder.php(1616): CodeIgniter\Database\BaseConnection->query('SELECT 1\nFROM `...', Array, false)
#4 D:\Xampp\htdocs\Codeigniter4\system\Validation\StrictRules\Rules.php(206): CodeIgniter\Database\BaseBuilder->get()
#5 D:\Xampp\htdocs\Codeigniter4\system\Validation\Validation.php(312): CodeIgniter\Validation\StrictRules\Rules->is_unique('CSDLLT', 'ma_pb', Array, NULL, 'ma_pb')
#6 D:\Xampp\htdocs\Codeigniter4\system\Validation\Validation.php(170): CodeIgniter\Validation\Validation->processRules('ma_pb', 'ma_pb', 'CSDLLT', Array, Array)
#7 D:\Xampp\htdocs\Codeigniter4\system\BaseModel.php(1453): CodeIgniter\Validation\Validation->run(Array, NULL, NULL)
#8 D:\Xampp\htdocs\Codeigniter4\app\Models\PhongBanModel.php(21): CodeIgniter\BaseModel->validate(Array)
#9 D:\Xampp\htdocs\Codeigniter4\app\Controllers\Dashboard\PhongBanController.php(37): App\Models\PhongBanModel->add_phongban(Array)
#10 D:\Xampp\htdocs\Codeigniter4\system\CodeIgniter.php(934): App\Controllers\Dashboard\PhongBanController->add_phongban()
#11 D:\Xampp\htdocs\Codeigniter4\system\CodeIgniter.php(499): CodeIgniter\CodeIgniter->runController(Object(App\Controllers\Dashboard\PhongBanController))
#12 D:\Xampp\htdocs\Codeigniter4\system\CodeIgniter.php(368): CodeIgniter\CodeIgniter->handleRequest(NULL, Object(Config\Cache), false)
#13 D:\Xampp\htdocs\Codeigniter4\public\index.php(67): CodeIgniter\CodeIgniter->run()
#14 {main}
CRITICAL - 2024-09-27 07:45:43 --> Unknown column 'ma_pb' in 'where clause'
in SYSTEMPATH\Database\BaseConnection.php on line 645.
 1 SYSTEMPATH\Database\BaseBuilder.php(1616): CodeIgniter\Database\BaseConnection->query('SELECT 1
FROM `functions`
WHERE `ma_pb` = :ma_pb:
 LIMIT 1', [...], false)
 2 SYSTEMPATH\Validation\StrictRules\Rules.php(206): CodeIgniter\Database\BaseBuilder->get()
 3 SYSTEMPATH\Validation\Validation.php(312): CodeIgniter\Validation\StrictRules\Rules->is_unique('CSDLLT', 'ma_pb', [...], null, 'ma_pb')
 4 SYSTEMPATH\Validation\Validation.php(170): CodeIgniter\Validation\Validation->processRules('ma_pb', 'ma_pb', 'CSDLLT', [...], [...])
 5 SYSTEMPATH\BaseModel.php(1453): CodeIgniter\Validation\Validation->run([...], null, null)
 6 APPPATH\Models\PhongBanModel.php(21): CodeIgniter\BaseModel->validate([...])
 7 APPPATH\Controllers\Dashboard\PhongBanController.php(37): App\Models\PhongBanModel->add_phongban([...])
 8 SYSTEMPATH\CodeIgniter.php(934): App\Controllers\Dashboard\PhongBanController->add_phongban()
 9 SYSTEMPATH\CodeIgniter.php(499): CodeIgniter\CodeIgniter->runController(Object(App\Controllers\Dashboard\PhongBanController))
10 SYSTEMPATH\CodeIgniter.php(368): CodeIgniter\CodeIgniter->handleRequest(null, Object(Config\Cache), false)
11 FCPATH\index.php(67): CodeIgniter\CodeIgniter->run()
ERROR - 2024-09-27 07:46:14 --> mysqli_sql_exception: Unknown column 'ma_pb' in 'where clause' in D:\Xampp\htdocs\Codeigniter4\system\Database\MySQLi\Connection.php:295
Stack trace:
#0 D:\Xampp\htdocs\Codeigniter4\system\Database\MySQLi\Connection.php(295): mysqli->query('SELECT 1\nFROM `...', 0)
#1 D:\Xampp\htdocs\Codeigniter4\system\Database\BaseConnection.php(691): CodeIgniter\Database\MySQLi\Connection->execute('SELECT 1\nFROM `...')
#2 D:\Xampp\htdocs\Codeigniter4\system\Database\BaseConnection.php(605): CodeIgniter\Database\BaseConnection->simpleQuery('SELECT 1\nFROM `...')
#3 D:\Xampp\htdocs\Codeigniter4\system\Database\BaseBuilder.php(1616): CodeIgniter\Database\BaseConnection->query('SELECT 1\nFROM `...', Array, false)
#4 D:\Xampp\htdocs\Codeigniter4\system\Validation\StrictRules\Rules.php(206): CodeIgniter\Database\BaseBuilder->get()
#5 D:\Xampp\htdocs\Codeigniter4\system\Validation\Validation.php(312): CodeIgniter\Validation\StrictRules\Rules->is_unique('CSDLLT', 'ma_pb', Array, NULL, 'ma_pb')
#6 D:\Xampp\htdocs\Codeigniter4\system\Validation\Validation.php(170): CodeIgniter\Validation\Validation->processRules('ma_pb', 'ma_pb', 'CSDLLT', Array, Array)
#7 D:\Xampp\htdocs\Codeigniter4\system\BaseModel.php(1453): CodeIgniter\Validation\Validation->run(Array, NULL, NULL)
#8 D:\Xampp\htdocs\Codeigniter4\app\Models\PhongBanModel.php(21): CodeIgniter\BaseModel->validate(Array)
#9 D:\Xampp\htdocs\Codeigniter4\app\Controllers\Dashboard\PhongBanController.php(37): App\Models\PhongBanModel->add_phongban(Array)
#10 D:\Xampp\htdocs\Codeigniter4\system\CodeIgniter.php(934): App\Controllers\Dashboard\PhongBanController->add_phongban()
#11 D:\Xampp\htdocs\Codeigniter4\system\CodeIgniter.php(499): CodeIgniter\CodeIgniter->runController(Object(App\Controllers\Dashboard\PhongBanController))
#12 D:\Xampp\htdocs\Codeigniter4\system\CodeIgniter.php(368): CodeIgniter\CodeIgniter->handleRequest(NULL, Object(Config\Cache), false)
#13 D:\Xampp\htdocs\Codeigniter4\public\index.php(67): CodeIgniter\CodeIgniter->run()
#14 {main}
CRITICAL - 2024-09-27 07:46:14 --> Unknown column 'ma_pb' in 'where clause'
in SYSTEMPATH\Database\BaseConnection.php on line 645.
 1 SYSTEMPATH\Database\BaseBuilder.php(1616): CodeIgniter\Database\BaseConnection->query('SELECT 1
FROM `functions`
WHERE `ma_pb` = :ma_pb:
 LIMIT 1', [...], false)
 2 SYSTEMPATH\Validation\StrictRules\Rules.php(206): CodeIgniter\Database\BaseBuilder->get()
 3 SYSTEMPATH\Validation\Validation.php(312): CodeIgniter\Validation\StrictRules\Rules->is_unique('CSDLLT', 'ma_pb', [...], null, 'ma_pb')
 4 SYSTEMPATH\Validation\Validation.php(170): CodeIgniter\Validation\Validation->processRules('ma_pb', 'ma_pb', 'CSDLLT', [...], [...])
 5 SYSTEMPATH\BaseModel.php(1453): CodeIgniter\Validation\Validation->run([...], null, null)
 6 APPPATH\Models\PhongBanModel.php(21): CodeIgniter\BaseModel->validate([...])
 7 APPPATH\Controllers\Dashboard\PhongBanController.php(37): App\Models\PhongBanModel->add_phongban([...])
 8 SYSTEMPATH\CodeIgniter.php(934): App\Controllers\Dashboard\PhongBanController->add_phongban()
 9 SYSTEMPATH\CodeIgniter.php(499): CodeIgniter\CodeIgniter->runController(Object(App\Controllers\Dashboard\PhongBanController))
10 SYSTEMPATH\CodeIgniter.php(368): CodeIgniter\CodeIgniter->handleRequest(null, Object(Config\Cache), false)
11 FCPATH\index.php(67): CodeIgniter\CodeIgniter->run()
ERROR - 2024-09-27 07:54:50 --> mysqli_sql_exception: Unknown column 'ma_pb' in 'where clause' in D:\Xampp\htdocs\Codeigniter4\system\Database\MySQLi\Connection.php:295
Stack trace:
#0 D:\Xampp\htdocs\Codeigniter4\system\Database\MySQLi\Connection.php(295): mysqli->query('SELECT 1\nFROM `...', 0)
#1 D:\Xampp\htdocs\Codeigniter4\system\Database\BaseConnection.php(691): CodeIgniter\Database\MySQLi\Connection->execute('SELECT 1\nFROM `...')
#2 D:\Xampp\htdocs\Codeigniter4\system\Database\BaseConnection.php(605): CodeIgniter\Database\BaseConnection->simpleQuery('SELECT 1\nFROM `...')
#3 D:\Xampp\htdocs\Codeigniter4\system\Database\BaseBuilder.php(1616): CodeIgniter\Database\BaseConnection->query('SELECT 1\nFROM `...', Array, false)
#4 D:\Xampp\htdocs\Codeigniter4\system\Validation\StrictRules\Rules.php(206): CodeIgniter\Database\BaseBuilder->get()
#5 D:\Xampp\htdocs\Codeigniter4\system\Validation\Validation.php(312): CodeIgniter\Validation\StrictRules\Rules->is_unique('CSDLLT', 'ma_pb', Array, NULL, 'ma_pb')
#6 D:\Xampp\htdocs\Codeigniter4\system\Validation\Validation.php(170): CodeIgniter\Validation\Validation->processRules('ma_pb', 'ma_pb', 'CSDLLT', Array, Array)
#7 D:\Xampp\htdocs\Codeigniter4\system\BaseModel.php(1453): CodeIgniter\Validation\Validation->run(Array, NULL, NULL)
#8 D:\Xampp\htdocs\Codeigniter4\app\Models\PhongBanModel.php(21): CodeIgniter\BaseModel->validate(Array)
#9 D:\Xampp\htdocs\Codeigniter4\app\Controllers\Dashboard\PhongBanController.php(37): App\Models\PhongBanModel->add_phongban(Array)
#10 D:\Xampp\htdocs\Codeigniter4\system\CodeIgniter.php(934): App\Controllers\Dashboard\PhongBanController->add_phongban()
#11 D:\Xampp\htdocs\Codeigniter4\system\CodeIgniter.php(499): CodeIgniter\CodeIgniter->runController(Object(App\Controllers\Dashboard\PhongBanController))
#12 D:\Xampp\htdocs\Codeigniter4\system\CodeIgniter.php(368): CodeIgniter\CodeIgniter->handleRequest(NULL, Object(Config\Cache), false)
#13 D:\Xampp\htdocs\Codeigniter4\public\index.php(67): CodeIgniter\CodeIgniter->run()
#14 {main}
CRITICAL - 2024-09-27 07:54:50 --> Unknown column 'ma_pb' in 'where clause'
in SYSTEMPATH\Database\BaseConnection.php on line 645.
 1 SYSTEMPATH\Database\BaseBuilder.php(1616): CodeIgniter\Database\BaseConnection->query('SELECT 1
FROM `functions`
WHERE `ma_pb` = :ma_pb:
 LIMIT 1', [...], false)
 2 SYSTEMPATH\Validation\StrictRules\Rules.php(206): CodeIgniter\Database\BaseBuilder->get()
 3 SYSTEMPATH\Validation\Validation.php(312): CodeIgniter\Validation\StrictRules\Rules->is_unique('CSDLLT', 'ma_pb', [...], null, 'ma_pb')
 4 SYSTEMPATH\Validation\Validation.php(170): CodeIgniter\Validation\Validation->processRules('ma_pb', 'ma_pb', 'CSDLLT', [...], [...])
 5 SYSTEMPATH\BaseModel.php(1453): CodeIgniter\Validation\Validation->run([...], null, null)
 6 APPPATH\Models\PhongBanModel.php(21): CodeIgniter\BaseModel->validate([...])
 7 APPPATH\Controllers\Dashboard\PhongBanController.php(37): App\Models\PhongBanModel->add_phongban([...])
 8 SYSTEMPATH\CodeIgniter.php(934): App\Controllers\Dashboard\PhongBanController->add_phongban()
 9 SYSTEMPATH\CodeIgniter.php(499): CodeIgniter\CodeIgniter->runController(Object(App\Controllers\Dashboard\PhongBanController))
10 SYSTEMPATH\CodeIgniter.php(368): CodeIgniter\CodeIgniter->handleRequest(null, Object(Config\Cache), false)
11 FCPATH\index.php(67): CodeIgniter\CodeIgniter->run()
ERROR - 2024-09-27 07:54:51 --> mysqli_sql_exception: Unknown column 'ma_pb' in 'where clause' in D:\Xampp\htdocs\Codeigniter4\system\Database\MySQLi\Connection.php:295
Stack trace:
#0 D:\Xampp\htdocs\Codeigniter4\system\Database\MySQLi\Connection.php(295): mysqli->query('SELECT 1\nFROM `...', 0)
#1 D:\Xampp\htdocs\Codeigniter4\system\Database\BaseConnection.php(691): CodeIgniter\Database\MySQLi\Connection->execute('SELECT 1\nFROM `...')
#2 D:\Xampp\htdocs\Codeigniter4\system\Database\BaseConnection.php(605): CodeIgniter\Database\BaseConnection->simpleQuery('SELECT 1\nFROM `...')
#3 D:\Xampp\htdocs\Codeigniter4\system\Database\BaseBuilder.php(1616): CodeIgniter\Database\BaseConnection->query('SELECT 1\nFROM `...', Array, false)
#4 D:\Xampp\htdocs\Codeigniter4\system\Validation\StrictRules\Rules.php(206): CodeIgniter\Database\BaseBuilder->get()
#5 D:\Xampp\htdocs\Codeigniter4\system\Validation\Validation.php(312): CodeIgniter\Validation\StrictRules\Rules->is_unique('CSDLLT', 'ma_pb', Array, NULL, 'ma_pb')
#6 D:\Xampp\htdocs\Codeigniter4\system\Validation\Validation.php(170): CodeIgniter\Validation\Validation->processRules('ma_pb', 'ma_pb', 'CSDLLT', Array, Array)
#7 D:\Xampp\htdocs\Codeigniter4\system\BaseModel.php(1453): CodeIgniter\Validation\Validation->run(Array, NULL, NULL)
#8 D:\Xampp\htdocs\Codeigniter4\app\Models\PhongBanModel.php(21): CodeIgniter\BaseModel->validate(Array)
#9 D:\Xampp\htdocs\Codeigniter4\app\Controllers\Dashboard\PhongBanController.php(37): App\Models\PhongBanModel->add_phongban(Array)
#10 D:\Xampp\htdocs\Codeigniter4\system\CodeIgniter.php(934): App\Controllers\Dashboard\PhongBanController->add_phongban()
#11 D:\Xampp\htdocs\Codeigniter4\system\CodeIgniter.php(499): CodeIgniter\CodeIgniter->runController(Object(App\Controllers\Dashboard\PhongBanController))
#12 D:\Xampp\htdocs\Codeigniter4\system\CodeIgniter.php(368): CodeIgniter\CodeIgniter->handleRequest(NULL, Object(Config\Cache), false)
#13 D:\Xampp\htdocs\Codeigniter4\public\index.php(67): CodeIgniter\CodeIgniter->run()
#14 {main}
CRITICAL - 2024-09-27 07:54:51 --> Unknown column 'ma_pb' in 'where clause'
in SYSTEMPATH\Database\BaseConnection.php on line 645.
 1 SYSTEMPATH\Database\BaseBuilder.php(1616): CodeIgniter\Database\BaseConnection->query('SELECT 1
FROM `functions`
WHERE `ma_pb` = :ma_pb:
 LIMIT 1', [...], false)
 2 SYSTEMPATH\Validation\StrictRules\Rules.php(206): CodeIgniter\Database\BaseBuilder->get()
 3 SYSTEMPATH\Validation\Validation.php(312): CodeIgniter\Validation\StrictRules\Rules->is_unique('CSDLLT', 'ma_pb', [...], null, 'ma_pb')
 4 SYSTEMPATH\Validation\Validation.php(170): CodeIgniter\Validation\Validation->processRules('ma_pb', 'ma_pb', 'CSDLLT', [...], [...])
 5 SYSTEMPATH\BaseModel.php(1453): CodeIgniter\Validation\Validation->run([...], null, null)
 6 APPPATH\Models\PhongBanModel.php(21): CodeIgniter\BaseModel->validate([...])
 7 APPPATH\Controllers\Dashboard\PhongBanController.php(37): App\Models\PhongBanModel->add_phongban([...])
 8 SYSTEMPATH\CodeIgniter.php(934): App\Controllers\Dashboard\PhongBanController->add_phongban()
 9 SYSTEMPATH\CodeIgniter.php(499): CodeIgniter\CodeIgniter->runController(Object(App\Controllers\Dashboard\PhongBanController))
10 SYSTEMPATH\CodeIgniter.php(368): CodeIgniter\CodeIgniter->handleRequest(null, Object(Config\Cache), false)
11 FCPATH\index.php(67): CodeIgniter\CodeIgniter->run()
ERROR - 2024-09-27 07:56:27 --> mysqli_sql_exception: Unknown column 'ma_pb' in 'where clause' in D:\Xampp\htdocs\Codeigniter4\system\Database\MySQLi\Connection.php:295
Stack trace:
#0 D:\Xampp\htdocs\Codeigniter4\system\Database\MySQLi\Connection.php(295): mysqli->query('SELECT 1\nFROM `...', 0)
#1 D:\Xampp\htdocs\Codeigniter4\system\Database\BaseConnection.php(691): CodeIgniter\Database\MySQLi\Connection->execute('SELECT 1\nFROM `...')
#2 D:\Xampp\htdocs\Codeigniter4\system\Database\BaseConnection.php(605): CodeIgniter\Database\BaseConnection->simpleQuery('SELECT 1\nFROM `...')
#3 D:\Xampp\htdocs\Codeigniter4\system\Database\BaseBuilder.php(1616): CodeIgniter\Database\BaseConnection->query('SELECT 1\nFROM `...', Array, false)
#4 D:\Xampp\htdocs\Codeigniter4\system\Validation\StrictRules\Rules.php(206): CodeIgniter\Database\BaseBuilder->get()
#5 D:\Xampp\htdocs\Codeigniter4\system\Validation\Validation.php(312): CodeIgniter\Validation\StrictRules\Rules->is_unique('CSDLLT', 'ma_pb', Array, NULL, 'ma_pb')
#6 D:\Xampp\htdocs\Codeigniter4\system\Validation\Validation.php(170): CodeIgniter\Validation\Validation->processRules('ma_pb', 'ma_pb', 'CSDLLT', Array, Array)
#7 D:\Xampp\htdocs\Codeigniter4\system\BaseModel.php(1453): CodeIgniter\Validation\Validation->run(Array, NULL, NULL)
#8 D:\Xampp\htdocs\Codeigniter4\app\Models\PhongBanModel.php(21): CodeIgniter\BaseModel->validate(Array)
#9 D:\Xampp\htdocs\Codeigniter4\app\Controllers\Dashboard\PhongBanController.php(37): App\Models\PhongBanModel->add_phongban(Array)
#10 D:\Xampp\htdocs\Codeigniter4\system\CodeIgniter.php(934): App\Controllers\Dashboard\PhongBanController->add_phongban()
#11 D:\Xampp\htdocs\Codeigniter4\system\CodeIgniter.php(499): CodeIgniter\CodeIgniter->runController(Object(App\Controllers\Dashboard\PhongBanController))
#12 D:\Xampp\htdocs\Codeigniter4\system\CodeIgniter.php(368): CodeIgniter\CodeIgniter->handleRequest(NULL, Object(Config\Cache), false)
#13 D:\Xampp\htdocs\Codeigniter4\public\index.php(67): CodeIgniter\CodeIgniter->run()
#14 {main}
CRITICAL - 2024-09-27 07:56:27 --> Unknown column 'ma_pb' in 'where clause'
in SYSTEMPATH\Database\BaseConnection.php on line 645.
 1 SYSTEMPATH\Database\BaseBuilder.php(1616): CodeIgniter\Database\BaseConnection->query('SELECT 1
FROM `functions`
WHERE `ma_pb` = :ma_pb:
 LIMIT 1', [...], false)
 2 SYSTEMPATH\Validation\StrictRules\Rules.php(206): CodeIgniter\Database\BaseBuilder->get()
 3 SYSTEMPATH\Validation\Validation.php(312): CodeIgniter\Validation\StrictRules\Rules->is_unique('CSDLLT', 'ma_pb', [...], null, 'ma_pb')
 4 SYSTEMPATH\Validation\Validation.php(170): CodeIgniter\Validation\Validation->processRules('ma_pb', 'ma_pb', 'CSDLLT', [...], [...])
 5 SYSTEMPATH\BaseModel.php(1453): CodeIgniter\Validation\Validation->run([...], null, null)
 6 APPPATH\Models\PhongBanModel.php(21): CodeIgniter\BaseModel->validate([...])
 7 APPPATH\Controllers\Dashboard\PhongBanController.php(37): App\Models\PhongBanModel->add_phongban([...])
 8 SYSTEMPATH\CodeIgniter.php(934): App\Controllers\Dashboard\PhongBanController->add_phongban()
 9 SYSTEMPATH\CodeIgniter.php(499): CodeIgniter\CodeIgniter->runController(Object(App\Controllers\Dashboard\PhongBanController))
10 SYSTEMPATH\CodeIgniter.php(368): CodeIgniter\CodeIgniter->handleRequest(null, Object(Config\Cache), false)
11 FCPATH\index.php(67): CodeIgniter\CodeIgniter->run()
