ERROR - 2023-03-30 07:06:10 --> Error connecting to the database: mysqli_sql_exception: No connection could be made because the target machine actively refused it in D:\Xampp\htdocs\Codeigniter4\system\Database\MySQLi\Connection.php:173
Stack trace:
#0 D:\Xampp\htdocs\Codeigniter4\system\Database\MySQLi\Connection.php(173): mysqli->real_connect('localhost', 'root', Object(SensitiveParameterValue), 'qlbaocao', 3306, '', 0)
#1 D:\Xampp\htdocs\Codeigniter4\system\Database\BaseConnection.php(391): CodeIgniter\Database\MySQLi\Connection->connect(false)
#2 D:\Xampp\htdocs\Codeigniter4\system\Database\BaseConnection.php(573): CodeIgniter\Database\BaseConnection->initialize()
#3 D:\Xampp\htdocs\Codeigniter4\system\Database\BaseBuilder.php(1616): CodeIgniter\Database\BaseConnection->query('SELECT *\nFROM `...', Array, false)
#4 D:\Xampp\htdocs\Codeigniter4\system\Model.php(241): CodeIgniter\Database\BaseBuilder->get()
#5 D:\Xampp\htdocs\Codeigniter4\system\BaseModel.php(618): CodeIgniter\Model->doFindAll(0, 0)
#6 D:\Xampp\htdocs\Codeigniter4\app\Models\UserModel.php(37): CodeIgniter\BaseModel->findAll()
#7 D:\Xampp\htdocs\Codeigniter4\app\Controllers\Dashboard\UserController.php(24): App\Models\UserModel->list_users()
#8 D:\Xampp\htdocs\Codeigniter4\system\CodeIgniter.php(934): App\Controllers\Dashboard\UserController->index()
#9 D:\Xampp\htdocs\Codeigniter4\system\CodeIgniter.php(499): CodeIgniter\CodeIgniter->runController(Object(App\Controllers\Dashboard\UserController))
#10 D:\Xampp\htdocs\Codeigniter4\system\CodeIgniter.php(368): CodeIgniter\CodeIgniter->handleRequest(NULL, Object(Config\Cache), false)
#11 D:\Xampp\htdocs\Codeigniter4\public\index.php(67): CodeIgniter\CodeIgniter->run()
#12 D:\Xampp\htdocs\Codeigniter4\system\Commands\Server\rewrite.php(47): require_once('D:\\Xampp\\htdocs...')
#13 {main}

Next CodeIgniter\Database\Exceptions\DatabaseException: No connection could be made because the target machine actively refused it in D:\Xampp\htdocs\Codeigniter4\system\Database\MySQLi\Connection.php:218
Stack trace:
#0 D:\Xampp\htdocs\Codeigniter4\system\Database\BaseConnection.php(391): CodeIgniter\Database\MySQLi\Connection->connect(false)
#1 D:\Xampp\htdocs\Codeigniter4\system\Database\BaseConnection.php(573): CodeIgniter\Database\BaseConnection->initialize()
#2 D:\Xampp\htdocs\Codeigniter4\system\Database\BaseBuilder.php(1616): CodeIgniter\Database\BaseConnection->query('SELECT *\nFROM `...', Array, false)
#3 D:\Xampp\htdocs\Codeigniter4\system\Model.php(241): CodeIgniter\Database\BaseBuilder->get()
#4 D:\Xampp\htdocs\Codeigniter4\system\BaseModel.php(618): CodeIgniter\Model->doFindAll(0, 0)
#5 D:\Xampp\htdocs\Codeigniter4\app\Models\UserModel.php(37): CodeIgniter\BaseModel->findAll()
#6 D:\Xampp\htdocs\Codeigniter4\app\Controllers\Dashboard\UserController.php(24): App\Models\UserModel->list_users()
#7 D:\Xampp\htdocs\Codeigniter4\system\CodeIgniter.php(934): App\Controllers\Dashboard\UserController->index()
#8 D:\Xampp\htdocs\Codeigniter4\system\CodeIgniter.php(499): CodeIgniter\CodeIgniter->runController(Object(App\Controllers\Dashboard\UserController))
#9 D:\Xampp\htdocs\Codeigniter4\system\CodeIgniter.php(368): CodeIgniter\CodeIgniter->handleRequest(NULL, Object(Config\Cache), false)
#10 D:\Xampp\htdocs\Codeigniter4\public\index.php(67): CodeIgniter\CodeIgniter->run()
#11 D:\Xampp\htdocs\Codeigniter4\system\Commands\Server\rewrite.php(47): require_once('D:\\Xampp\\htdocs...')
#12 {main}
CRITICAL - 2023-03-30 07:06:10 --> Unable to connect to the database.
Main connection [MySQLi]: No connection could be made because the target machine actively refused it
in SYSTEMPATH\Database\BaseConnection.php on line 427.
 1 SYSTEMPATH\Database\BaseConnection.php(573): CodeIgniter\Database\BaseConnection->initialize()
 2 SYSTEMPATH\Database\BaseBuilder.php(1616): CodeIgniter\Database\BaseConnection->query('SELECT *
FROM `users`', [], false)
 3 SYSTEMPATH\Model.php(241): CodeIgniter\Database\BaseBuilder->get()
 4 SYSTEMPATH\BaseModel.php(618): CodeIgniter\Model->doFindAll(0, 0)
 5 APPPATH\Models\UserModel.php(37): CodeIgniter\BaseModel->findAll()
 6 APPPATH\Controllers\Dashboard\UserController.php(24): App\Models\UserModel->list_users()
 7 SYSTEMPATH\CodeIgniter.php(934): App\Controllers\Dashboard\UserController->index()
 8 SYSTEMPATH\CodeIgniter.php(499): CodeIgniter\CodeIgniter->runController(Object(App\Controllers\Dashboard\UserController))
 9 SYSTEMPATH\CodeIgniter.php(368): CodeIgniter\CodeIgniter->handleRequest(null, Object(Config\Cache), false)
10 FCPATH\index.php(67): CodeIgniter\CodeIgniter->run()
11 SYSTEMPATH\Commands\Server\rewrite.php(47): require_once('FCPATH\\index.php')
CRITICAL - 2023-03-30 09:20:28 --> Undefined property: CodeIgniter\View\View::$session
in APPPATH\Views\dashboard\group.php on line 61.
 1 APPPATH\Views\dashboard\group.php(61): CodeIgniter\Debug\Exceptions->errorHandler(2, 'Undefined property: CodeIgniter\\View\\View::$session', 'APPPATH\\Views\\dashboard\\group.php', 61)
 2 SYSTEMPATH\View\View.php(213): include('APPPATH\\Views\\dashboard\\group.php')
 3 SYSTEMPATH\View\View.php(216): CodeIgniter\View\View->CodeIgniter\View\{closure}()
 4 SYSTEMPATH\Common.php(1184): CodeIgniter\View\View->render('dashboard/group', [], true)
 5 APPPATH\Controllers\BaseController.php(64): view('dashboard/group', [])
 6 APPPATH\Controllers\Dashboard\GroupController.php(15): App\Controllers\BaseController->page_construct('dashboard/group', [...])
 7 SYSTEMPATH\CodeIgniter.php(934): App\Controllers\Dashboard\GroupController->index()
 8 SYSTEMPATH\CodeIgniter.php(499): CodeIgniter\CodeIgniter->runController(Object(App\Controllers\Dashboard\GroupController))
 9 SYSTEMPATH\CodeIgniter.php(368): CodeIgniter\CodeIgniter->handleRequest(null, Object(Config\Cache), false)
10 FCPATH\index.php(67): CodeIgniter\CodeIgniter->run()
11 SYSTEMPATH\Commands\Server\rewrite.php(47): require_once('FCPATH\\index.php')
