ERROR - 2023-04-17 00:52:28 --> Error connecting to the database: mysqli_sql_exception: No connection could be made because the target machine actively refused it in D:\Xampp\htdocs\Codeigniter4\system\Database\MySQLi\Connection.php:173
Stack trace:
#0 D:\Xampp\htdocs\Codeigniter4\system\Database\MySQLi\Connection.php(173): mysqli->real_connect('localhost', 'root', Object(SensitiveParameterValue), 'qlbaocao', 3306, '', 0)
#1 D:\Xampp\htdocs\Codeigniter4\system\Database\BaseConnection.php(391): CodeIgniter\Database\MySQLi\Connection->connect(false)
#2 D:\Xampp\htdocs\Codeigniter4\system\Database\BaseConnection.php(573): CodeIgniter\Database\BaseConnection->initialize()
#3 D:\Xampp\htdocs\Codeigniter4\system\Database\BaseBuilder.php(1616): CodeIgniter\Database\BaseConnection->query('SELECT *\nFROM `...', Array, false)
#4 D:\Xampp\htdocs\Codeigniter4\system\Model.php(268): CodeIgniter\Database\BaseBuilder->get()
#5 D:\Xampp\htdocs\Codeigniter4\system\BaseModel.php(656): CodeIgniter\Model->doFirst()
#6 D:\Xampp\htdocs\Codeigniter4\app\Models\UserModel.php(275): CodeIgniter\BaseModel->first()
#7 D:\Xampp\htdocs\Codeigniter4\app\Controllers\LoginController.php(25): App\Models\UserModel->login(Array)
#8 D:\Xampp\htdocs\Codeigniter4\system\CodeIgniter.php(934): App\Controllers\LoginController->login_ajax()
#9 D:\Xampp\htdocs\Codeigniter4\system\CodeIgniter.php(499): CodeIgniter\CodeIgniter->runController(Object(App\Controllers\LoginController))
#10 D:\Xampp\htdocs\Codeigniter4\system\CodeIgniter.php(368): CodeIgniter\CodeIgniter->handleRequest(NULL, Object(Config\Cache), false)
#11 D:\Xampp\htdocs\Codeigniter4\public\index.php(67): CodeIgniter\CodeIgniter->run()
#12 D:\Xampp\htdocs\Codeigniter4\system\Commands\Server\rewrite.php(47): require_once('D:\\Xampp\\htdocs...')
#13 {main}

Next CodeIgniter\Database\Exceptions\DatabaseException: No connection could be made because the target machine actively refused it in D:\Xampp\htdocs\Codeigniter4\system\Database\MySQLi\Connection.php:218
Stack trace:
#0 D:\Xampp\htdocs\Codeigniter4\system\Database\BaseConnection.php(391): CodeIgniter\Database\MySQLi\Connection->connect(false)
#1 D:\Xampp\htdocs\Codeigniter4\system\Database\BaseConnection.php(573): CodeIgniter\Database\BaseConnection->initialize()
#2 D:\Xampp\htdocs\Codeigniter4\system\Database\BaseBuilder.php(1616): CodeIgniter\Database\BaseConnection->query('SELECT *\nFROM `...', Array, false)
#3 D:\Xampp\htdocs\Codeigniter4\system\Model.php(268): CodeIgniter\Database\BaseBuilder->get()
#4 D:\Xampp\htdocs\Codeigniter4\system\BaseModel.php(656): CodeIgniter\Model->doFirst()
#5 D:\Xampp\htdocs\Codeigniter4\app\Models\UserModel.php(275): CodeIgniter\BaseModel->first()
#6 D:\Xampp\htdocs\Codeigniter4\app\Controllers\LoginController.php(25): App\Models\UserModel->login(Array)
#7 D:\Xampp\htdocs\Codeigniter4\system\CodeIgniter.php(934): App\Controllers\LoginController->login_ajax()
#8 D:\Xampp\htdocs\Codeigniter4\system\CodeIgniter.php(499): CodeIgniter\CodeIgniter->runController(Object(App\Controllers\LoginController))
#9 D:\Xampp\htdocs\Codeigniter4\system\CodeIgniter.php(368): CodeIgniter\CodeIgniter->handleRequest(NULL, Object(Config\Cache), false)
#10 D:\Xampp\htdocs\Codeigniter4\public\index.php(67): CodeIgniter\CodeIgniter->run()
#11 D:\Xampp\htdocs\Codeigniter4\system\Commands\Server\rewrite.php(47): require_once('D:\\Xampp\\htdocs...')
#12 {main}
CRITICAL - 2023-04-17 00:52:28 --> Unable to connect to the database.
Main connection [MySQLi]: No connection could be made because the target machine actively refused it
in SYSTEMPATH\Database\BaseConnection.php on line 427.
 1 SYSTEMPATH\Database\BaseConnection.php(573): CodeIgniter\Database\BaseConnection->initialize()
 2 SYSTEMPATH\Database\BaseBuilder.php(1616): CodeIgniter\Database\BaseConnection->query('SELECT *
FROM `users`
WHERE `user_id` = :user_id:
AND `user_status` = :user_status:
 LIMIT 1', [...], false)
 3 SYSTEMPATH\Model.php(268): CodeIgniter\Database\BaseBuilder->get()
 4 SYSTEMPATH\BaseModel.php(656): CodeIgniter\Model->doFirst()
 5 APPPATH\Models\UserModel.php(275): CodeIgniter\BaseModel->first()
 6 APPPATH\Controllers\LoginController.php(25): App\Models\UserModel->login([...])
 7 SYSTEMPATH\CodeIgniter.php(934): App\Controllers\LoginController->login_ajax()
 8 SYSTEMPATH\CodeIgniter.php(499): CodeIgniter\CodeIgniter->runController(Object(App\Controllers\LoginController))
 9 SYSTEMPATH\CodeIgniter.php(368): CodeIgniter\CodeIgniter->handleRequest(null, Object(Config\Cache), false)
10 FCPATH\index.php(67): CodeIgniter\CodeIgniter->run()
11 SYSTEMPATH\Commands\Server\rewrite.php(47): require_once('FCPATH\\index.php')
ERROR - 2023-04-17 00:52:32 --> Error connecting to the database: mysqli_sql_exception: No connection could be made because the target machine actively refused it in D:\Xampp\htdocs\Codeigniter4\system\Database\MySQLi\Connection.php:173
Stack trace:
#0 D:\Xampp\htdocs\Codeigniter4\system\Database\MySQLi\Connection.php(173): mysqli->real_connect('localhost', 'root', Object(SensitiveParameterValue), 'qlbaocao', 3306, '', 0)
#1 D:\Xampp\htdocs\Codeigniter4\system\Database\BaseConnection.php(391): CodeIgniter\Database\MySQLi\Connection->connect(false)
#2 D:\Xampp\htdocs\Codeigniter4\system\Database\BaseConnection.php(573): CodeIgniter\Database\BaseConnection->initialize()
#3 D:\Xampp\htdocs\Codeigniter4\system\Database\BaseBuilder.php(1616): CodeIgniter\Database\BaseConnection->query('SELECT *\nFROM `...', Array, false)
#4 D:\Xampp\htdocs\Codeigniter4\system\Model.php(268): CodeIgniter\Database\BaseBuilder->get()
#5 D:\Xampp\htdocs\Codeigniter4\system\BaseModel.php(656): CodeIgniter\Model->doFirst()
#6 D:\Xampp\htdocs\Codeigniter4\app\Models\UserModel.php(275): CodeIgniter\BaseModel->first()
#7 D:\Xampp\htdocs\Codeigniter4\app\Controllers\LoginController.php(25): App\Models\UserModel->login(Array)
#8 D:\Xampp\htdocs\Codeigniter4\system\CodeIgniter.php(934): App\Controllers\LoginController->login_ajax()
#9 D:\Xampp\htdocs\Codeigniter4\system\CodeIgniter.php(499): CodeIgniter\CodeIgniter->runController(Object(App\Controllers\LoginController))
#10 D:\Xampp\htdocs\Codeigniter4\system\CodeIgniter.php(368): CodeIgniter\CodeIgniter->handleRequest(NULL, Object(Config\Cache), false)
#11 D:\Xampp\htdocs\Codeigniter4\public\index.php(67): CodeIgniter\CodeIgniter->run()
#12 D:\Xampp\htdocs\Codeigniter4\system\Commands\Server\rewrite.php(47): require_once('D:\\Xampp\\htdocs...')
#13 {main}

Next CodeIgniter\Database\Exceptions\DatabaseException: No connection could be made because the target machine actively refused it in D:\Xampp\htdocs\Codeigniter4\system\Database\MySQLi\Connection.php:218
Stack trace:
#0 D:\Xampp\htdocs\Codeigniter4\system\Database\BaseConnection.php(391): CodeIgniter\Database\MySQLi\Connection->connect(false)
#1 D:\Xampp\htdocs\Codeigniter4\system\Database\BaseConnection.php(573): CodeIgniter\Database\BaseConnection->initialize()
#2 D:\Xampp\htdocs\Codeigniter4\system\Database\BaseBuilder.php(1616): CodeIgniter\Database\BaseConnection->query('SELECT *\nFROM `...', Array, false)
#3 D:\Xampp\htdocs\Codeigniter4\system\Model.php(268): CodeIgniter\Database\BaseBuilder->get()
#4 D:\Xampp\htdocs\Codeigniter4\system\BaseModel.php(656): CodeIgniter\Model->doFirst()
#5 D:\Xampp\htdocs\Codeigniter4\app\Models\UserModel.php(275): CodeIgniter\BaseModel->first()
#6 D:\Xampp\htdocs\Codeigniter4\app\Controllers\LoginController.php(25): App\Models\UserModel->login(Array)
#7 D:\Xampp\htdocs\Codeigniter4\system\CodeIgniter.php(934): App\Controllers\LoginController->login_ajax()
#8 D:\Xampp\htdocs\Codeigniter4\system\CodeIgniter.php(499): CodeIgniter\CodeIgniter->runController(Object(App\Controllers\LoginController))
#9 D:\Xampp\htdocs\Codeigniter4\system\CodeIgniter.php(368): CodeIgniter\CodeIgniter->handleRequest(NULL, Object(Config\Cache), false)
#10 D:\Xampp\htdocs\Codeigniter4\public\index.php(67): CodeIgniter\CodeIgniter->run()
#11 D:\Xampp\htdocs\Codeigniter4\system\Commands\Server\rewrite.php(47): require_once('D:\\Xampp\\htdocs...')
#12 {main}
CRITICAL - 2023-04-17 00:52:32 --> Unable to connect to the database.
Main connection [MySQLi]: No connection could be made because the target machine actively refused it
in SYSTEMPATH\Database\BaseConnection.php on line 427.
 1 SYSTEMPATH\Database\BaseConnection.php(573): CodeIgniter\Database\BaseConnection->initialize()
 2 SYSTEMPATH\Database\BaseBuilder.php(1616): CodeIgniter\Database\BaseConnection->query('SELECT *
FROM `users`
WHERE `user_id` = :user_id:
AND `user_status` = :user_status:
 LIMIT 1', [...], false)
 3 SYSTEMPATH\Model.php(268): CodeIgniter\Database\BaseBuilder->get()
 4 SYSTEMPATH\BaseModel.php(656): CodeIgniter\Model->doFirst()
 5 APPPATH\Models\UserModel.php(275): CodeIgniter\BaseModel->first()
 6 APPPATH\Controllers\LoginController.php(25): App\Models\UserModel->login([...])
 7 SYSTEMPATH\CodeIgniter.php(934): App\Controllers\LoginController->login_ajax()
 8 SYSTEMPATH\CodeIgniter.php(499): CodeIgniter\CodeIgniter->runController(Object(App\Controllers\LoginController))
 9 SYSTEMPATH\CodeIgniter.php(368): CodeIgniter\CodeIgniter->handleRequest(null, Object(Config\Cache), false)
10 FCPATH\index.php(67): CodeIgniter\CodeIgniter->run()
11 SYSTEMPATH\Commands\Server\rewrite.php(47): require_once('FCPATH\\index.php')
CRITICAL - 2023-04-17 00:58:49 --> Call to undefined method CodeIgniter\Database\MySQLi\Connection::dbprefix()
in APPPATH\Models\UserFunctionModel.php on line 19.
 1 APPPATH\Controllers\Dashboard\UserFunctionController.php(24): App\Models\UserFunctionModel->getListUserFunction()
 2 SYSTEMPATH\CodeIgniter.php(934): App\Controllers\Dashboard\UserFunctionController->index()
 3 SYSTEMPATH\CodeIgniter.php(499): CodeIgniter\CodeIgniter->runController(Object(App\Controllers\Dashboard\UserFunctionController))
 4 SYSTEMPATH\CodeIgniter.php(368): CodeIgniter\CodeIgniter->handleRequest(null, Object(Config\Cache), false)
 5 FCPATH\index.php(67): CodeIgniter\CodeIgniter->run()
 6 SYSTEMPATH\Commands\Server\rewrite.php(47): require_once('FCPATH\\index.php')
CRITICAL - 2023-04-17 00:59:25 --> Object of class CodeIgniter\Database\MySQLi\Builder could not be converted to string
in APPPATH\Models\UserFunctionModel.php on line 19.
 1 APPPATH\Controllers\Dashboard\UserFunctionController.php(24): App\Models\UserFunctionModel->getListUserFunction()
 2 SYSTEMPATH\CodeIgniter.php(934): App\Controllers\Dashboard\UserFunctionController->index()
 3 SYSTEMPATH\CodeIgniter.php(499): CodeIgniter\CodeIgniter->runController(Object(App\Controllers\Dashboard\UserFunctionController))
 4 SYSTEMPATH\CodeIgniter.php(368): CodeIgniter\CodeIgniter->handleRequest(null, Object(Config\Cache), false)
 5 FCPATH\index.php(67): CodeIgniter\CodeIgniter->run()
 6 SYSTEMPATH\Commands\Server\rewrite.php(47): require_once('FCPATH\\index.php')
ERROR - 2023-04-17 01:16:50 --> mysqli_sql_exception: You have an error in your SQL syntax; check the manual that corresponds to your MariaDB server version for the right syntax to use near 'select * from ( select * from user_function where user_id = admin) as uf
FROM...' at line 1 in D:\Xampp\htdocs\Codeigniter4\system\Database\MySQLi\Connection.php:295
Stack trace:
#0 D:\Xampp\htdocs\Codeigniter4\system\Database\MySQLi\Connection.php(295): mysqli->query('SELECT select *...', 0)
#1 D:\Xampp\htdocs\Codeigniter4\system\Database\BaseConnection.php(691): CodeIgniter\Database\MySQLi\Connection->execute('SELECT select *...')
#2 D:\Xampp\htdocs\Codeigniter4\system\Database\BaseConnection.php(605): CodeIgniter\Database\BaseConnection->simpleQuery('SELECT select *...')
#3 D:\Xampp\htdocs\Codeigniter4\system\Database\BaseBuilder.php(1616): CodeIgniter\Database\BaseConnection->query('SELECT select *...', Array, false)
#4 D:\Xampp\htdocs\Codeigniter4\app\Models\UserFunctionModel.php(20): CodeIgniter\Database\BaseBuilder->get()
#5 D:\Xampp\htdocs\Codeigniter4\app\Controllers\Dashboard\UserFunctionController.php(24): App\Models\UserFunctionModel->getListUserFunction()
#6 D:\Xampp\htdocs\Codeigniter4\system\CodeIgniter.php(934): App\Controllers\Dashboard\UserFunctionController->index()
#7 D:\Xampp\htdocs\Codeigniter4\system\CodeIgniter.php(499): CodeIgniter\CodeIgniter->runController(Object(App\Controllers\Dashboard\UserFunctionController))
#8 D:\Xampp\htdocs\Codeigniter4\system\CodeIgniter.php(368): CodeIgniter\CodeIgniter->handleRequest(NULL, Object(Config\Cache), false)
#9 D:\Xampp\htdocs\Codeigniter4\public\index.php(67): CodeIgniter\CodeIgniter->run()
#10 D:\Xampp\htdocs\Codeigniter4\system\Commands\Server\rewrite.php(47): require_once('D:\\Xampp\\htdocs...')
#11 {main}
CRITICAL - 2023-04-17 01:16:50 --> You have an error in your SQL syntax; check the manual that corresponds to your MariaDB server version for the right syntax to use near 'select * from ( select * from user_function where user_id = admin) as uf
FROM...' at line 1
in SYSTEMPATH\Database\BaseConnection.php on line 645.
 1 SYSTEMPATH\Database\BaseBuilder.php(1616): CodeIgniter\Database\BaseConnection->query('SELECT select * from ( select * from user_function where user_id = admin) as uf
FROM `user_function`
RIGHT JOIN `functions` ON `functions`.`function_id` = `uf`.`function_id`', [], false)
 2 APPPATH\Models\UserFunctionModel.php(20): CodeIgniter\Database\BaseBuilder->get()
 3 APPPATH\Controllers\Dashboard\UserFunctionController.php(24): App\Models\UserFunctionModel->getListUserFunction()
 4 SYSTEMPATH\CodeIgniter.php(934): App\Controllers\Dashboard\UserFunctionController->index()
 5 SYSTEMPATH\CodeIgniter.php(499): CodeIgniter\CodeIgniter->runController(Object(App\Controllers\Dashboard\UserFunctionController))
 6 SYSTEMPATH\CodeIgniter.php(368): CodeIgniter\CodeIgniter->handleRequest(null, Object(Config\Cache), false)
 7 FCPATH\index.php(67): CodeIgniter\CodeIgniter->run()
 8 SYSTEMPATH\Commands\Server\rewrite.php(47): require_once('FCPATH\\index.php')
ERROR - 2023-04-17 01:17:13 --> mysqli_sql_exception: You have an error in your SQL syntax; check the manual that corresponds to your MariaDB server version for the right syntax to use near 'select * from ( select * from user_function where user_id = "admin") as uf
FR...' at line 1 in D:\Xampp\htdocs\Codeigniter4\system\Database\MySQLi\Connection.php:295
Stack trace:
#0 D:\Xampp\htdocs\Codeigniter4\system\Database\MySQLi\Connection.php(295): mysqli->query('SELECT select *...', 0)
#1 D:\Xampp\htdocs\Codeigniter4\system\Database\BaseConnection.php(691): CodeIgniter\Database\MySQLi\Connection->execute('SELECT select *...')
#2 D:\Xampp\htdocs\Codeigniter4\system\Database\BaseConnection.php(605): CodeIgniter\Database\BaseConnection->simpleQuery('SELECT select *...')
#3 D:\Xampp\htdocs\Codeigniter4\system\Database\BaseBuilder.php(1616): CodeIgniter\Database\BaseConnection->query('SELECT select *...', Array, false)
#4 D:\Xampp\htdocs\Codeigniter4\app\Models\UserFunctionModel.php(20): CodeIgniter\Database\BaseBuilder->get()
#5 D:\Xampp\htdocs\Codeigniter4\app\Controllers\Dashboard\UserFunctionController.php(24): App\Models\UserFunctionModel->getListUserFunction()
#6 D:\Xampp\htdocs\Codeigniter4\system\CodeIgniter.php(934): App\Controllers\Dashboard\UserFunctionController->index()
#7 D:\Xampp\htdocs\Codeigniter4\system\CodeIgniter.php(499): CodeIgniter\CodeIgniter->runController(Object(App\Controllers\Dashboard\UserFunctionController))
#8 D:\Xampp\htdocs\Codeigniter4\system\CodeIgniter.php(368): CodeIgniter\CodeIgniter->handleRequest(NULL, Object(Config\Cache), false)
#9 D:\Xampp\htdocs\Codeigniter4\public\index.php(67): CodeIgniter\CodeIgniter->run()
#10 D:\Xampp\htdocs\Codeigniter4\system\Commands\Server\rewrite.php(47): require_once('D:\\Xampp\\htdocs...')
#11 {main}
CRITICAL - 2023-04-17 01:17:13 --> You have an error in your SQL syntax; check the manual that corresponds to your MariaDB server version for the right syntax to use near 'select * from ( select * from user_function where user_id = "admin") as uf
FR...' at line 1
in SYSTEMPATH\Database\BaseConnection.php on line 645.
 1 SYSTEMPATH\Database\BaseBuilder.php(1616): CodeIgniter\Database\BaseConnection->query('SELECT select * from ( select * from user_function where user_id = "admin") as uf
FROM `user_function`
RIGHT JOIN `functions` ON `functions`.`function_id` = `uf`.`function_id`', [], false)
 2 APPPATH\Models\UserFunctionModel.php(20): CodeIgniter\Database\BaseBuilder->get()
 3 APPPATH\Controllers\Dashboard\UserFunctionController.php(24): App\Models\UserFunctionModel->getListUserFunction()
 4 SYSTEMPATH\CodeIgniter.php(934): App\Controllers\Dashboard\UserFunctionController->index()
 5 SYSTEMPATH\CodeIgniter.php(499): CodeIgniter\CodeIgniter->runController(Object(App\Controllers\Dashboard\UserFunctionController))
 6 SYSTEMPATH\CodeIgniter.php(368): CodeIgniter\CodeIgniter->handleRequest(null, Object(Config\Cache), false)
 7 FCPATH\index.php(67): CodeIgniter\CodeIgniter->run()
 8 SYSTEMPATH\Commands\Server\rewrite.php(47): require_once('FCPATH\\index.php')
ERROR - 2023-04-17 01:17:14 --> mysqli_sql_exception: You have an error in your SQL syntax; check the manual that corresponds to your MariaDB server version for the right syntax to use near 'select * from ( select * from user_function where user_id = "admin") as uf
FR...' at line 1 in D:\Xampp\htdocs\Codeigniter4\system\Database\MySQLi\Connection.php:295
Stack trace:
#0 D:\Xampp\htdocs\Codeigniter4\system\Database\MySQLi\Connection.php(295): mysqli->query('SELECT select *...', 0)
#1 D:\Xampp\htdocs\Codeigniter4\system\Database\BaseConnection.php(691): CodeIgniter\Database\MySQLi\Connection->execute('SELECT select *...')
#2 D:\Xampp\htdocs\Codeigniter4\system\Database\BaseConnection.php(605): CodeIgniter\Database\BaseConnection->simpleQuery('SELECT select *...')
#3 D:\Xampp\htdocs\Codeigniter4\system\Database\BaseBuilder.php(1616): CodeIgniter\Database\BaseConnection->query('SELECT select *...', Array, false)
#4 D:\Xampp\htdocs\Codeigniter4\app\Models\UserFunctionModel.php(20): CodeIgniter\Database\BaseBuilder->get()
#5 D:\Xampp\htdocs\Codeigniter4\app\Controllers\Dashboard\UserFunctionController.php(24): App\Models\UserFunctionModel->getListUserFunction()
#6 D:\Xampp\htdocs\Codeigniter4\system\CodeIgniter.php(934): App\Controllers\Dashboard\UserFunctionController->index()
#7 D:\Xampp\htdocs\Codeigniter4\system\CodeIgniter.php(499): CodeIgniter\CodeIgniter->runController(Object(App\Controllers\Dashboard\UserFunctionController))
#8 D:\Xampp\htdocs\Codeigniter4\system\CodeIgniter.php(368): CodeIgniter\CodeIgniter->handleRequest(NULL, Object(Config\Cache), false)
#9 D:\Xampp\htdocs\Codeigniter4\public\index.php(67): CodeIgniter\CodeIgniter->run()
#10 D:\Xampp\htdocs\Codeigniter4\system\Commands\Server\rewrite.php(47): require_once('D:\\Xampp\\htdocs...')
#11 {main}
CRITICAL - 2023-04-17 01:17:14 --> You have an error in your SQL syntax; check the manual that corresponds to your MariaDB server version for the right syntax to use near 'select * from ( select * from user_function where user_id = "admin") as uf
FR...' at line 1
in SYSTEMPATH\Database\BaseConnection.php on line 645.
 1 SYSTEMPATH\Database\BaseBuilder.php(1616): CodeIgniter\Database\BaseConnection->query('SELECT select * from ( select * from user_function where user_id = "admin") as uf
FROM `user_function`
RIGHT JOIN `functions` ON `functions`.`function_id` = `uf`.`function_id`', [], false)
 2 APPPATH\Models\UserFunctionModel.php(20): CodeIgniter\Database\BaseBuilder->get()
 3 APPPATH\Controllers\Dashboard\UserFunctionController.php(24): App\Models\UserFunctionModel->getListUserFunction()
 4 SYSTEMPATH\CodeIgniter.php(934): App\Controllers\Dashboard\UserFunctionController->index()
 5 SYSTEMPATH\CodeIgniter.php(499): CodeIgniter\CodeIgniter->runController(Object(App\Controllers\Dashboard\UserFunctionController))
 6 SYSTEMPATH\CodeIgniter.php(368): CodeIgniter\CodeIgniter->handleRequest(null, Object(Config\Cache), false)
 7 FCPATH\index.php(67): CodeIgniter\CodeIgniter->run()
 8 SYSTEMPATH\Commands\Server\rewrite.php(47): require_once('FCPATH\\index.php')
ERROR - 2023-04-17 01:18:30 --> mysqli_sql_exception: You have an error in your SQL syntax; check the manual that corresponds to your MariaDB server version for the right syntax to use near 'select * from ( select * from user_function where user_id = 'admin') as uf
FR...' at line 1 in D:\Xampp\htdocs\Codeigniter4\system\Database\MySQLi\Connection.php:295
Stack trace:
#0 D:\Xampp\htdocs\Codeigniter4\system\Database\MySQLi\Connection.php(295): mysqli->query('SELECT select *...', 0)
#1 D:\Xampp\htdocs\Codeigniter4\system\Database\BaseConnection.php(691): CodeIgniter\Database\MySQLi\Connection->execute('SELECT select *...')
#2 D:\Xampp\htdocs\Codeigniter4\system\Database\BaseConnection.php(605): CodeIgniter\Database\BaseConnection->simpleQuery('SELECT select *...')
#3 D:\Xampp\htdocs\Codeigniter4\system\Database\BaseBuilder.php(1616): CodeIgniter\Database\BaseConnection->query('SELECT select *...', Array, false)
#4 D:\Xampp\htdocs\Codeigniter4\app\Models\UserFunctionModel.php(20): CodeIgniter\Database\BaseBuilder->get()
#5 D:\Xampp\htdocs\Codeigniter4\app\Controllers\Dashboard\UserFunctionController.php(24): App\Models\UserFunctionModel->getListUserFunction()
#6 D:\Xampp\htdocs\Codeigniter4\system\CodeIgniter.php(934): App\Controllers\Dashboard\UserFunctionController->index()
#7 D:\Xampp\htdocs\Codeigniter4\system\CodeIgniter.php(499): CodeIgniter\CodeIgniter->runController(Object(App\Controllers\Dashboard\UserFunctionController))
#8 D:\Xampp\htdocs\Codeigniter4\system\CodeIgniter.php(368): CodeIgniter\CodeIgniter->handleRequest(NULL, Object(Config\Cache), false)
#9 D:\Xampp\htdocs\Codeigniter4\public\index.php(67): CodeIgniter\CodeIgniter->run()
#10 D:\Xampp\htdocs\Codeigniter4\system\Commands\Server\rewrite.php(47): require_once('D:\\Xampp\\htdocs...')
#11 {main}
CRITICAL - 2023-04-17 01:18:30 --> You have an error in your SQL syntax; check the manual that corresponds to your MariaDB server version for the right syntax to use near 'select * from ( select * from user_function where user_id = 'admin') as uf
FR...' at line 1
in SYSTEMPATH\Database\BaseConnection.php on line 645.
 1 SYSTEMPATH\Database\BaseBuilder.php(1616): CodeIgniter\Database\BaseConnection->query('SELECT select * from ( select * from user_function where user_id = \'admin\') as uf
FROM `user_function`
RIGHT JOIN `functions` ON `functions`.`function_id` = `uf`.`function_id`', [], false)
 2 APPPATH\Models\UserFunctionModel.php(20): CodeIgniter\Database\BaseBuilder->get()
 3 APPPATH\Controllers\Dashboard\UserFunctionController.php(24): App\Models\UserFunctionModel->getListUserFunction()
 4 SYSTEMPATH\CodeIgniter.php(934): App\Controllers\Dashboard\UserFunctionController->index()
 5 SYSTEMPATH\CodeIgniter.php(499): CodeIgniter\CodeIgniter->runController(Object(App\Controllers\Dashboard\UserFunctionController))
 6 SYSTEMPATH\CodeIgniter.php(368): CodeIgniter\CodeIgniter->handleRequest(null, Object(Config\Cache), false)
 7 FCPATH\index.php(67): CodeIgniter\CodeIgniter->run()
 8 SYSTEMPATH\Commands\Server\rewrite.php(47): require_once('FCPATH\\index.php')
ERROR - 2023-04-17 01:19:18 --> mysqli_sql_exception: You have an error in your SQL syntax; check the manual that corresponds to your MariaDB server version for the right syntax to use near 'FROM `user_function`
RIGHT JOIN `functions` ON `functions`.`function_id` = `u...' at line 2 in D:\Xampp\htdocs\Codeigniter4\system\Database\MySQLi\Connection.php:295
Stack trace:
#0 D:\Xampp\htdocs\Codeigniter4\system\Database\MySQLi\Connection.php(295): mysqli->query('SELECT * from (...', 0)
#1 D:\Xampp\htdocs\Codeigniter4\system\Database\BaseConnection.php(691): CodeIgniter\Database\MySQLi\Connection->execute('SELECT * from (...')
#2 D:\Xampp\htdocs\Codeigniter4\system\Database\BaseConnection.php(605): CodeIgniter\Database\BaseConnection->simpleQuery('SELECT * from (...')
#3 D:\Xampp\htdocs\Codeigniter4\system\Database\BaseBuilder.php(1616): CodeIgniter\Database\BaseConnection->query('SELECT * from (...', Array, false)
#4 D:\Xampp\htdocs\Codeigniter4\app\Models\UserFunctionModel.php(20): CodeIgniter\Database\BaseBuilder->get()
#5 D:\Xampp\htdocs\Codeigniter4\app\Controllers\Dashboard\UserFunctionController.php(24): App\Models\UserFunctionModel->getListUserFunction()
#6 D:\Xampp\htdocs\Codeigniter4\system\CodeIgniter.php(934): App\Controllers\Dashboard\UserFunctionController->index()
#7 D:\Xampp\htdocs\Codeigniter4\system\CodeIgniter.php(499): CodeIgniter\CodeIgniter->runController(Object(App\Controllers\Dashboard\UserFunctionController))
#8 D:\Xampp\htdocs\Codeigniter4\system\CodeIgniter.php(368): CodeIgniter\CodeIgniter->handleRequest(NULL, Object(Config\Cache), false)
#9 D:\Xampp\htdocs\Codeigniter4\public\index.php(67): CodeIgniter\CodeIgniter->run()
#10 D:\Xampp\htdocs\Codeigniter4\system\Commands\Server\rewrite.php(47): require_once('D:\\Xampp\\htdocs...')
#11 {main}
CRITICAL - 2023-04-17 01:19:18 --> You have an error in your SQL syntax; check the manual that corresponds to your MariaDB server version for the right syntax to use near 'FROM `user_function`
RIGHT JOIN `functions` ON `functions`.`function_id` = `u...' at line 2
in SYSTEMPATH\Database\BaseConnection.php on line 645.
 1 SYSTEMPATH\Database\BaseBuilder.php(1616): CodeIgniter\Database\BaseConnection->query('SELECT * from ( select * from user_function where user_id = \'admin\') as uf
FROM `user_function`
RIGHT JOIN `functions` ON `functions`.`function_id` = `uf`.`function_id`', [], false)
 2 APPPATH\Models\UserFunctionModel.php(20): CodeIgniter\Database\BaseBuilder->get()
 3 APPPATH\Controllers\Dashboard\UserFunctionController.php(24): App\Models\UserFunctionModel->getListUserFunction()
 4 SYSTEMPATH\CodeIgniter.php(934): App\Controllers\Dashboard\UserFunctionController->index()
 5 SYSTEMPATH\CodeIgniter.php(499): CodeIgniter\CodeIgniter->runController(Object(App\Controllers\Dashboard\UserFunctionController))
 6 SYSTEMPATH\CodeIgniter.php(368): CodeIgniter\CodeIgniter->handleRequest(null, Object(Config\Cache), false)
 7 FCPATH\index.php(67): CodeIgniter\CodeIgniter->run()
 8 SYSTEMPATH\Commands\Server\rewrite.php(47): require_once('FCPATH\\index.php')
CRITICAL - 2023-04-17 01:20:03 --> Undefined variable $builder
in APPPATH\Models\UserFunctionModel.php on line 17.
 1 APPPATH\Models\UserFunctionModel.php(17): CodeIgniter\Debug\Exceptions->errorHandler(2, 'Undefined variable $builder', 'APPPATH\\Models\\UserFunctionModel.php', 17)
 2 APPPATH\Controllers\Dashboard\UserFunctionController.php(24): App\Models\UserFunctionModel->getListUserFunction()
 3 SYSTEMPATH\CodeIgniter.php(934): App\Controllers\Dashboard\UserFunctionController->index()
 4 SYSTEMPATH\CodeIgniter.php(499): CodeIgniter\CodeIgniter->runController(Object(App\Controllers\Dashboard\UserFunctionController))
 5 SYSTEMPATH\CodeIgniter.php(368): CodeIgniter\CodeIgniter->handleRequest(null, Object(Config\Cache), false)
 6 FCPATH\index.php(67): CodeIgniter\CodeIgniter->run()
 7 SYSTEMPATH\Commands\Server\rewrite.php(47): require_once('FCPATH\\index.php')
ERROR - 2023-04-17 01:20:35 --> mysqli_sql_exception: You have an error in your SQL syntax; check the manual that corresponds to your MariaDB server version for the right syntax to use near 'FROM `functions`
RIGHT JOIN `functions` ON `functions`.`function_id` = `uf`.`...' at line 2 in D:\Xampp\htdocs\Codeigniter4\system\Database\MySQLi\Connection.php:295
Stack trace:
#0 D:\Xampp\htdocs\Codeigniter4\system\Database\MySQLi\Connection.php(295): mysqli->query('SELECT * from (...', 0)
#1 D:\Xampp\htdocs\Codeigniter4\system\Database\BaseConnection.php(691): CodeIgniter\Database\MySQLi\Connection->execute('SELECT * from (...')
#2 D:\Xampp\htdocs\Codeigniter4\system\Database\BaseConnection.php(605): CodeIgniter\Database\BaseConnection->simpleQuery('SELECT * from (...')
#3 D:\Xampp\htdocs\Codeigniter4\system\Database\BaseBuilder.php(1616): CodeIgniter\Database\BaseConnection->query('SELECT * from (...', Array, false)
#4 D:\Xampp\htdocs\Codeigniter4\app\Models\UserFunctionModel.php(20): CodeIgniter\Database\BaseBuilder->get()
#5 D:\Xampp\htdocs\Codeigniter4\app\Controllers\Dashboard\UserFunctionController.php(24): App\Models\UserFunctionModel->getListUserFunction()
#6 D:\Xampp\htdocs\Codeigniter4\system\CodeIgniter.php(934): App\Controllers\Dashboard\UserFunctionController->index()
#7 D:\Xampp\htdocs\Codeigniter4\system\CodeIgniter.php(499): CodeIgniter\CodeIgniter->runController(Object(App\Controllers\Dashboard\UserFunctionController))
#8 D:\Xampp\htdocs\Codeigniter4\system\CodeIgniter.php(368): CodeIgniter\CodeIgniter->handleRequest(NULL, Object(Config\Cache), false)
#9 D:\Xampp\htdocs\Codeigniter4\public\index.php(67): CodeIgniter\CodeIgniter->run()
#10 D:\Xampp\htdocs\Codeigniter4\system\Commands\Server\rewrite.php(47): require_once('D:\\Xampp\\htdocs...')
#11 {main}
CRITICAL - 2023-04-17 01:20:35 --> You have an error in your SQL syntax; check the manual that corresponds to your MariaDB server version for the right syntax to use near 'FROM `functions`
RIGHT JOIN `functions` ON `functions`.`function_id` = `uf`.`...' at line 2
in SYSTEMPATH\Database\BaseConnection.php on line 645.
 1 SYSTEMPATH\Database\BaseBuilder.php(1616): CodeIgniter\Database\BaseConnection->query('SELECT * from ( select * from user_function where user_id = \'admin\') as uf
FROM `functions`
RIGHT JOIN `functions` ON `functions`.`function_id` = `uf`.`function_id`', [], false)
 2 APPPATH\Models\UserFunctionModel.php(20): CodeIgniter\Database\BaseBuilder->get()
 3 APPPATH\Controllers\Dashboard\UserFunctionController.php(24): App\Models\UserFunctionModel->getListUserFunction()
 4 SYSTEMPATH\CodeIgniter.php(934): App\Controllers\Dashboard\UserFunctionController->index()
 5 SYSTEMPATH\CodeIgniter.php(499): CodeIgniter\CodeIgniter->runController(Object(App\Controllers\Dashboard\UserFunctionController))
 6 SYSTEMPATH\CodeIgniter.php(368): CodeIgniter\CodeIgniter->handleRequest(null, Object(Config\Cache), false)
 7 FCPATH\index.php(67): CodeIgniter\CodeIgniter->run()
 8 SYSTEMPATH\Commands\Server\rewrite.php(47): require_once('FCPATH\\index.php')
ERROR - 2023-04-17 01:21:12 --> mysqli_sql_exception: You have an error in your SQL syntax; check the manual that corresponds to your MariaDB server version for the right syntax to use near 'FROM `uf`
RIGHT JOIN `functions` ON `functions`.`function_id` = `uf`.`functio...' at line 2 in D:\Xampp\htdocs\Codeigniter4\system\Database\MySQLi\Connection.php:295
Stack trace:
#0 D:\Xampp\htdocs\Codeigniter4\system\Database\MySQLi\Connection.php(295): mysqli->query('SELECT * from (...', 0)
#1 D:\Xampp\htdocs\Codeigniter4\system\Database\BaseConnection.php(691): CodeIgniter\Database\MySQLi\Connection->execute('SELECT * from (...')
#2 D:\Xampp\htdocs\Codeigniter4\system\Database\BaseConnection.php(605): CodeIgniter\Database\BaseConnection->simpleQuery('SELECT * from (...')
#3 D:\Xampp\htdocs\Codeigniter4\system\Database\BaseBuilder.php(1616): CodeIgniter\Database\BaseConnection->query('SELECT * from (...', Array, false)
#4 D:\Xampp\htdocs\Codeigniter4\app\Models\UserFunctionModel.php(20): CodeIgniter\Database\BaseBuilder->get()
#5 D:\Xampp\htdocs\Codeigniter4\app\Controllers\Dashboard\UserFunctionController.php(24): App\Models\UserFunctionModel->getListUserFunction()
#6 D:\Xampp\htdocs\Codeigniter4\system\CodeIgniter.php(934): App\Controllers\Dashboard\UserFunctionController->index()
#7 D:\Xampp\htdocs\Codeigniter4\system\CodeIgniter.php(499): CodeIgniter\CodeIgniter->runController(Object(App\Controllers\Dashboard\UserFunctionController))
#8 D:\Xampp\htdocs\Codeigniter4\system\CodeIgniter.php(368): CodeIgniter\CodeIgniter->handleRequest(NULL, Object(Config\Cache), false)
#9 D:\Xampp\htdocs\Codeigniter4\public\index.php(67): CodeIgniter\CodeIgniter->run()
#10 D:\Xampp\htdocs\Codeigniter4\system\Commands\Server\rewrite.php(47): require_once('D:\\Xampp\\htdocs...')
#11 {main}
CRITICAL - 2023-04-17 01:21:12 --> You have an error in your SQL syntax; check the manual that corresponds to your MariaDB server version for the right syntax to use near 'FROM `uf`
RIGHT JOIN `functions` ON `functions`.`function_id` = `uf`.`functio...' at line 2
in SYSTEMPATH\Database\BaseConnection.php on line 645.
 1 SYSTEMPATH\Database\BaseBuilder.php(1616): CodeIgniter\Database\BaseConnection->query('SELECT * from ( select * from user_function where user_id = \'admin\') as uf
FROM `uf`
RIGHT JOIN `functions` ON `functions`.`function_id` = `uf`.`function_id`', [], false)
 2 APPPATH\Models\UserFunctionModel.php(20): CodeIgniter\Database\BaseBuilder->get()
 3 APPPATH\Controllers\Dashboard\UserFunctionController.php(24): App\Models\UserFunctionModel->getListUserFunction()
 4 SYSTEMPATH\CodeIgniter.php(934): App\Controllers\Dashboard\UserFunctionController->index()
 5 SYSTEMPATH\CodeIgniter.php(499): CodeIgniter\CodeIgniter->runController(Object(App\Controllers\Dashboard\UserFunctionController))
 6 SYSTEMPATH\CodeIgniter.php(368): CodeIgniter\CodeIgniter->handleRequest(null, Object(Config\Cache), false)
 7 FCPATH\index.php(67): CodeIgniter\CodeIgniter->run()
 8 SYSTEMPATH\Commands\Server\rewrite.php(47): require_once('FCPATH\\index.php')
ERROR - 2023-04-17 01:21:28 --> mysqli_sql_exception: You have an error in your SQL syntax; check the manual that corresponds to your MariaDB server version for the right syntax to use near 'select * from ( select * from user_function where user_id = 'admin') as uf
FR...' at line 1 in D:\Xampp\htdocs\Codeigniter4\system\Database\MySQLi\Connection.php:295
Stack trace:
#0 D:\Xampp\htdocs\Codeigniter4\system\Database\MySQLi\Connection.php(295): mysqli->query('SELECT select *...', 0)
#1 D:\Xampp\htdocs\Codeigniter4\system\Database\BaseConnection.php(691): CodeIgniter\Database\MySQLi\Connection->execute('SELECT select *...')
#2 D:\Xampp\htdocs\Codeigniter4\system\Database\BaseConnection.php(605): CodeIgniter\Database\BaseConnection->simpleQuery('SELECT select *...')
#3 D:\Xampp\htdocs\Codeigniter4\system\Database\BaseBuilder.php(1616): CodeIgniter\Database\BaseConnection->query('SELECT select *...', Array, false)
#4 D:\Xampp\htdocs\Codeigniter4\app\Models\UserFunctionModel.php(20): CodeIgniter\Database\BaseBuilder->get()
#5 D:\Xampp\htdocs\Codeigniter4\app\Controllers\Dashboard\UserFunctionController.php(24): App\Models\UserFunctionModel->getListUserFunction()
#6 D:\Xampp\htdocs\Codeigniter4\system\CodeIgniter.php(934): App\Controllers\Dashboard\UserFunctionController->index()
#7 D:\Xampp\htdocs\Codeigniter4\system\CodeIgniter.php(499): CodeIgniter\CodeIgniter->runController(Object(App\Controllers\Dashboard\UserFunctionController))
#8 D:\Xampp\htdocs\Codeigniter4\system\CodeIgniter.php(368): CodeIgniter\CodeIgniter->handleRequest(NULL, Object(Config\Cache), false)
#9 D:\Xampp\htdocs\Codeigniter4\public\index.php(67): CodeIgniter\CodeIgniter->run()
#10 D:\Xampp\htdocs\Codeigniter4\system\Commands\Server\rewrite.php(47): require_once('D:\\Xampp\\htdocs...')
#11 {main}
CRITICAL - 2023-04-17 01:21:28 --> You have an error in your SQL syntax; check the manual that corresponds to your MariaDB server version for the right syntax to use near 'select * from ( select * from user_function where user_id = 'admin') as uf
FR...' at line 1
in SYSTEMPATH\Database\BaseConnection.php on line 645.
 1 SYSTEMPATH\Database\BaseBuilder.php(1616): CodeIgniter\Database\BaseConnection->query('SELECT select * from ( select * from user_function where user_id = \'admin\') as uf
FROM `uf`
RIGHT JOIN `functions` ON `functions`.`function_id` = `uf`.`function_id`', [], false)
 2 APPPATH\Models\UserFunctionModel.php(20): CodeIgniter\Database\BaseBuilder->get()
 3 APPPATH\Controllers\Dashboard\UserFunctionController.php(24): App\Models\UserFunctionModel->getListUserFunction()
 4 SYSTEMPATH\CodeIgniter.php(934): App\Controllers\Dashboard\UserFunctionController->index()
 5 SYSTEMPATH\CodeIgniter.php(499): CodeIgniter\CodeIgniter->runController(Object(App\Controllers\Dashboard\UserFunctionController))
 6 SYSTEMPATH\CodeIgniter.php(368): CodeIgniter\CodeIgniter->handleRequest(null, Object(Config\Cache), false)
 7 FCPATH\index.php(67): CodeIgniter\CodeIgniter->run()
 8 SYSTEMPATH\Commands\Server\rewrite.php(47): require_once('FCPATH\\index.php')
ERROR - 2023-04-17 01:21:56 --> mysqli_sql_exception: You have an error in your SQL syntax; check the manual that corresponds to your MariaDB server version for the right syntax to use near 'SELECT * from ( select * from user_function where user_id = 'admin') as uf
FR...' at line 1 in D:\Xampp\htdocs\Codeigniter4\system\Database\MySQLi\Connection.php:295
Stack trace:
#0 D:\Xampp\htdocs\Codeigniter4\system\Database\MySQLi\Connection.php(295): mysqli->query('SELECT SELECT *...', 0)
#1 D:\Xampp\htdocs\Codeigniter4\system\Database\BaseConnection.php(691): CodeIgniter\Database\MySQLi\Connection->execute('SELECT SELECT *...')
#2 D:\Xampp\htdocs\Codeigniter4\system\Database\BaseConnection.php(605): CodeIgniter\Database\BaseConnection->simpleQuery('SELECT SELECT *...')
#3 D:\Xampp\htdocs\Codeigniter4\system\Database\BaseBuilder.php(1616): CodeIgniter\Database\BaseConnection->query('SELECT SELECT *...', Array, false)
#4 D:\Xampp\htdocs\Codeigniter4\app\Models\UserFunctionModel.php(20): CodeIgniter\Database\BaseBuilder->get()
#5 D:\Xampp\htdocs\Codeigniter4\app\Controllers\Dashboard\UserFunctionController.php(24): App\Models\UserFunctionModel->getListUserFunction()
#6 D:\Xampp\htdocs\Codeigniter4\system\CodeIgniter.php(934): App\Controllers\Dashboard\UserFunctionController->index()
#7 D:\Xampp\htdocs\Codeigniter4\system\CodeIgniter.php(499): CodeIgniter\CodeIgniter->runController(Object(App\Controllers\Dashboard\UserFunctionController))
#8 D:\Xampp\htdocs\Codeigniter4\system\CodeIgniter.php(368): CodeIgniter\CodeIgniter->handleRequest(NULL, Object(Config\Cache), false)
#9 D:\Xampp\htdocs\Codeigniter4\public\index.php(67): CodeIgniter\CodeIgniter->run()
#10 D:\Xampp\htdocs\Codeigniter4\system\Commands\Server\rewrite.php(47): require_once('D:\\Xampp\\htdocs...')
#11 {main}
CRITICAL - 2023-04-17 01:21:56 --> You have an error in your SQL syntax; check the manual that corresponds to your MariaDB server version for the right syntax to use near 'SELECT * from ( select * from user_function where user_id = 'admin') as uf
FR...' at line 1
in SYSTEMPATH\Database\BaseConnection.php on line 645.
 1 SYSTEMPATH\Database\BaseBuilder.php(1616): CodeIgniter\Database\BaseConnection->query('SELECT SELECT * from ( select * from user_function where user_id = \'admin\') as uf
FROM `uf`
RIGHT JOIN `functions` ON `functions`.`function_id` = `uf`.`function_id`', [], false)
 2 APPPATH\Models\UserFunctionModel.php(20): CodeIgniter\Database\BaseBuilder->get()
 3 APPPATH\Controllers\Dashboard\UserFunctionController.php(24): App\Models\UserFunctionModel->getListUserFunction()
 4 SYSTEMPATH\CodeIgniter.php(934): App\Controllers\Dashboard\UserFunctionController->index()
 5 SYSTEMPATH\CodeIgniter.php(499): CodeIgniter\CodeIgniter->runController(Object(App\Controllers\Dashboard\UserFunctionController))
 6 SYSTEMPATH\CodeIgniter.php(368): CodeIgniter\CodeIgniter->handleRequest(null, Object(Config\Cache), false)
 7 FCPATH\index.php(67): CodeIgniter\CodeIgniter->run()
 8 SYSTEMPATH\Commands\Server\rewrite.php(47): require_once('FCPATH\\index.php')
ERROR - 2023-04-17 01:21:57 --> mysqli_sql_exception: You have an error in your SQL syntax; check the manual that corresponds to your MariaDB server version for the right syntax to use near 'SELECT * from ( select * from user_function where user_id = 'admin') as uf
FR...' at line 1 in D:\Xampp\htdocs\Codeigniter4\system\Database\MySQLi\Connection.php:295
Stack trace:
#0 D:\Xampp\htdocs\Codeigniter4\system\Database\MySQLi\Connection.php(295): mysqli->query('SELECT SELECT *...', 0)
#1 D:\Xampp\htdocs\Codeigniter4\system\Database\BaseConnection.php(691): CodeIgniter\Database\MySQLi\Connection->execute('SELECT SELECT *...')
#2 D:\Xampp\htdocs\Codeigniter4\system\Database\BaseConnection.php(605): CodeIgniter\Database\BaseConnection->simpleQuery('SELECT SELECT *...')
#3 D:\Xampp\htdocs\Codeigniter4\system\Database\BaseBuilder.php(1616): CodeIgniter\Database\BaseConnection->query('SELECT SELECT *...', Array, false)
#4 D:\Xampp\htdocs\Codeigniter4\app\Models\UserFunctionModel.php(20): CodeIgniter\Database\BaseBuilder->get()
#5 D:\Xampp\htdocs\Codeigniter4\app\Controllers\Dashboard\UserFunctionController.php(24): App\Models\UserFunctionModel->getListUserFunction()
#6 D:\Xampp\htdocs\Codeigniter4\system\CodeIgniter.php(934): App\Controllers\Dashboard\UserFunctionController->index()
#7 D:\Xampp\htdocs\Codeigniter4\system\CodeIgniter.php(499): CodeIgniter\CodeIgniter->runController(Object(App\Controllers\Dashboard\UserFunctionController))
#8 D:\Xampp\htdocs\Codeigniter4\system\CodeIgniter.php(368): CodeIgniter\CodeIgniter->handleRequest(NULL, Object(Config\Cache), false)
#9 D:\Xampp\htdocs\Codeigniter4\public\index.php(67): CodeIgniter\CodeIgniter->run()
#10 D:\Xampp\htdocs\Codeigniter4\system\Commands\Server\rewrite.php(47): require_once('D:\\Xampp\\htdocs...')
#11 {main}
CRITICAL - 2023-04-17 01:21:57 --> You have an error in your SQL syntax; check the manual that corresponds to your MariaDB server version for the right syntax to use near 'SELECT * from ( select * from user_function where user_id = 'admin') as uf
FR...' at line 1
in SYSTEMPATH\Database\BaseConnection.php on line 645.
 1 SYSTEMPATH\Database\BaseBuilder.php(1616): CodeIgniter\Database\BaseConnection->query('SELECT SELECT * from ( select * from user_function where user_id = \'admin\') as uf
FROM `uf`
RIGHT JOIN `functions` ON `functions`.`function_id` = `uf`.`function_id`', [], false)
 2 APPPATH\Models\UserFunctionModel.php(20): CodeIgniter\Database\BaseBuilder->get()
 3 APPPATH\Controllers\Dashboard\UserFunctionController.php(24): App\Models\UserFunctionModel->getListUserFunction()
 4 SYSTEMPATH\CodeIgniter.php(934): App\Controllers\Dashboard\UserFunctionController->index()
 5 SYSTEMPATH\CodeIgniter.php(499): CodeIgniter\CodeIgniter->runController(Object(App\Controllers\Dashboard\UserFunctionController))
 6 SYSTEMPATH\CodeIgniter.php(368): CodeIgniter\CodeIgniter->handleRequest(null, Object(Config\Cache), false)
 7 FCPATH\index.php(67): CodeIgniter\CodeIgniter->run()
 8 SYSTEMPATH\Commands\Server\rewrite.php(47): require_once('FCPATH\\index.php')
ERROR - 2023-04-17 01:21:58 --> mysqli_sql_exception: You have an error in your SQL syntax; check the manual that corresponds to your MariaDB server version for the right syntax to use near 'SELECT * from ( select * from user_function where user_id = 'admin') as uf
FR...' at line 1 in D:\Xampp\htdocs\Codeigniter4\system\Database\MySQLi\Connection.php:295
Stack trace:
#0 D:\Xampp\htdocs\Codeigniter4\system\Database\MySQLi\Connection.php(295): mysqli->query('SELECT SELECT *...', 0)
#1 D:\Xampp\htdocs\Codeigniter4\system\Database\BaseConnection.php(691): CodeIgniter\Database\MySQLi\Connection->execute('SELECT SELECT *...')
#2 D:\Xampp\htdocs\Codeigniter4\system\Database\BaseConnection.php(605): CodeIgniter\Database\BaseConnection->simpleQuery('SELECT SELECT *...')
#3 D:\Xampp\htdocs\Codeigniter4\system\Database\BaseBuilder.php(1616): CodeIgniter\Database\BaseConnection->query('SELECT SELECT *...', Array, false)
#4 D:\Xampp\htdocs\Codeigniter4\app\Models\UserFunctionModel.php(20): CodeIgniter\Database\BaseBuilder->get()
#5 D:\Xampp\htdocs\Codeigniter4\app\Controllers\Dashboard\UserFunctionController.php(24): App\Models\UserFunctionModel->getListUserFunction()
#6 D:\Xampp\htdocs\Codeigniter4\system\CodeIgniter.php(934): App\Controllers\Dashboard\UserFunctionController->index()
#7 D:\Xampp\htdocs\Codeigniter4\system\CodeIgniter.php(499): CodeIgniter\CodeIgniter->runController(Object(App\Controllers\Dashboard\UserFunctionController))
#8 D:\Xampp\htdocs\Codeigniter4\system\CodeIgniter.php(368): CodeIgniter\CodeIgniter->handleRequest(NULL, Object(Config\Cache), false)
#9 D:\Xampp\htdocs\Codeigniter4\public\index.php(67): CodeIgniter\CodeIgniter->run()
#10 D:\Xampp\htdocs\Codeigniter4\system\Commands\Server\rewrite.php(47): require_once('D:\\Xampp\\htdocs...')
#11 {main}
CRITICAL - 2023-04-17 01:21:58 --> You have an error in your SQL syntax; check the manual that corresponds to your MariaDB server version for the right syntax to use near 'SELECT * from ( select * from user_function where user_id = 'admin') as uf
FR...' at line 1
in SYSTEMPATH\Database\BaseConnection.php on line 645.
 1 SYSTEMPATH\Database\BaseBuilder.php(1616): CodeIgniter\Database\BaseConnection->query('SELECT SELECT * from ( select * from user_function where user_id = \'admin\') as uf
FROM `uf`
RIGHT JOIN `functions` ON `functions`.`function_id` = `uf`.`function_id`', [], false)
 2 APPPATH\Models\UserFunctionModel.php(20): CodeIgniter\Database\BaseBuilder->get()
 3 APPPATH\Controllers\Dashboard\UserFunctionController.php(24): App\Models\UserFunctionModel->getListUserFunction()
 4 SYSTEMPATH\CodeIgniter.php(934): App\Controllers\Dashboard\UserFunctionController->index()
 5 SYSTEMPATH\CodeIgniter.php(499): CodeIgniter\CodeIgniter->runController(Object(App\Controllers\Dashboard\UserFunctionController))
 6 SYSTEMPATH\CodeIgniter.php(368): CodeIgniter\CodeIgniter->handleRequest(null, Object(Config\Cache), false)
 7 FCPATH\index.php(67): CodeIgniter\CodeIgniter->run()
 8 SYSTEMPATH\Commands\Server\rewrite.php(47): require_once('FCPATH\\index.php')
CRITICAL - 2023-04-17 02:53:27 --> Unmatched '}'
in APPPATH\Views\dashboard\user_function_view.php on line 47.
 1 SYSTEMPATH\View\View.php(216): CodeIgniter\View\View->CodeIgniter\View\{closure}()
 2 SYSTEMPATH\Common.php(1184): CodeIgniter\View\View->render('dashboard/user_function_view', [], true)
 3 APPPATH\Controllers\BaseController.php(65): view('dashboard/user_function_view', [...])
 4 APPPATH\Controllers\Dashboard\UserFunctionController.php(26): App\Controllers\BaseController->page_construct('dashboard/user_function_view', [...], [...])
 5 SYSTEMPATH\CodeIgniter.php(934): App\Controllers\Dashboard\UserFunctionController->index()
 6 SYSTEMPATH\CodeIgniter.php(499): CodeIgniter\CodeIgniter->runController(Object(App\Controllers\Dashboard\UserFunctionController))
 7 SYSTEMPATH\CodeIgniter.php(368): CodeIgniter\CodeIgniter->handleRequest(null, Object(Config\Cache), false)
 8 FCPATH\index.php(67): CodeIgniter\CodeIgniter->run()
 9 SYSTEMPATH\Commands\Server\rewrite.php(47): require_once('FCPATH\\index.php')
CRITICAL - 2023-04-17 02:53:39 --> Undefined variable $listUserFunction
in APPPATH\Views\dashboard\user_function_view.php on line 34.
 1 APPPATH\Views\dashboard\user_function_view.php(34): CodeIgniter\Debug\Exceptions->errorHandler(2, 'Undefined variable $listUserFunction', 'APPPATH\\Views\\dashboard\\user_function_view.php', 34)
 2 SYSTEMPATH\View\View.php(213): include('APPPATH\\Views\\dashboard\\user_function_view.php')
 3 SYSTEMPATH\View\View.php(216): CodeIgniter\View\View->CodeIgniter\View\{closure}()
 4 SYSTEMPATH\Common.php(1184): CodeIgniter\View\View->render('dashboard/user_function_view', [], true)
 5 APPPATH\Controllers\BaseController.php(65): view('dashboard/user_function_view', [...])
 6 APPPATH\Controllers\Dashboard\UserFunctionController.php(26): App\Controllers\BaseController->page_construct('dashboard/user_function_view', [...], [...])
 7 SYSTEMPATH\CodeIgniter.php(934): App\Controllers\Dashboard\UserFunctionController->index()
 8 SYSTEMPATH\CodeIgniter.php(499): CodeIgniter\CodeIgniter->runController(Object(App\Controllers\Dashboard\UserFunctionController))
 9 SYSTEMPATH\CodeIgniter.php(368): CodeIgniter\CodeIgniter->handleRequest(null, Object(Config\Cache), false)
10 FCPATH\index.php(67): CodeIgniter\CodeIgniter->run()
11 SYSTEMPATH\Commands\Server\rewrite.php(47): require_once('FCPATH\\index.php')
CRITICAL - 2023-04-17 02:54:06 --> Undefined array key "$listUserFunction"
in APPPATH\Controllers\Dashboard\UserFunctionController.php on line 25.
 1 APPPATH\Controllers\Dashboard\UserFunctionController.php(25): CodeIgniter\Debug\Exceptions->errorHandler(2, 'Undefined array key "$listUserFunction"', 'APPPATH\\Controllers\\Dashboard\\UserFunctionController.php', 25)
 2 SYSTEMPATH\CodeIgniter.php(934): App\Controllers\Dashboard\UserFunctionController->index()
 3 SYSTEMPATH\CodeIgniter.php(499): CodeIgniter\CodeIgniter->runController(Object(App\Controllers\Dashboard\UserFunctionController))
 4 SYSTEMPATH\CodeIgniter.php(368): CodeIgniter\CodeIgniter->handleRequest(null, Object(Config\Cache), false)
 5 FCPATH\index.php(67): CodeIgniter\CodeIgniter->run()
 6 SYSTEMPATH\Commands\Server\rewrite.php(47): require_once('FCPATH\\index.php')
CRITICAL - 2023-04-17 02:58:15 --> Undefined variable $item
in APPPATH\Views\dashboard\user_function_view.php on line 41.
 1 APPPATH\Views\dashboard\user_function_view.php(41): CodeIgniter\Debug\Exceptions->errorHandler(2, 'Undefined variable $item', 'APPPATH\\Views\\dashboard\\user_function_view.php', 41)
 2 SYSTEMPATH\View\View.php(213): include('APPPATH\\Views\\dashboard\\user_function_view.php')
 3 SYSTEMPATH\View\View.php(216): CodeIgniter\View\View->CodeIgniter\View\{closure}()
 4 SYSTEMPATH\Common.php(1184): CodeIgniter\View\View->render('dashboard/user_function_view', [], true)
 5 APPPATH\Controllers\BaseController.php(65): view('dashboard/user_function_view', [...])
 6 APPPATH\Controllers\Dashboard\UserFunctionController.php(25): App\Controllers\BaseController->page_construct('dashboard/user_function_view', [...], [...])
 7 SYSTEMPATH\CodeIgniter.php(934): App\Controllers\Dashboard\UserFunctionController->index()
 8 SYSTEMPATH\CodeIgniter.php(499): CodeIgniter\CodeIgniter->runController(Object(App\Controllers\Dashboard\UserFunctionController))
 9 SYSTEMPATH\CodeIgniter.php(368): CodeIgniter\CodeIgniter->handleRequest(null, Object(Config\Cache), false)
10 FCPATH\index.php(67): CodeIgniter\CodeIgniter->run()
11 SYSTEMPATH\Commands\Server\rewrite.php(47): require_once('FCPATH\\index.php')
CRITICAL - 2023-04-17 09:06:17 --> Undefined array key "user_id"
in APPPATH\Models\UserFunctionModel.php on line 43.
 1 APPPATH\Models\UserFunctionModel.php(43): CodeIgniter\Debug\Exceptions->errorHandler(2, 'Undefined array key "user_id"', 'APPPATH\\Models\\UserFunctionModel.php', 43)
 2 APPPATH\Controllers\Dashboard\UserFunctionController.php(31): App\Models\UserFunctionModel->update_uf([...])
 3 SYSTEMPATH\CodeIgniter.php(934): App\Controllers\Dashboard\UserFunctionController->update()
 4 SYSTEMPATH\CodeIgniter.php(499): CodeIgniter\CodeIgniter->runController(Object(App\Controllers\Dashboard\UserFunctionController))
 5 SYSTEMPATH\CodeIgniter.php(368): CodeIgniter\CodeIgniter->handleRequest(null, Object(Config\Cache), false)
 6 FCPATH\index.php(67): CodeIgniter\CodeIgniter->run()
 7 SYSTEMPATH\Commands\Server\rewrite.php(47): require_once('FCPATH\\index.php')
CRITICAL - 2023-04-17 09:07:27 --> Undefined array key "user_id"
in APPPATH\Models\UserFunctionModel.php on line 43.
 1 APPPATH\Models\UserFunctionModel.php(43): CodeIgniter\Debug\Exceptions->errorHandler(2, 'Undefined array key "user_id"', 'APPPATH\\Models\\UserFunctionModel.php', 43)
 2 APPPATH\Controllers\Dashboard\UserFunctionController.php(31): App\Models\UserFunctionModel->update_uf([...])
 3 SYSTEMPATH\CodeIgniter.php(934): App\Controllers\Dashboard\UserFunctionController->update()
 4 SYSTEMPATH\CodeIgniter.php(499): CodeIgniter\CodeIgniter->runController(Object(App\Controllers\Dashboard\UserFunctionController))
 5 SYSTEMPATH\CodeIgniter.php(368): CodeIgniter\CodeIgniter->handleRequest(null, Object(Config\Cache), false)
 6 FCPATH\index.php(67): CodeIgniter\CodeIgniter->run()
 7 SYSTEMPATH\Commands\Server\rewrite.php(47): require_once('FCPATH\\index.php')
CRITICAL - 2023-04-17 09:15:01 --> Undefined array key "user_id"
in APPPATH\Models\UserFunctionModel.php on line 43.
 1 APPPATH\Models\UserFunctionModel.php(43): CodeIgniter\Debug\Exceptions->errorHandler(2, 'Undefined array key "user_id"', 'APPPATH\\Models\\UserFunctionModel.php', 43)
 2 APPPATH\Controllers\Dashboard\UserFunctionController.php(32): App\Models\UserFunctionModel->update_uf([...])
 3 SYSTEMPATH\CodeIgniter.php(934): App\Controllers\Dashboard\UserFunctionController->update()
 4 SYSTEMPATH\CodeIgniter.php(499): CodeIgniter\CodeIgniter->runController(Object(App\Controllers\Dashboard\UserFunctionController))
 5 SYSTEMPATH\CodeIgniter.php(368): CodeIgniter\CodeIgniter->handleRequest(null, Object(Config\Cache), false)
 6 FCPATH\index.php(67): CodeIgniter\CodeIgniter->run()
 7 SYSTEMPATH\Commands\Server\rewrite.php(47): require_once('FCPATH\\index.php')
CRITICAL - 2023-04-17 09:15:17 --> Undefined array key "user_id"
in APPPATH\Models\UserFunctionModel.php on line 43.
 1 APPPATH\Models\UserFunctionModel.php(43): CodeIgniter\Debug\Exceptions->errorHandler(2, 'Undefined array key "user_id"', 'APPPATH\\Models\\UserFunctionModel.php', 43)
 2 APPPATH\Controllers\Dashboard\UserFunctionController.php(32): App\Models\UserFunctionModel->update_uf([...])
 3 SYSTEMPATH\CodeIgniter.php(934): App\Controllers\Dashboard\UserFunctionController->update()
 4 SYSTEMPATH\CodeIgniter.php(499): CodeIgniter\CodeIgniter->runController(Object(App\Controllers\Dashboard\UserFunctionController))
 5 SYSTEMPATH\CodeIgniter.php(368): CodeIgniter\CodeIgniter->handleRequest(null, Object(Config\Cache), false)
 6 FCPATH\index.php(67): CodeIgniter\CodeIgniter->run()
 7 SYSTEMPATH\Commands\Server\rewrite.php(47): require_once('FCPATH\\index.php')
CRITICAL - 2023-04-17 09:15:18 --> Undefined array key "user_id"
in APPPATH\Models\UserFunctionModel.php on line 43.
 1 APPPATH\Models\UserFunctionModel.php(43): CodeIgniter\Debug\Exceptions->errorHandler(2, 'Undefined array key "user_id"', 'APPPATH\\Models\\UserFunctionModel.php', 43)
 2 APPPATH\Controllers\Dashboard\UserFunctionController.php(32): App\Models\UserFunctionModel->update_uf([...])
 3 SYSTEMPATH\CodeIgniter.php(934): App\Controllers\Dashboard\UserFunctionController->update()
 4 SYSTEMPATH\CodeIgniter.php(499): CodeIgniter\CodeIgniter->runController(Object(App\Controllers\Dashboard\UserFunctionController))
 5 SYSTEMPATH\CodeIgniter.php(368): CodeIgniter\CodeIgniter->handleRequest(null, Object(Config\Cache), false)
 6 FCPATH\index.php(67): CodeIgniter\CodeIgniter->run()
 7 SYSTEMPATH\Commands\Server\rewrite.php(47): require_once('FCPATH\\index.php')
