ERROR - 2023-05-10 01:48:18 --> Error connecting to the database: mysqli_sql_exception: No connection could be made because the target machine actively refused it in D:\Xampp\htdocs\Codeigniter4\system\Database\MySQLi\Connection.php:173
Stack trace:
#0 D:\Xampp\htdocs\Codeigniter4\system\Database\MySQLi\Connection.php(173): mysqli->real_connect('localhost', 'root', Object(SensitiveParameterValue), 'qlbaocao', 3306, '', 0)
#1 D:\Xampp\htdocs\Codeigniter4\system\Database\BaseConnection.php(391): CodeIgniter\Database\MySQLi\Connection->connect(false)
#2 D:\Xampp\htdocs\Codeigniter4\system\Database\BaseConnection.php(573): CodeIgniter\Database\BaseConnection->initialize()
#3 D:\Xampp\htdocs\Codeigniter4\system\Database\BaseBuilder.php(1616): CodeIgniter\Database\BaseConnection->query('SELECT *\nFROM `...', Array, false)
#4 D:\Xampp\htdocs\Codeigniter4\app\Libraries\lib_auth.php(38): CodeIgniter\Database\BaseBuilder->get()
#5 D:\Xampp\htdocs\Codeigniter4\app\Libraries\lib_auth.php(13): App\Libraries\lib_auth->getFuntionUser(NULL)
#6 D:\Xampp\htdocs\Codeigniter4\app\Controllers\BaseController.php(58): App\Libraries\lib_auth->__construct()
#7 D:\Xampp\htdocs\Codeigniter4\system\CodeIgniter.php(907): App\Controllers\BaseController->initController(Object(CodeIgniter\HTTP\IncomingRequest), Object(CodeIgniter\HTTP\Response), Object(CodeIgniter\Log\Logger))
#8 D:\Xampp\htdocs\Codeigniter4\system\CodeIgniter.php(490): CodeIgniter\CodeIgniter->createController()
#9 D:\Xampp\htdocs\Codeigniter4\system\CodeIgniter.php(368): CodeIgniter\CodeIgniter->handleRequest(NULL, Object(Config\Cache), false)
#10 D:\Xampp\htdocs\Codeigniter4\public\index.php(67): CodeIgniter\CodeIgniter->run()
#11 D:\Xampp\htdocs\Codeigniter4\system\Commands\Server\rewrite.php(47): require_once('D:\\Xampp\\htdocs...')
#12 {main}

Next CodeIgniter\Database\Exceptions\DatabaseException: No connection could be made because the target machine actively refused it in D:\Xampp\htdocs\Codeigniter4\system\Database\MySQLi\Connection.php:218
Stack trace:
#0 D:\Xampp\htdocs\Codeigniter4\system\Database\BaseConnection.php(391): CodeIgniter\Database\MySQLi\Connection->connect(false)
#1 D:\Xampp\htdocs\Codeigniter4\system\Database\BaseConnection.php(573): CodeIgniter\Database\BaseConnection->initialize()
#2 D:\Xampp\htdocs\Codeigniter4\system\Database\BaseBuilder.php(1616): CodeIgniter\Database\BaseConnection->query('SELECT *\nFROM `...', Array, false)
#3 D:\Xampp\htdocs\Codeigniter4\app\Libraries\lib_auth.php(38): CodeIgniter\Database\BaseBuilder->get()
#4 D:\Xampp\htdocs\Codeigniter4\app\Libraries\lib_auth.php(13): App\Libraries\lib_auth->getFuntionUser(NULL)
#5 D:\Xampp\htdocs\Codeigniter4\app\Controllers\BaseController.php(58): App\Libraries\lib_auth->__construct()
#6 D:\Xampp\htdocs\Codeigniter4\system\CodeIgniter.php(907): App\Controllers\BaseController->initController(Object(CodeIgniter\HTTP\IncomingRequest), Object(CodeIgniter\HTTP\Response), Object(CodeIgniter\Log\Logger))
#7 D:\Xampp\htdocs\Codeigniter4\system\CodeIgniter.php(490): CodeIgniter\CodeIgniter->createController()
#8 D:\Xampp\htdocs\Codeigniter4\system\CodeIgniter.php(368): CodeIgniter\CodeIgniter->handleRequest(NULL, Object(Config\Cache), false)
#9 D:\Xampp\htdocs\Codeigniter4\public\index.php(67): CodeIgniter\CodeIgniter->run()
#10 D:\Xampp\htdocs\Codeigniter4\system\Commands\Server\rewrite.php(47): require_once('D:\\Xampp\\htdocs...')
#11 {main}
CRITICAL - 2023-05-10 01:48:18 --> Unable to connect to the database.
Main connection [MySQLi]: No connection could be made because the target machine actively refused it
in SYSTEMPATH\Database\BaseConnection.php on line 427.
 1 SYSTEMPATH\Database\BaseConnection.php(573): CodeIgniter\Database\BaseConnection->initialize()
 2 SYSTEMPATH\Database\BaseBuilder.php(1616): CodeIgniter\Database\BaseConnection->query('SELECT *
FROM `user_function`
WHERE `user_id` IS NULL', [], false)
 3 APPPATH\Libraries\lib_auth.php(38): CodeIgniter\Database\BaseBuilder->get()
 4 APPPATH\Libraries\lib_auth.php(13): App\Libraries\lib_auth->getFuntionUser(null)
 5 APPPATH\Controllers\BaseController.php(58): App\Libraries\lib_auth->__construct()
 6 SYSTEMPATH\CodeIgniter.php(907): App\Controllers\BaseController->initController(Object(CodeIgniter\HTTP\IncomingRequest), Object(CodeIgniter\HTTP\Response), Object(CodeIgniter\Log\Logger))
 7 SYSTEMPATH\CodeIgniter.php(490): CodeIgniter\CodeIgniter->createController()
 8 SYSTEMPATH\CodeIgniter.php(368): CodeIgniter\CodeIgniter->handleRequest(null, Object(Config\Cache), false)
 9 FCPATH\index.php(67): CodeIgniter\CodeIgniter->run()
10 SYSTEMPATH\Commands\Server\rewrite.php(47): require_once('FCPATH\\index.php')
CRITICAL - 2023-05-10 03:00:13 --> Unsupported operand types: string + string
in APPPATH\Models\ReportGroupModel.php on line 123.
 1 APPPATH\Controllers\Dashboard\ReportGroupController.php(53): App\Models\ReportGroupModel->save_report_group([...])
 2 SYSTEMPATH\CodeIgniter.php(934): App\Controllers\Dashboard\ReportGroupController->save_report_group()
 3 SYSTEMPATH\CodeIgniter.php(499): CodeIgniter\CodeIgniter->runController(Object(App\Controllers\Dashboard\ReportGroupController))
 4 SYSTEMPATH\CodeIgniter.php(368): CodeIgniter\CodeIgniter->handleRequest(null, Object(Config\Cache), false)
 5 FCPATH\index.php(67): CodeIgniter\CodeIgniter->run()
 6 SYSTEMPATH\Commands\Server\rewrite.php(47): require_once('FCPATH\\index.php')
CRITICAL - 2023-05-10 03:00:55 --> Unsupported operand types: string + string
in APPPATH\Models\ReportGroupModel.php on line 123.
 1 APPPATH\Controllers\Dashboard\ReportGroupController.php(53): App\Models\ReportGroupModel->save_report_group([...])
 2 SYSTEMPATH\CodeIgniter.php(934): App\Controllers\Dashboard\ReportGroupController->save_report_group()
 3 SYSTEMPATH\CodeIgniter.php(499): CodeIgniter\CodeIgniter->runController(Object(App\Controllers\Dashboard\ReportGroupController))
 4 SYSTEMPATH\CodeIgniter.php(368): CodeIgniter\CodeIgniter->handleRequest(null, Object(Config\Cache), false)
 5 FCPATH\index.php(67): CodeIgniter\CodeIgniter->run()
 6 SYSTEMPATH\Commands\Server\rewrite.php(47): require_once('FCPATH\\index.php')
CRITICAL - 2023-05-10 03:48:39 --> Undefined array key "quarter_month"
in APPPATH\Models\ReportGroupModel.php on line 63.
 1 APPPATH\Models\ReportGroupModel.php(63): CodeIgniter\Debug\Exceptions->errorHandler(2, 'Undefined array key "quarter_month"', 'APPPATH\\Models\\ReportGroupModel.php', 63)
 2 APPPATH\Controllers\Dashboard\ReportGroupController.php(42): App\Models\ReportGroupModel->getListReportGroupPrint([...])
 3 SYSTEMPATH\CodeIgniter.php(934): App\Controllers\Dashboard\ReportGroupController->data_report_group_print()
 4 SYSTEMPATH\CodeIgniter.php(499): CodeIgniter\CodeIgniter->runController(Object(App\Controllers\Dashboard\ReportGroupController))
 5 SYSTEMPATH\CodeIgniter.php(368): CodeIgniter\CodeIgniter->handleRequest(null, Object(Config\Cache), false)
 6 FCPATH\index.php(67): CodeIgniter\CodeIgniter->run()
 7 SYSTEMPATH\Commands\Server\rewrite.php(47): require_once('FCPATH\\index.php')
CRITICAL - 2023-05-10 03:48:42 --> Undefined array key "quarter_month"
in APPPATH\Models\ReportGroupModel.php on line 63.
 1 APPPATH\Models\ReportGroupModel.php(63): CodeIgniter\Debug\Exceptions->errorHandler(2, 'Undefined array key "quarter_month"', 'APPPATH\\Models\\ReportGroupModel.php', 63)
 2 APPPATH\Controllers\Dashboard\ReportGroupController.php(42): App\Models\ReportGroupModel->getListReportGroupPrint([...])
 3 SYSTEMPATH\CodeIgniter.php(934): App\Controllers\Dashboard\ReportGroupController->data_report_group_print()
 4 SYSTEMPATH\CodeIgniter.php(499): CodeIgniter\CodeIgniter->runController(Object(App\Controllers\Dashboard\ReportGroupController))
 5 SYSTEMPATH\CodeIgniter.php(368): CodeIgniter\CodeIgniter->handleRequest(null, Object(Config\Cache), false)
 6 FCPATH\index.php(67): CodeIgniter\CodeIgniter->run()
 7 SYSTEMPATH\Commands\Server\rewrite.php(47): require_once('FCPATH\\index.php')
CRITICAL - 2023-05-10 03:48:43 --> Undefined array key "quarter_month"
in APPPATH\Models\ReportGroupModel.php on line 63.
 1 APPPATH\Models\ReportGroupModel.php(63): CodeIgniter\Debug\Exceptions->errorHandler(2, 'Undefined array key "quarter_month"', 'APPPATH\\Models\\ReportGroupModel.php', 63)
 2 APPPATH\Controllers\Dashboard\ReportGroupController.php(42): App\Models\ReportGroupModel->getListReportGroupPrint([...])
 3 SYSTEMPATH\CodeIgniter.php(934): App\Controllers\Dashboard\ReportGroupController->data_report_group_print()
 4 SYSTEMPATH\CodeIgniter.php(499): CodeIgniter\CodeIgniter->runController(Object(App\Controllers\Dashboard\ReportGroupController))
 5 SYSTEMPATH\CodeIgniter.php(368): CodeIgniter\CodeIgniter->handleRequest(null, Object(Config\Cache), false)
 6 FCPATH\index.php(67): CodeIgniter\CodeIgniter->run()
 7 SYSTEMPATH\Commands\Server\rewrite.php(47): require_once('FCPATH\\index.php')
CRITICAL - 2023-05-10 03:49:12 --> Undefined array key "quarter_month"
in APPPATH\Models\ReportGroupModel.php on line 63.
 1 APPPATH\Models\ReportGroupModel.php(63): CodeIgniter\Debug\Exceptions->errorHandler(2, 'Undefined array key "quarter_month"', 'APPPATH\\Models\\ReportGroupModel.php', 63)
 2 APPPATH\Controllers\Dashboard\ReportGroupController.php(42): App\Models\ReportGroupModel->getListReportGroupPrint([...])
 3 SYSTEMPATH\CodeIgniter.php(934): App\Controllers\Dashboard\ReportGroupController->data_report_group_print()
 4 SYSTEMPATH\CodeIgniter.php(499): CodeIgniter\CodeIgniter->runController(Object(App\Controllers\Dashboard\ReportGroupController))
 5 SYSTEMPATH\CodeIgniter.php(368): CodeIgniter\CodeIgniter->handleRequest(null, Object(Config\Cache), false)
 6 FCPATH\index.php(67): CodeIgniter\CodeIgniter->run()
 7 SYSTEMPATH\Commands\Server\rewrite.php(47): require_once('FCPATH\\index.php')
CRITICAL - 2023-05-10 04:13:18 --> Too few arguments to function App\Models\ReportGroupModel::getGroupParent(), 0 passed in D:\Xampp\htdocs\Codeigniter4\app\Controllers\Dashboard\ReportGroupController.php on line 21 and exactly 1 expected
in APPPATH\Models\ReportGroupModel.php on line 233.
 1 APPPATH\Controllers\Dashboard\ReportGroupController.php(21): App\Models\ReportGroupModel->getGroupParent()
 2 SYSTEMPATH\CodeIgniter.php(934): App\Controllers\Dashboard\ReportGroupController->report_print()
 3 SYSTEMPATH\CodeIgniter.php(499): CodeIgniter\CodeIgniter->runController(Object(App\Controllers\Dashboard\ReportGroupController))
 4 SYSTEMPATH\CodeIgniter.php(368): CodeIgniter\CodeIgniter->handleRequest(null, Object(Config\Cache), false)
 5 FCPATH\index.php(67): CodeIgniter\CodeIgniter->run()
 6 SYSTEMPATH\Commands\Server\rewrite.php(47): require_once('FCPATH\\index.php')
CRITICAL - 2023-05-10 04:14:44 --> Too few arguments to function App\Models\ReportGroupModel::getGroupParent(), 0 passed in D:\Xampp\htdocs\Codeigniter4\app\Models\ReportGroupModel.php on line 83 and exactly 1 expected
in APPPATH\Models\ReportGroupModel.php on line 233.
 1 APPPATH\Models\ReportGroupModel.php(83): App\Models\ReportGroupModel->getGroupParent()
 2 APPPATH\Controllers\Dashboard\ReportGroupController.php(41): App\Models\ReportGroupModel->getListReportGroupPrint([...])
 3 SYSTEMPATH\CodeIgniter.php(934): App\Controllers\Dashboard\ReportGroupController->data_report_group_print()
 4 SYSTEMPATH\CodeIgniter.php(499): CodeIgniter\CodeIgniter->runController(Object(App\Controllers\Dashboard\ReportGroupController))
 5 SYSTEMPATH\CodeIgniter.php(368): CodeIgniter\CodeIgniter->handleRequest(null, Object(Config\Cache), false)
 6 FCPATH\index.php(67): CodeIgniter\CodeIgniter->run()
 7 SYSTEMPATH\Commands\Server\rewrite.php(47): require_once('FCPATH\\index.php')
CRITICAL - 2023-05-10 07:55:56 --> Unsupported operand types: int + string
in APPPATH\Models\ReportGroupModel.php on line 160.
 1 APPPATH\Controllers\Dashboard\ReportGroupController.php(52): App\Models\ReportGroupModel->save_report_group([...])
 2 SYSTEMPATH\CodeIgniter.php(934): App\Controllers\Dashboard\ReportGroupController->save_report_group()
 3 SYSTEMPATH\CodeIgniter.php(499): CodeIgniter\CodeIgniter->runController(Object(App\Controllers\Dashboard\ReportGroupController))
 4 SYSTEMPATH\CodeIgniter.php(368): CodeIgniter\CodeIgniter->handleRequest(null, Object(Config\Cache), false)
 5 FCPATH\index.php(67): CodeIgniter\CodeIgniter->run()
 6 SYSTEMPATH\Commands\Server\rewrite.php(47): require_once('FCPATH\\index.php')
CRITICAL - 2023-05-10 07:56:07 --> Unsupported operand types: int + string
in APPPATH\Models\ReportGroupModel.php on line 160.
 1 APPPATH\Controllers\Dashboard\ReportGroupController.php(52): App\Models\ReportGroupModel->save_report_group([...])
 2 SYSTEMPATH\CodeIgniter.php(934): App\Controllers\Dashboard\ReportGroupController->save_report_group()
 3 SYSTEMPATH\CodeIgniter.php(499): CodeIgniter\CodeIgniter->runController(Object(App\Controllers\Dashboard\ReportGroupController))
 4 SYSTEMPATH\CodeIgniter.php(368): CodeIgniter\CodeIgniter->handleRequest(null, Object(Config\Cache), false)
 5 FCPATH\index.php(67): CodeIgniter\CodeIgniter->run()
 6 SYSTEMPATH\Commands\Server\rewrite.php(47): require_once('FCPATH\\index.php')
CRITICAL - 2023-05-10 08:05:25 --> Unsupported operand types: int + string
in APPPATH\Models\ReportGroupModel.php on line 160.
 1 APPPATH\Controllers\Dashboard\ReportGroupController.php(52): App\Models\ReportGroupModel->save_report_group([...])
 2 SYSTEMPATH\CodeIgniter.php(934): App\Controllers\Dashboard\ReportGroupController->save_report_group()
 3 SYSTEMPATH\CodeIgniter.php(499): CodeIgniter\CodeIgniter->runController(Object(App\Controllers\Dashboard\ReportGroupController))
 4 SYSTEMPATH\CodeIgniter.php(368): CodeIgniter\CodeIgniter->handleRequest(null, Object(Config\Cache), false)
 5 FCPATH\index.php(67): CodeIgniter\CodeIgniter->run()
 6 SYSTEMPATH\Commands\Server\rewrite.php(47): require_once('FCPATH\\index.php')
CRITICAL - 2023-05-10 08:06:04 --> Unsupported operand types: int + string
in APPPATH\Models\ReportGroupModel.php on line 160.
 1 APPPATH\Controllers\Dashboard\ReportGroupController.php(52): App\Models\ReportGroupModel->save_report_group([...])
 2 SYSTEMPATH\CodeIgniter.php(934): App\Controllers\Dashboard\ReportGroupController->save_report_group()
 3 SYSTEMPATH\CodeIgniter.php(499): CodeIgniter\CodeIgniter->runController(Object(App\Controllers\Dashboard\ReportGroupController))
 4 SYSTEMPATH\CodeIgniter.php(368): CodeIgniter\CodeIgniter->handleRequest(null, Object(Config\Cache), false)
 5 FCPATH\index.php(67): CodeIgniter\CodeIgniter->run()
 6 SYSTEMPATH\Commands\Server\rewrite.php(47): require_once('FCPATH\\index.php')
CRITICAL - 2023-05-10 08:07:04 --> Unsupported operand types: string + string
in APPPATH\Models\ReportGroupModel.php on line 161.
 1 APPPATH\Controllers\Dashboard\ReportGroupController.php(52): App\Models\ReportGroupModel->save_report_group([...])
 2 SYSTEMPATH\CodeIgniter.php(934): App\Controllers\Dashboard\ReportGroupController->save_report_group()
 3 SYSTEMPATH\CodeIgniter.php(499): CodeIgniter\CodeIgniter->runController(Object(App\Controllers\Dashboard\ReportGroupController))
 4 SYSTEMPATH\CodeIgniter.php(368): CodeIgniter\CodeIgniter->handleRequest(null, Object(Config\Cache), false)
 5 FCPATH\index.php(67): CodeIgniter\CodeIgniter->run()
 6 SYSTEMPATH\Commands\Server\rewrite.php(47): require_once('FCPATH\\index.php')
CRITICAL - 2023-05-10 08:08:23 --> Unsupported operand types: string + string
in APPPATH\Models\ReportGroupModel.php on line 161.
 1 APPPATH\Controllers\Dashboard\ReportGroupController.php(52): App\Models\ReportGroupModel->save_report_group([...])
 2 SYSTEMPATH\CodeIgniter.php(934): App\Controllers\Dashboard\ReportGroupController->save_report_group()
 3 SYSTEMPATH\CodeIgniter.php(499): CodeIgniter\CodeIgniter->runController(Object(App\Controllers\Dashboard\ReportGroupController))
 4 SYSTEMPATH\CodeIgniter.php(368): CodeIgniter\CodeIgniter->handleRequest(null, Object(Config\Cache), false)
 5 FCPATH\index.php(67): CodeIgniter\CodeIgniter->run()
 6 SYSTEMPATH\Commands\Server\rewrite.php(47): require_once('FCPATH\\index.php')
CRITICAL - 2023-05-10 08:08:59 --> Unsupported operand types: string + string
in APPPATH\Models\ReportGroupModel.php on line 161.
 1 APPPATH\Controllers\Dashboard\ReportGroupController.php(52): App\Models\ReportGroupModel->save_report_group([...])
 2 SYSTEMPATH\CodeIgniter.php(934): App\Controllers\Dashboard\ReportGroupController->save_report_group()
 3 SYSTEMPATH\CodeIgniter.php(499): CodeIgniter\CodeIgniter->runController(Object(App\Controllers\Dashboard\ReportGroupController))
 4 SYSTEMPATH\CodeIgniter.php(368): CodeIgniter\CodeIgniter->handleRequest(null, Object(Config\Cache), false)
 5 FCPATH\index.php(67): CodeIgniter\CodeIgniter->run()
 6 SYSTEMPATH\Commands\Server\rewrite.php(47): require_once('FCPATH\\index.php')
CRITICAL - 2023-05-10 08:10:09 --> Unsupported operand types: string + string
in APPPATH\Models\ReportGroupModel.php on line 162.
 1 APPPATH\Controllers\Dashboard\ReportGroupController.php(52): App\Models\ReportGroupModel->save_report_group([...])
 2 SYSTEMPATH\CodeIgniter.php(934): App\Controllers\Dashboard\ReportGroupController->save_report_group()
 3 SYSTEMPATH\CodeIgniter.php(499): CodeIgniter\CodeIgniter->runController(Object(App\Controllers\Dashboard\ReportGroupController))
 4 SYSTEMPATH\CodeIgniter.php(368): CodeIgniter\CodeIgniter->handleRequest(null, Object(Config\Cache), false)
 5 FCPATH\index.php(67): CodeIgniter\CodeIgniter->run()
 6 SYSTEMPATH\Commands\Server\rewrite.php(47): require_once('FCPATH\\index.php')
CRITICAL - 2023-05-10 08:11:23 --> Unsupported operand types: string + string
in APPPATH\Models\ReportGroupModel.php on line 162.
 1 APPPATH\Controllers\Dashboard\ReportGroupController.php(52): App\Models\ReportGroupModel->save_report_group([...])
 2 SYSTEMPATH\CodeIgniter.php(934): App\Controllers\Dashboard\ReportGroupController->save_report_group()
 3 SYSTEMPATH\CodeIgniter.php(499): CodeIgniter\CodeIgniter->runController(Object(App\Controllers\Dashboard\ReportGroupController))
 4 SYSTEMPATH\CodeIgniter.php(368): CodeIgniter\CodeIgniter->handleRequest(null, Object(Config\Cache), false)
 5 FCPATH\index.php(67): CodeIgniter\CodeIgniter->run()
 6 SYSTEMPATH\Commands\Server\rewrite.php(47): require_once('FCPATH\\index.php')
CRITICAL - 2023-05-10 08:11:24 --> Unsupported operand types: string + string
in APPPATH\Models\ReportGroupModel.php on line 162.
 1 APPPATH\Controllers\Dashboard\ReportGroupController.php(52): App\Models\ReportGroupModel->save_report_group([...])
 2 SYSTEMPATH\CodeIgniter.php(934): App\Controllers\Dashboard\ReportGroupController->save_report_group()
 3 SYSTEMPATH\CodeIgniter.php(499): CodeIgniter\CodeIgniter->runController(Object(App\Controllers\Dashboard\ReportGroupController))
 4 SYSTEMPATH\CodeIgniter.php(368): CodeIgniter\CodeIgniter->handleRequest(null, Object(Config\Cache), false)
 5 FCPATH\index.php(67): CodeIgniter\CodeIgniter->run()
 6 SYSTEMPATH\Commands\Server\rewrite.php(47): require_once('FCPATH\\index.php')
CRITICAL - 2023-05-10 08:11:49 --> Unsupported operand types: string + string
in APPPATH\Models\ReportGroupModel.php on line 162.
 1 APPPATH\Controllers\Dashboard\ReportGroupController.php(52): App\Models\ReportGroupModel->save_report_group([...])
 2 SYSTEMPATH\CodeIgniter.php(934): App\Controllers\Dashboard\ReportGroupController->save_report_group()
 3 SYSTEMPATH\CodeIgniter.php(499): CodeIgniter\CodeIgniter->runController(Object(App\Controllers\Dashboard\ReportGroupController))
 4 SYSTEMPATH\CodeIgniter.php(368): CodeIgniter\CodeIgniter->handleRequest(null, Object(Config\Cache), false)
 5 FCPATH\index.php(67): CodeIgniter\CodeIgniter->run()
 6 SYSTEMPATH\Commands\Server\rewrite.php(47): require_once('FCPATH\\index.php')
CRITICAL - 2023-05-10 08:11:50 --> Unsupported operand types: string + string
in APPPATH\Models\ReportGroupModel.php on line 162.
 1 APPPATH\Controllers\Dashboard\ReportGroupController.php(52): App\Models\ReportGroupModel->save_report_group([...])
 2 SYSTEMPATH\CodeIgniter.php(934): App\Controllers\Dashboard\ReportGroupController->save_report_group()
 3 SYSTEMPATH\CodeIgniter.php(499): CodeIgniter\CodeIgniter->runController(Object(App\Controllers\Dashboard\ReportGroupController))
 4 SYSTEMPATH\CodeIgniter.php(368): CodeIgniter\CodeIgniter->handleRequest(null, Object(Config\Cache), false)
 5 FCPATH\index.php(67): CodeIgniter\CodeIgniter->run()
 6 SYSTEMPATH\Commands\Server\rewrite.php(47): require_once('FCPATH\\index.php')
CRITICAL - 2023-05-10 08:12:00 --> Unsupported operand types: string + string
in APPPATH\Models\ReportGroupModel.php on line 162.
 1 APPPATH\Controllers\Dashboard\ReportGroupController.php(52): App\Models\ReportGroupModel->save_report_group([...])
 2 SYSTEMPATH\CodeIgniter.php(934): App\Controllers\Dashboard\ReportGroupController->save_report_group()
 3 SYSTEMPATH\CodeIgniter.php(499): CodeIgniter\CodeIgniter->runController(Object(App\Controllers\Dashboard\ReportGroupController))
 4 SYSTEMPATH\CodeIgniter.php(368): CodeIgniter\CodeIgniter->handleRequest(null, Object(Config\Cache), false)
 5 FCPATH\index.php(67): CodeIgniter\CodeIgniter->run()
 6 SYSTEMPATH\Commands\Server\rewrite.php(47): require_once('FCPATH\\index.php')
CRITICAL - 2023-05-10 08:16:11 --> Unsupported operand types: string / string
in APPPATH\Models\ReportGroupModel.php on line 173.
 1 APPPATH\Controllers\Dashboard\ReportGroupController.php(52): App\Models\ReportGroupModel->save_report_group([...])
 2 SYSTEMPATH\CodeIgniter.php(934): App\Controllers\Dashboard\ReportGroupController->save_report_group()
 3 SYSTEMPATH\CodeIgniter.php(499): CodeIgniter\CodeIgniter->runController(Object(App\Controllers\Dashboard\ReportGroupController))
 4 SYSTEMPATH\CodeIgniter.php(368): CodeIgniter\CodeIgniter->handleRequest(null, Object(Config\Cache), false)
 5 FCPATH\index.php(67): CodeIgniter\CodeIgniter->run()
 6 SYSTEMPATH\Commands\Server\rewrite.php(47): require_once('FCPATH\\index.php')
CRITICAL - 2023-05-10 08:16:39 --> Unsupported operand types: string / string
in APPPATH\Models\ReportGroupModel.php on line 173.
 1 APPPATH\Controllers\Dashboard\ReportGroupController.php(52): App\Models\ReportGroupModel->save_report_group([...])
 2 SYSTEMPATH\CodeIgniter.php(934): App\Controllers\Dashboard\ReportGroupController->save_report_group()
 3 SYSTEMPATH\CodeIgniter.php(499): CodeIgniter\CodeIgniter->runController(Object(App\Controllers\Dashboard\ReportGroupController))
 4 SYSTEMPATH\CodeIgniter.php(368): CodeIgniter\CodeIgniter->handleRequest(null, Object(Config\Cache), false)
 5 FCPATH\index.php(67): CodeIgniter\CodeIgniter->run()
 6 SYSTEMPATH\Commands\Server\rewrite.php(47): require_once('FCPATH\\index.php')
CRITICAL - 2023-05-10 08:18:40 --> Unsupported operand types: string / string
in APPPATH\Models\ReportGroupModel.php on line 173.
 1 APPPATH\Controllers\Dashboard\ReportGroupController.php(52): App\Models\ReportGroupModel->save_report_group([...])
 2 SYSTEMPATH\CodeIgniter.php(934): App\Controllers\Dashboard\ReportGroupController->save_report_group()
 3 SYSTEMPATH\CodeIgniter.php(499): CodeIgniter\CodeIgniter->runController(Object(App\Controllers\Dashboard\ReportGroupController))
 4 SYSTEMPATH\CodeIgniter.php(368): CodeIgniter\CodeIgniter->handleRequest(null, Object(Config\Cache), false)
 5 FCPATH\index.php(67): CodeIgniter\CodeIgniter->run()
 6 SYSTEMPATH\Commands\Server\rewrite.php(47): require_once('FCPATH\\index.php')
CRITICAL - 2023-05-10 08:23:58 --> Unsupported operand types: string / string
in APPPATH\Models\ReportGroupModel.php on line 173.
 1 APPPATH\Controllers\Dashboard\ReportGroupController.php(52): App\Models\ReportGroupModel->save_report_group([...])
 2 SYSTEMPATH\CodeIgniter.php(934): App\Controllers\Dashboard\ReportGroupController->save_report_group()
 3 SYSTEMPATH\CodeIgniter.php(499): CodeIgniter\CodeIgniter->runController(Object(App\Controllers\Dashboard\ReportGroupController))
 4 SYSTEMPATH\CodeIgniter.php(368): CodeIgniter\CodeIgniter->handleRequest(null, Object(Config\Cache), false)
 5 FCPATH\index.php(67): CodeIgniter\CodeIgniter->run()
 6 SYSTEMPATH\Commands\Server\rewrite.php(47): require_once('FCPATH\\index.php')
CRITICAL - 2023-05-10 08:28:36 --> Unsupported operand types: string / string
in APPPATH\Models\ReportGroupModel.php on line 173.
 1 APPPATH\Controllers\Dashboard\ReportGroupController.php(52): App\Models\ReportGroupModel->save_report_group([...])
 2 SYSTEMPATH\CodeIgniter.php(934): App\Controllers\Dashboard\ReportGroupController->save_report_group()
 3 SYSTEMPATH\CodeIgniter.php(499): CodeIgniter\CodeIgniter->runController(Object(App\Controllers\Dashboard\ReportGroupController))
 4 SYSTEMPATH\CodeIgniter.php(368): CodeIgniter\CodeIgniter->handleRequest(null, Object(Config\Cache), false)
 5 FCPATH\index.php(67): CodeIgniter\CodeIgniter->run()
 6 SYSTEMPATH\Commands\Server\rewrite.php(47): require_once('FCPATH\\index.php')
CRITICAL - 2023-05-10 09:16:00 --> Undefined property: stdClass::$row_parent
in APPPATH\Models\ReportGroupModel.php on line 122.
 1 APPPATH\Models\ReportGroupModel.php(122): CodeIgniter\Debug\Exceptions->errorHandler(2, 'Undefined property: stdClass::$row_parent', 'APPPATH\\Models\\ReportGroupModel.php', 122)
 2 APPPATH\Controllers\Dashboard\ReportGroupController.php(41): App\Models\ReportGroupModel->getListReportGroupPrint([...])
 3 SYSTEMPATH\CodeIgniter.php(934): App\Controllers\Dashboard\ReportGroupController->data_report_group_print()
 4 SYSTEMPATH\CodeIgniter.php(499): CodeIgniter\CodeIgniter->runController(Object(App\Controllers\Dashboard\ReportGroupController))
 5 SYSTEMPATH\CodeIgniter.php(368): CodeIgniter\CodeIgniter->handleRequest(null, Object(Config\Cache), false)
 6 FCPATH\index.php(67): CodeIgniter\CodeIgniter->run()
 7 SYSTEMPATH\Commands\Server\rewrite.php(47): require_once('FCPATH\\index.php')
CRITICAL - 2023-05-10 09:16:01 --> Undefined property: stdClass::$row_parent
in APPPATH\Models\ReportGroupModel.php on line 122.
 1 APPPATH\Models\ReportGroupModel.php(122): CodeIgniter\Debug\Exceptions->errorHandler(2, 'Undefined property: stdClass::$row_parent', 'APPPATH\\Models\\ReportGroupModel.php', 122)
 2 APPPATH\Controllers\Dashboard\ReportGroupController.php(41): App\Models\ReportGroupModel->getListReportGroupPrint([...])
 3 SYSTEMPATH\CodeIgniter.php(934): App\Controllers\Dashboard\ReportGroupController->data_report_group_print()
 4 SYSTEMPATH\CodeIgniter.php(499): CodeIgniter\CodeIgniter->runController(Object(App\Controllers\Dashboard\ReportGroupController))
 5 SYSTEMPATH\CodeIgniter.php(368): CodeIgniter\CodeIgniter->handleRequest(null, Object(Config\Cache), false)
 6 FCPATH\index.php(67): CodeIgniter\CodeIgniter->run()
 7 SYSTEMPATH\Commands\Server\rewrite.php(47): require_once('FCPATH\\index.php')
CRITICAL - 2023-05-10 09:16:42 --> Undefined property: stdClass::$row_parent
in APPPATH\Models\ReportGroupModel.php on line 122.
 1 APPPATH\Models\ReportGroupModel.php(122): CodeIgniter\Debug\Exceptions->errorHandler(2, 'Undefined property: stdClass::$row_parent', 'APPPATH\\Models\\ReportGroupModel.php', 122)
 2 APPPATH\Controllers\Dashboard\ReportGroupController.php(41): App\Models\ReportGroupModel->getListReportGroupPrint([...])
 3 SYSTEMPATH\CodeIgniter.php(934): App\Controllers\Dashboard\ReportGroupController->data_report_group_print()
 4 SYSTEMPATH\CodeIgniter.php(499): CodeIgniter\CodeIgniter->runController(Object(App\Controllers\Dashboard\ReportGroupController))
 5 SYSTEMPATH\CodeIgniter.php(368): CodeIgniter\CodeIgniter->handleRequest(null, Object(Config\Cache), false)
 6 FCPATH\index.php(67): CodeIgniter\CodeIgniter->run()
 7 SYSTEMPATH\Commands\Server\rewrite.php(47): require_once('FCPATH\\index.php')
