CRITICAL - 2023-04-11 08:29:43 --> Undefined array key "remember"
in APPPATH\Models\UserModel.php on line 247.
 1 APPPATH\Models\UserModel.php(247): CodeIgniter\Debug\Exceptions->errorHandler(2, 'Undefined array key "remember"', 'APPPATH\\Models\\UserModel.php', 247)
 2 APPPATH\Controllers\LoginController.php(22): App\Models\UserModel->login([...])
 3 SYSTEMPATH\CodeIgniter.php(934): App\Controllers\LoginController->login_ajax()
 4 SYSTEMPATH\CodeIgniter.php(499): CodeIgniter\CodeIgniter->runController(Object(App\Controllers\LoginController))
 5 SYSTEMPATH\CodeIgniter.php(368): CodeIgniter\CodeIgniter->handleRequest(null, Object(Config\Cache), false)
 6 FCPATH\index.php(67): CodeIgniter\CodeIgniter->run()
 7 SYSTEMPATH\Commands\Server\rewrite.php(47): require_once('FCPATH\\index.php')
CRITICAL - 2023-04-11 08:30:39 --> Undefined array key "remember"
in APPPATH\Models\UserModel.php on line 247.
 1 APPPATH\Models\UserModel.php(247): CodeIgniter\Debug\Exceptions->errorHandler(2, 'Undefined array key "remember"', 'APPPATH\\Models\\UserModel.php', 247)
 2 APPPATH\Controllers\LoginController.php(22): App\Models\UserModel->login([...])
 3 SYSTEMPATH\CodeIgniter.php(934): App\Controllers\LoginController->login_ajax()
 4 SYSTEMPATH\CodeIgniter.php(499): CodeIgniter\CodeIgniter->runController(Object(App\Controllers\LoginController))
 5 SYSTEMPATH\CodeIgniter.php(368): CodeIgniter\CodeIgniter->handleRequest(null, Object(Config\Cache), false)
 6 FCPATH\index.php(67): CodeIgniter\CodeIgniter->run()
 7 SYSTEMPATH\Commands\Server\rewrite.php(47): require_once('FCPATH\\index.php')
CRITICAL - 2023-04-11 08:31:34 --> Undefined array key "remember"
in APPPATH\Models\UserModel.php on line 247.
 1 APPPATH\Models\UserModel.php(247): CodeIgniter\Debug\Exceptions->errorHandler(2, 'Undefined array key "remember"', 'APPPATH\\Models\\UserModel.php', 247)
 2 APPPATH\Controllers\LoginController.php(22): App\Models\UserModel->login([...])
 3 SYSTEMPATH\CodeIgniter.php(934): App\Controllers\LoginController->login_ajax()
 4 SYSTEMPATH\CodeIgniter.php(499): CodeIgniter\CodeIgniter->runController(Object(App\Controllers\LoginController))
 5 SYSTEMPATH\CodeIgniter.php(368): CodeIgniter\CodeIgniter->handleRequest(null, Object(Config\Cache), false)
 6 FCPATH\index.php(67): CodeIgniter\CodeIgniter->run()
 7 SYSTEMPATH\Commands\Server\rewrite.php(47): require_once('FCPATH\\index.php')
CRITICAL - 2023-04-11 08:33:25 --> Undefined array key "remember"
in APPPATH\Models\UserModel.php on line 247.
 1 APPPATH\Models\UserModel.php(247): CodeIgniter\Debug\Exceptions->errorHandler(2, 'Undefined array key "remember"', 'APPPATH\\Models\\UserModel.php', 247)
 2 APPPATH\Controllers\LoginController.php(22): App\Models\UserModel->login([...])
 3 SYSTEMPATH\CodeIgniter.php(934): App\Controllers\LoginController->login_ajax()
 4 SYSTEMPATH\CodeIgniter.php(499): CodeIgniter\CodeIgniter->runController(Object(App\Controllers\LoginController))
 5 SYSTEMPATH\CodeIgniter.php(368): CodeIgniter\CodeIgniter->handleRequest(null, Object(Config\Cache), false)
 6 FCPATH\index.php(67): CodeIgniter\CodeIgniter->run()
 7 SYSTEMPATH\Commands\Server\rewrite.php(47): require_once('FCPATH\\index.php')
CRITICAL - 2023-04-11 08:34:51 --> Undefined array key "remember"
in APPPATH\Models\UserModel.php on line 247.
 1 APPPATH\Models\UserModel.php(247): CodeIgniter\Debug\Exceptions->errorHandler(2, 'Undefined array key "remember"', 'APPPATH\\Models\\UserModel.php', 247)
 2 APPPATH\Controllers\LoginController.php(22): App\Models\UserModel->login([...])
 3 SYSTEMPATH\CodeIgniter.php(934): App\Controllers\LoginController->login_ajax()
 4 SYSTEMPATH\CodeIgniter.php(499): CodeIgniter\CodeIgniter->runController(Object(App\Controllers\LoginController))
 5 SYSTEMPATH\CodeIgniter.php(368): CodeIgniter\CodeIgniter->handleRequest(null, Object(Config\Cache), false)
 6 FCPATH\index.php(67): CodeIgniter\CodeIgniter->run()
 7 SYSTEMPATH\Commands\Server\rewrite.php(47): require_once('FCPATH\\index.php')
CRITICAL - 2023-04-11 08:34:53 --> Undefined array key "remember"
in APPPATH\Models\UserModel.php on line 247.
 1 APPPATH\Models\UserModel.php(247): CodeIgniter\Debug\Exceptions->errorHandler(2, 'Undefined array key "remember"', 'APPPATH\\Models\\UserModel.php', 247)
 2 APPPATH\Controllers\LoginController.php(22): App\Models\UserModel->login([...])
 3 SYSTEMPATH\CodeIgniter.php(934): App\Controllers\LoginController->login_ajax()
 4 SYSTEMPATH\CodeIgniter.php(499): CodeIgniter\CodeIgniter->runController(Object(App\Controllers\LoginController))
 5 SYSTEMPATH\CodeIgniter.php(368): CodeIgniter\CodeIgniter->handleRequest(null, Object(Config\Cache), false)
 6 FCPATH\index.php(67): CodeIgniter\CodeIgniter->run()
 7 SYSTEMPATH\Commands\Server\rewrite.php(47): require_once('FCPATH\\index.php')
CRITICAL - 2023-04-11 08:34:56 --> Undefined array key "remember"
in APPPATH\Models\UserModel.php on line 247.
 1 APPPATH\Models\UserModel.php(247): CodeIgniter\Debug\Exceptions->errorHandler(2, 'Undefined array key "remember"', 'APPPATH\\Models\\UserModel.php', 247)
 2 APPPATH\Controllers\LoginController.php(22): App\Models\UserModel->login([...])
 3 SYSTEMPATH\CodeIgniter.php(934): App\Controllers\LoginController->login_ajax()
 4 SYSTEMPATH\CodeIgniter.php(499): CodeIgniter\CodeIgniter->runController(Object(App\Controllers\LoginController))
 5 SYSTEMPATH\CodeIgniter.php(368): CodeIgniter\CodeIgniter->handleRequest(null, Object(Config\Cache), false)
 6 FCPATH\index.php(67): CodeIgniter\CodeIgniter->run()
 7 SYSTEMPATH\Commands\Server\rewrite.php(47): require_once('FCPATH\\index.php')
CRITICAL - 2023-04-11 08:35:02 --> Undefined array key "remember"
in APPPATH\Models\UserModel.php on line 247.
 1 APPPATH\Models\UserModel.php(247): CodeIgniter\Debug\Exceptions->errorHandler(2, 'Undefined array key "remember"', 'APPPATH\\Models\\UserModel.php', 247)
 2 APPPATH\Controllers\LoginController.php(22): App\Models\UserModel->login([...])
 3 SYSTEMPATH\CodeIgniter.php(934): App\Controllers\LoginController->login_ajax()
 4 SYSTEMPATH\CodeIgniter.php(499): CodeIgniter\CodeIgniter->runController(Object(App\Controllers\LoginController))
 5 SYSTEMPATH\CodeIgniter.php(368): CodeIgniter\CodeIgniter->handleRequest(null, Object(Config\Cache), false)
 6 FCPATH\index.php(67): CodeIgniter\CodeIgniter->run()
 7 SYSTEMPATH\Commands\Server\rewrite.php(47): require_once('FCPATH\\index.php')
CRITICAL - 2023-04-11 08:36:57 --> Undefined array key "remember"
in APPPATH\Models\UserModel.php on line 247.
 1 APPPATH\Models\UserModel.php(247): CodeIgniter\Debug\Exceptions->errorHandler(2, 'Undefined array key "remember"', 'APPPATH\\Models\\UserModel.php', 247)
 2 APPPATH\Controllers\LoginController.php(22): App\Models\UserModel->login([...])
 3 SYSTEMPATH\CodeIgniter.php(934): App\Controllers\LoginController->login_ajax()
 4 SYSTEMPATH\CodeIgniter.php(499): CodeIgniter\CodeIgniter->runController(Object(App\Controllers\LoginController))
 5 SYSTEMPATH\CodeIgniter.php(368): CodeIgniter\CodeIgniter->handleRequest(null, Object(Config\Cache), false)
 6 FCPATH\index.php(67): CodeIgniter\CodeIgniter->run()
 7 SYSTEMPATH\Commands\Server\rewrite.php(47): require_once('FCPATH\\index.php')
CRITICAL - 2023-04-11 08:36:59 --> Undefined array key "remember"
in APPPATH\Models\UserModel.php on line 247.
 1 APPPATH\Models\UserModel.php(247): CodeIgniter\Debug\Exceptions->errorHandler(2, 'Undefined array key "remember"', 'APPPATH\\Models\\UserModel.php', 247)
 2 APPPATH\Controllers\LoginController.php(22): App\Models\UserModel->login([...])
 3 SYSTEMPATH\CodeIgniter.php(934): App\Controllers\LoginController->login_ajax()
 4 SYSTEMPATH\CodeIgniter.php(499): CodeIgniter\CodeIgniter->runController(Object(App\Controllers\LoginController))
 5 SYSTEMPATH\CodeIgniter.php(368): CodeIgniter\CodeIgniter->handleRequest(null, Object(Config\Cache), false)
 6 FCPATH\index.php(67): CodeIgniter\CodeIgniter->run()
 7 SYSTEMPATH\Commands\Server\rewrite.php(47): require_once('FCPATH\\index.php')
CRITICAL - 2023-04-11 08:36:59 --> Undefined array key "remember"
in APPPATH\Models\UserModel.php on line 247.
 1 APPPATH\Models\UserModel.php(247): CodeIgniter\Debug\Exceptions->errorHandler(2, 'Undefined array key "remember"', 'APPPATH\\Models\\UserModel.php', 247)
 2 APPPATH\Controllers\LoginController.php(22): App\Models\UserModel->login([...])
 3 SYSTEMPATH\CodeIgniter.php(934): App\Controllers\LoginController->login_ajax()
 4 SYSTEMPATH\CodeIgniter.php(499): CodeIgniter\CodeIgniter->runController(Object(App\Controllers\LoginController))
 5 SYSTEMPATH\CodeIgniter.php(368): CodeIgniter\CodeIgniter->handleRequest(null, Object(Config\Cache), false)
 6 FCPATH\index.php(67): CodeIgniter\CodeIgniter->run()
 7 SYSTEMPATH\Commands\Server\rewrite.php(47): require_once('FCPATH\\index.php')
CRITICAL - 2023-04-11 08:37:36 --> Undefined array key "remember"
in APPPATH\Models\UserModel.php on line 247.
 1 APPPATH\Models\UserModel.php(247): CodeIgniter\Debug\Exceptions->errorHandler(2, 'Undefined array key "remember"', 'APPPATH\\Models\\UserModel.php', 247)
 2 APPPATH\Controllers\LoginController.php(22): App\Models\UserModel->login([...])
 3 SYSTEMPATH\CodeIgniter.php(934): App\Controllers\LoginController->login_ajax()
 4 SYSTEMPATH\CodeIgniter.php(499): CodeIgniter\CodeIgniter->runController(Object(App\Controllers\LoginController))
 5 SYSTEMPATH\CodeIgniter.php(368): CodeIgniter\CodeIgniter->handleRequest(null, Object(Config\Cache), false)
 6 FCPATH\index.php(67): CodeIgniter\CodeIgniter->run()
 7 SYSTEMPATH\Commands\Server\rewrite.php(47): require_once('FCPATH\\index.php')
CRITICAL - 2023-04-11 08:39:26 --> Undefined array key "remember"
in APPPATH\Models\UserModel.php on line 249.
 1 APPPATH\Models\UserModel.php(249): CodeIgniter\Debug\Exceptions->errorHandler(2, 'Undefined array key "remember"', 'APPPATH\\Models\\UserModel.php', 249)
 2 APPPATH\Controllers\LoginController.php(22): App\Models\UserModel->login([...])
 3 SYSTEMPATH\CodeIgniter.php(934): App\Controllers\LoginController->login_ajax()
 4 SYSTEMPATH\CodeIgniter.php(499): CodeIgniter\CodeIgniter->runController(Object(App\Controllers\LoginController))
 5 SYSTEMPATH\CodeIgniter.php(368): CodeIgniter\CodeIgniter->handleRequest(null, Object(Config\Cache), false)
 6 FCPATH\index.php(67): CodeIgniter\CodeIgniter->run()
 7 SYSTEMPATH\Commands\Server\rewrite.php(47): require_once('FCPATH\\index.php')
CRITICAL - 2023-04-11 09:08:43 --> lang(): Argument #1 ($line) must be of type string, null given, called in D:\Xampp\htdocs\Codeigniter4\app\Models\BaseModel.php on line 67
in SYSTEMPATH\Common.php on line 762.
 1 APPPATH\Models\BaseModel.php(67): lang(null)
 2 APPPATH\Controllers\LoginController.php(23): App\Models\BaseModel->get_messages()
 3 SYSTEMPATH\CodeIgniter.php(934): App\Controllers\LoginController->login_ajax()
 4 SYSTEMPATH\CodeIgniter.php(499): CodeIgniter\CodeIgniter->runController(Object(App\Controllers\LoginController))
 5 SYSTEMPATH\CodeIgniter.php(368): CodeIgniter\CodeIgniter->handleRequest(null, Object(Config\Cache), false)
 6 FCPATH\index.php(67): CodeIgniter\CodeIgniter->run()
 7 SYSTEMPATH\Commands\Server\rewrite.php(47): require_once('FCPATH\\index.php')
CRITICAL - 2023-04-11 09:08:44 --> lang(): Argument #1 ($line) must be of type string, null given, called in D:\Xampp\htdocs\Codeigniter4\app\Models\BaseModel.php on line 67
in SYSTEMPATH\Common.php on line 762.
 1 APPPATH\Models\BaseModel.php(67): lang(null)
 2 APPPATH\Controllers\LoginController.php(23): App\Models\BaseModel->get_messages()
 3 SYSTEMPATH\CodeIgniter.php(934): App\Controllers\LoginController->login_ajax()
 4 SYSTEMPATH\CodeIgniter.php(499): CodeIgniter\CodeIgniter->runController(Object(App\Controllers\LoginController))
 5 SYSTEMPATH\CodeIgniter.php(368): CodeIgniter\CodeIgniter->handleRequest(null, Object(Config\Cache), false)
 6 FCPATH\index.php(67): CodeIgniter\CodeIgniter->run()
 7 SYSTEMPATH\Commands\Server\rewrite.php(47): require_once('FCPATH\\index.php')
CRITICAL - 2023-04-11 09:08:45 --> lang(): Argument #1 ($line) must be of type string, null given, called in D:\Xampp\htdocs\Codeigniter4\app\Models\BaseModel.php on line 67
in SYSTEMPATH\Common.php on line 762.
 1 APPPATH\Models\BaseModel.php(67): lang(null)
 2 APPPATH\Controllers\LoginController.php(23): App\Models\BaseModel->get_messages()
 3 SYSTEMPATH\CodeIgniter.php(934): App\Controllers\LoginController->login_ajax()
 4 SYSTEMPATH\CodeIgniter.php(499): CodeIgniter\CodeIgniter->runController(Object(App\Controllers\LoginController))
 5 SYSTEMPATH\CodeIgniter.php(368): CodeIgniter\CodeIgniter->handleRequest(null, Object(Config\Cache), false)
 6 FCPATH\index.php(67): CodeIgniter\CodeIgniter->run()
 7 SYSTEMPATH\Commands\Server\rewrite.php(47): require_once('FCPATH\\index.php')
CRITICAL - 2023-04-11 09:08:45 --> lang(): Argument #1 ($line) must be of type string, null given, called in D:\Xampp\htdocs\Codeigniter4\app\Models\BaseModel.php on line 67
in SYSTEMPATH\Common.php on line 762.
 1 APPPATH\Models\BaseModel.php(67): lang(null)
 2 APPPATH\Controllers\LoginController.php(23): App\Models\BaseModel->get_messages()
 3 SYSTEMPATH\CodeIgniter.php(934): App\Controllers\LoginController->login_ajax()
 4 SYSTEMPATH\CodeIgniter.php(499): CodeIgniter\CodeIgniter->runController(Object(App\Controllers\LoginController))
 5 SYSTEMPATH\CodeIgniter.php(368): CodeIgniter\CodeIgniter->handleRequest(null, Object(Config\Cache), false)
 6 FCPATH\index.php(67): CodeIgniter\CodeIgniter->run()
 7 SYSTEMPATH\Commands\Server\rewrite.php(47): require_once('FCPATH\\index.php')
