CRITICAL - 2024-05-14 02:43:49 --> Undefined array key "file_import"
in APPPATH\Controllers\Dashboard\ReportGroupController.php on line 39.
 1 APPPATH\Controllers\Dashboard\ReportGroupController.php(39): CodeIgniter\Debug\Exceptions->errorHandler(2, 'Undefined array key "file_import"', 'APPPATH\\Controllers\\Dashboard\\ReportGroupController.php', 39)
 2 SYSTEMPATH\CodeIgniter.php(934): App\Controllers\Dashboard\ReportGroupController->data_report_group_import()
 3 SYSTEMPATH\CodeIgniter.php(499): CodeIgniter\CodeIgniter->runController(Object(App\Controllers\Dashboard\ReportGroupController))
 4 SYSTEMPATH\CodeIgniter.php(368): CodeIgniter\CodeIgniter->handleRequest(null, Object(Config\Cache), false)
 5 FCPATH\index.php(67): CodeIgniter\CodeIgniter->run()
CRITICAL - 2024-05-14 04:04:50 --> Undefined array key "data"
in APPPATH\Models\ReportGroupModel.php on line 340.
 1 APPPATH\Models\ReportGroupModel.php(340): CodeIgniter\Debug\Exceptions->errorHandler(2, 'Undefined array key "data"', 'APPPATH\\Models\\ReportGroupModel.php', 340)
 2 APPPATH\Controllers\Dashboard\ReportGroupController.php(80): App\Models\ReportGroupModel->save_report_group([...])
 3 SYSTEMPATH\CodeIgniter.php(934): App\Controllers\Dashboard\ReportGroupController->data_report_group_import()
 4 SYSTEMPATH\CodeIgniter.php(499): CodeIgniter\CodeIgniter->runController(Object(App\Controllers\Dashboard\ReportGroupController))
 5 SYSTEMPATH\CodeIgniter.php(368): CodeIgniter\CodeIgniter->handleRequest(null, Object(Config\Cache), false)
 6 FCPATH\index.php(67): CodeIgniter\CodeIgniter->run()
CRITICAL - 2024-05-14 04:04:53 --> Undefined array key "data"
in APPPATH\Models\ReportGroupModel.php on line 340.
 1 APPPATH\Models\ReportGroupModel.php(340): CodeIgniter\Debug\Exceptions->errorHandler(2, 'Undefined array key "data"', 'APPPATH\\Models\\ReportGroupModel.php', 340)
 2 APPPATH\Controllers\Dashboard\ReportGroupController.php(80): App\Models\ReportGroupModel->save_report_group([...])
 3 SYSTEMPATH\CodeIgniter.php(934): App\Controllers\Dashboard\ReportGroupController->data_report_group_import()
 4 SYSTEMPATH\CodeIgniter.php(499): CodeIgniter\CodeIgniter->runController(Object(App\Controllers\Dashboard\ReportGroupController))
 5 SYSTEMPATH\CodeIgniter.php(368): CodeIgniter\CodeIgniter->handleRequest(null, Object(Config\Cache), false)
 6 FCPATH\index.php(67): CodeIgniter\CodeIgniter->run()
ERROR - 2024-05-14 04:05:27 --> mysqli_sql_exception: Column 'value1_1' cannot be null in D:\Xampp\htdocs\Codeigniter4\system\Database\MySQLi\Connection.php:295
Stack trace:
#0 D:\Xampp\htdocs\Codeigniter4\system\Database\MySQLi\Connection.php(295): mysqli->query('INSERT INTO `re...', 0)
#1 D:\Xampp\htdocs\Codeigniter4\system\Database\BaseConnection.php(691): CodeIgniter\Database\MySQLi\Connection->execute('INSERT INTO `re...')
#2 D:\Xampp\htdocs\Codeigniter4\system\Database\BaseConnection.php(605): CodeIgniter\Database\BaseConnection->simpleQuery('INSERT INTO `re...')
#3 D:\Xampp\htdocs\Codeigniter4\system\Database\BaseBuilder.php(2309): CodeIgniter\Database\BaseConnection->query('INSERT INTO `re...', Array, false)
#4 D:\Xampp\htdocs\Codeigniter4\system\Model.php(330): CodeIgniter\Database\BaseBuilder->insert()
#5 D:\Xampp\htdocs\Codeigniter4\system\BaseModel.php(782): CodeIgniter\Model->doInsert(Array)
#6 D:\Xampp\htdocs\Codeigniter4\system\Model.php(730): CodeIgniter\BaseModel->insert(Array, true)
#7 D:\Xampp\htdocs\Codeigniter4\app\Models\ReportGroupModel.php(327): CodeIgniter\Model->insert(Array)
#8 D:\Xampp\htdocs\Codeigniter4\app\Controllers\Dashboard\ReportGroupController.php(80): App\Models\ReportGroupModel->save_import_report_group(Array)
#9 D:\Xampp\htdocs\Codeigniter4\system\CodeIgniter.php(934): App\Controllers\Dashboard\ReportGroupController->data_report_group_import()
#10 D:\Xampp\htdocs\Codeigniter4\system\CodeIgniter.php(499): CodeIgniter\CodeIgniter->runController(Object(App\Controllers\Dashboard\ReportGroupController))
#11 D:\Xampp\htdocs\Codeigniter4\system\CodeIgniter.php(368): CodeIgniter\CodeIgniter->handleRequest(NULL, Object(Config\Cache), false)
#12 D:\Xampp\htdocs\Codeigniter4\public\index.php(67): CodeIgniter\CodeIgniter->run()
#13 {main}
CRITICAL - 2024-05-14 04:05:27 --> Column 'value1_1' cannot be null
in SYSTEMPATH\Database\BaseConnection.php on line 645.
 1 SYSTEMPATH\Database\BaseBuilder.php(2309): CodeIgniter\Database\BaseConnection->query('INSERT INTO `report_group` (`report_month`, `report_year`, `group_id`, `row_id`, `value1_1`, `value1_2`, `value1_3`, `value1_total`, `value2_total`, `value2_1`, `value2_2`, `value2_per`, `value3_total`, `value3_1`, `value3_2`, `value3_per`, `value4_1`, `value4_2`) VALUES (:report_month:, :report_year:, :group_id:, :row_id:, :value1_1:, :value1_2:, :value1_3:, :value1_total:, :value2_total:, :value2_1:, :value2_2:, :value2_per:, :value3_total:, :value3_1:, :value3_2:, :value3_per:, :value4_1:, :value4_2:)', [...], false)
 2 SYSTEMPATH\Model.php(330): CodeIgniter\Database\BaseBuilder->insert()
 3 SYSTEMPATH\BaseModel.php(782): CodeIgniter\Model->doInsert([...])
 4 SYSTEMPATH\Model.php(730): CodeIgniter\BaseModel->insert([...], true)
 5 APPPATH\Models\ReportGroupModel.php(327): CodeIgniter\Model->insert([...])
 6 APPPATH\Controllers\Dashboard\ReportGroupController.php(80): App\Models\ReportGroupModel->save_import_report_group([...])
 7 SYSTEMPATH\CodeIgniter.php(934): App\Controllers\Dashboard\ReportGroupController->data_report_group_import()
 8 SYSTEMPATH\CodeIgniter.php(499): CodeIgniter\CodeIgniter->runController(Object(App\Controllers\Dashboard\ReportGroupController))
 9 SYSTEMPATH\CodeIgniter.php(368): CodeIgniter\CodeIgniter->handleRequest(null, Object(Config\Cache), false)
10 FCPATH\index.php(67): CodeIgniter\CodeIgniter->run()
ERROR - 2024-05-14 04:05:37 --> mysqli_sql_exception: Column 'value1_1' cannot be null in D:\Xampp\htdocs\Codeigniter4\system\Database\MySQLi\Connection.php:295
Stack trace:
#0 D:\Xampp\htdocs\Codeigniter4\system\Database\MySQLi\Connection.php(295): mysqli->query('INSERT INTO `re...', 0)
#1 D:\Xampp\htdocs\Codeigniter4\system\Database\BaseConnection.php(691): CodeIgniter\Database\MySQLi\Connection->execute('INSERT INTO `re...')
#2 D:\Xampp\htdocs\Codeigniter4\system\Database\BaseConnection.php(605): CodeIgniter\Database\BaseConnection->simpleQuery('INSERT INTO `re...')
#3 D:\Xampp\htdocs\Codeigniter4\system\Database\BaseBuilder.php(2309): CodeIgniter\Database\BaseConnection->query('INSERT INTO `re...', Array, false)
#4 D:\Xampp\htdocs\Codeigniter4\system\Model.php(330): CodeIgniter\Database\BaseBuilder->insert()
#5 D:\Xampp\htdocs\Codeigniter4\system\BaseModel.php(782): CodeIgniter\Model->doInsert(Array)
#6 D:\Xampp\htdocs\Codeigniter4\system\Model.php(730): CodeIgniter\BaseModel->insert(Array, true)
#7 D:\Xampp\htdocs\Codeigniter4\app\Models\ReportGroupModel.php(327): CodeIgniter\Model->insert(Array)
#8 D:\Xampp\htdocs\Codeigniter4\app\Controllers\Dashboard\ReportGroupController.php(80): App\Models\ReportGroupModel->save_import_report_group(Array)
#9 D:\Xampp\htdocs\Codeigniter4\system\CodeIgniter.php(934): App\Controllers\Dashboard\ReportGroupController->data_report_group_import()
#10 D:\Xampp\htdocs\Codeigniter4\system\CodeIgniter.php(499): CodeIgniter\CodeIgniter->runController(Object(App\Controllers\Dashboard\ReportGroupController))
#11 D:\Xampp\htdocs\Codeigniter4\system\CodeIgniter.php(368): CodeIgniter\CodeIgniter->handleRequest(NULL, Object(Config\Cache), false)
#12 D:\Xampp\htdocs\Codeigniter4\public\index.php(67): CodeIgniter\CodeIgniter->run()
#13 {main}
CRITICAL - 2024-05-14 04:05:37 --> Column 'value1_1' cannot be null
in SYSTEMPATH\Database\BaseConnection.php on line 645.
 1 SYSTEMPATH\Database\BaseBuilder.php(2309): CodeIgniter\Database\BaseConnection->query('INSERT INTO `report_group` (`report_month`, `report_year`, `group_id`, `row_id`, `value1_1`, `value1_2`, `value1_3`, `value1_total`, `value2_total`, `value2_1`, `value2_2`, `value2_per`, `value3_total`, `value3_1`, `value3_2`, `value3_per`, `value4_1`, `value4_2`) VALUES (:report_month:, :report_year:, :group_id:, :row_id:, :value1_1:, :value1_2:, :value1_3:, :value1_total:, :value2_total:, :value2_1:, :value2_2:, :value2_per:, :value3_total:, :value3_1:, :value3_2:, :value3_per:, :value4_1:, :value4_2:)', [...], false)
 2 SYSTEMPATH\Model.php(330): CodeIgniter\Database\BaseBuilder->insert()
 3 SYSTEMPATH\BaseModel.php(782): CodeIgniter\Model->doInsert([...])
 4 SYSTEMPATH\Model.php(730): CodeIgniter\BaseModel->insert([...], true)
 5 APPPATH\Models\ReportGroupModel.php(327): CodeIgniter\Model->insert([...])
 6 APPPATH\Controllers\Dashboard\ReportGroupController.php(80): App\Models\ReportGroupModel->save_import_report_group([...])
 7 SYSTEMPATH\CodeIgniter.php(934): App\Controllers\Dashboard\ReportGroupController->data_report_group_import()
 8 SYSTEMPATH\CodeIgniter.php(499): CodeIgniter\CodeIgniter->runController(Object(App\Controllers\Dashboard\ReportGroupController))
 9 SYSTEMPATH\CodeIgniter.php(368): CodeIgniter\CodeIgniter->handleRequest(null, Object(Config\Cache), false)
10 FCPATH\index.php(67): CodeIgniter\CodeIgniter->run()
ERROR - 2024-05-14 04:06:59 --> mysqli_sql_exception: Column 'value1_total' cannot be null in D:\Xampp\htdocs\Codeigniter4\system\Database\MySQLi\Connection.php:295
Stack trace:
#0 D:\Xampp\htdocs\Codeigniter4\system\Database\MySQLi\Connection.php(295): mysqli->query('REPLACE INTO `r...', 0)
#1 D:\Xampp\htdocs\Codeigniter4\system\Database\BaseConnection.php(691): CodeIgniter\Database\MySQLi\Connection->execute('REPLACE INTO `r...')
#2 D:\Xampp\htdocs\Codeigniter4\system\Database\BaseConnection.php(605): CodeIgniter\Database\BaseConnection->simpleQuery('REPLACE INTO `r...')
#3 D:\Xampp\htdocs\Codeigniter4\system\Database\BaseBuilder.php(2397): CodeIgniter\Database\BaseConnection->query('REPLACE INTO `r...', Array, false)
#4 D:\Xampp\htdocs\Codeigniter4\system\Model.php(494): CodeIgniter\Database\BaseBuilder->replace(Array)
#5 D:\Xampp\htdocs\Codeigniter4\system\BaseModel.php(1140): CodeIgniter\Model->doReplace(Array, false)
#6 D:\Xampp\htdocs\Codeigniter4\app\Models\ReportGroupModel.php(322): CodeIgniter\BaseModel->replace(Array)
#7 D:\Xampp\htdocs\Codeigniter4\app\Controllers\Dashboard\ReportGroupController.php(80): App\Models\ReportGroupModel->save_import_report_group(Array)
#8 D:\Xampp\htdocs\Codeigniter4\system\CodeIgniter.php(934): App\Controllers\Dashboard\ReportGroupController->data_report_group_import()
#9 D:\Xampp\htdocs\Codeigniter4\system\CodeIgniter.php(499): CodeIgniter\CodeIgniter->runController(Object(App\Controllers\Dashboard\ReportGroupController))
#10 D:\Xampp\htdocs\Codeigniter4\system\CodeIgniter.php(368): CodeIgniter\CodeIgniter->handleRequest(NULL, Object(Config\Cache), false)
#11 D:\Xampp\htdocs\Codeigniter4\public\index.php(67): CodeIgniter\CodeIgniter->run()
#12 {main}
CRITICAL - 2024-05-14 04:06:59 --> Column 'value1_total' cannot be null
in SYSTEMPATH\Database\BaseConnection.php on line 645.
 1 SYSTEMPATH\Database\BaseBuilder.php(2397): CodeIgniter\Database\BaseConnection->query('REPLACE INTO `report_group` (`report_month`, `report_year`, `group_id`, `row_id`, `value1_1`, `value1_2`, `value1_3`, `value1_total`, `value2_total`, `value2_1`, `value2_2`, `value2_per`, `value3_total`, `value3_1`, `value3_2`, `value3_per`, `value4_1`, `value4_2`) VALUES (:report_month:, :report_year:, :group_id:, :row_id:, :value1_1:, :value1_2:, :value1_3:, :value1_total:, :value2_total:, :value2_1:, :value2_2:, :value2_per:, :value3_total:, :value3_1:, :value3_2:, :value3_per:, :value4_1:, :value4_2:)', [...], false)
 2 SYSTEMPATH\Model.php(494): CodeIgniter\Database\BaseBuilder->replace([...])
 3 SYSTEMPATH\BaseModel.php(1140): CodeIgniter\Model->doReplace([...], false)
 4 APPPATH\Models\ReportGroupModel.php(322): CodeIgniter\BaseModel->replace([...])
 5 APPPATH\Controllers\Dashboard\ReportGroupController.php(80): App\Models\ReportGroupModel->save_import_report_group([...])
 6 SYSTEMPATH\CodeIgniter.php(934): App\Controllers\Dashboard\ReportGroupController->data_report_group_import()
 7 SYSTEMPATH\CodeIgniter.php(499): CodeIgniter\CodeIgniter->runController(Object(App\Controllers\Dashboard\ReportGroupController))
 8 SYSTEMPATH\CodeIgniter.php(368): CodeIgniter\CodeIgniter->handleRequest(null, Object(Config\Cache), false)
 9 FCPATH\index.php(67): CodeIgniter\CodeIgniter->run()
ERROR - 2024-05-14 04:07:25 --> mysqli_sql_exception: Column 'value1_total' cannot be null in D:\Xampp\htdocs\Codeigniter4\system\Database\MySQLi\Connection.php:295
Stack trace:
#0 D:\Xampp\htdocs\Codeigniter4\system\Database\MySQLi\Connection.php(295): mysqli->query('REPLACE INTO `r...', 0)
#1 D:\Xampp\htdocs\Codeigniter4\system\Database\BaseConnection.php(691): CodeIgniter\Database\MySQLi\Connection->execute('REPLACE INTO `r...')
#2 D:\Xampp\htdocs\Codeigniter4\system\Database\BaseConnection.php(605): CodeIgniter\Database\BaseConnection->simpleQuery('REPLACE INTO `r...')
#3 D:\Xampp\htdocs\Codeigniter4\system\Database\BaseBuilder.php(2397): CodeIgniter\Database\BaseConnection->query('REPLACE INTO `r...', Array, false)
#4 D:\Xampp\htdocs\Codeigniter4\system\Model.php(494): CodeIgniter\Database\BaseBuilder->replace(Array)
#5 D:\Xampp\htdocs\Codeigniter4\system\BaseModel.php(1140): CodeIgniter\Model->doReplace(Array, false)
#6 D:\Xampp\htdocs\Codeigniter4\app\Models\ReportGroupModel.php(322): CodeIgniter\BaseModel->replace(Array)
#7 D:\Xampp\htdocs\Codeigniter4\app\Controllers\Dashboard\ReportGroupController.php(80): App\Models\ReportGroupModel->save_import_report_group(Array)
#8 D:\Xampp\htdocs\Codeigniter4\system\CodeIgniter.php(934): App\Controllers\Dashboard\ReportGroupController->data_report_group_import()
#9 D:\Xampp\htdocs\Codeigniter4\system\CodeIgniter.php(499): CodeIgniter\CodeIgniter->runController(Object(App\Controllers\Dashboard\ReportGroupController))
#10 D:\Xampp\htdocs\Codeigniter4\system\CodeIgniter.php(368): CodeIgniter\CodeIgniter->handleRequest(NULL, Object(Config\Cache), false)
#11 D:\Xampp\htdocs\Codeigniter4\public\index.php(67): CodeIgniter\CodeIgniter->run()
#12 {main}
CRITICAL - 2024-05-14 04:07:25 --> Column 'value1_total' cannot be null
in SYSTEMPATH\Database\BaseConnection.php on line 645.
 1 SYSTEMPATH\Database\BaseBuilder.php(2397): CodeIgniter\Database\BaseConnection->query('REPLACE INTO `report_group` (`report_month`, `report_year`, `group_id`, `row_id`, `value1_1`, `value1_2`, `value1_3`, `value1_total`, `value2_total`, `value2_1`, `value2_2`, `value2_per`, `value3_total`, `value3_1`, `value3_2`, `value3_per`, `value4_1`, `value4_2`) VALUES (:report_month:, :report_year:, :group_id:, :row_id:, :value1_1:, :value1_2:, :value1_3:, :value1_total:, :value2_total:, :value2_1:, :value2_2:, :value2_per:, :value3_total:, :value3_1:, :value3_2:, :value3_per:, :value4_1:, :value4_2:)', [...], false)
 2 SYSTEMPATH\Model.php(494): CodeIgniter\Database\BaseBuilder->replace([...])
 3 SYSTEMPATH\BaseModel.php(1140): CodeIgniter\Model->doReplace([...], false)
 4 APPPATH\Models\ReportGroupModel.php(322): CodeIgniter\BaseModel->replace([...])
 5 APPPATH\Controllers\Dashboard\ReportGroupController.php(80): App\Models\ReportGroupModel->save_import_report_group([...])
 6 SYSTEMPATH\CodeIgniter.php(934): App\Controllers\Dashboard\ReportGroupController->data_report_group_import()
 7 SYSTEMPATH\CodeIgniter.php(499): CodeIgniter\CodeIgniter->runController(Object(App\Controllers\Dashboard\ReportGroupController))
 8 SYSTEMPATH\CodeIgniter.php(368): CodeIgniter\CodeIgniter->handleRequest(null, Object(Config\Cache), false)
 9 FCPATH\index.php(67): CodeIgniter\CodeIgniter->run()
ERROR - 2024-05-14 04:08:44 --> mysqli_sql_exception: Column 'value1_total' cannot be null in D:\Xampp\htdocs\Codeigniter4\system\Database\MySQLi\Connection.php:295
Stack trace:
#0 D:\Xampp\htdocs\Codeigniter4\system\Database\MySQLi\Connection.php(295): mysqli->query('REPLACE INTO `r...', 0)
#1 D:\Xampp\htdocs\Codeigniter4\system\Database\BaseConnection.php(691): CodeIgniter\Database\MySQLi\Connection->execute('REPLACE INTO `r...')
#2 D:\Xampp\htdocs\Codeigniter4\system\Database\BaseConnection.php(605): CodeIgniter\Database\BaseConnection->simpleQuery('REPLACE INTO `r...')
#3 D:\Xampp\htdocs\Codeigniter4\system\Database\BaseBuilder.php(2397): CodeIgniter\Database\BaseConnection->query('REPLACE INTO `r...', Array, false)
#4 D:\Xampp\htdocs\Codeigniter4\system\Model.php(494): CodeIgniter\Database\BaseBuilder->replace(Array)
#5 D:\Xampp\htdocs\Codeigniter4\system\BaseModel.php(1140): CodeIgniter\Model->doReplace(Array, false)
#6 D:\Xampp\htdocs\Codeigniter4\app\Models\ReportGroupModel.php(322): CodeIgniter\BaseModel->replace(Array)
#7 D:\Xampp\htdocs\Codeigniter4\app\Controllers\Dashboard\ReportGroupController.php(80): App\Models\ReportGroupModel->save_import_report_group(Array)
#8 D:\Xampp\htdocs\Codeigniter4\system\CodeIgniter.php(934): App\Controllers\Dashboard\ReportGroupController->data_report_group_import()
#9 D:\Xampp\htdocs\Codeigniter4\system\CodeIgniter.php(499): CodeIgniter\CodeIgniter->runController(Object(App\Controllers\Dashboard\ReportGroupController))
#10 D:\Xampp\htdocs\Codeigniter4\system\CodeIgniter.php(368): CodeIgniter\CodeIgniter->handleRequest(NULL, Object(Config\Cache), false)
#11 D:\Xampp\htdocs\Codeigniter4\public\index.php(67): CodeIgniter\CodeIgniter->run()
#12 {main}
CRITICAL - 2024-05-14 04:08:44 --> Column 'value1_total' cannot be null
in SYSTEMPATH\Database\BaseConnection.php on line 645.
 1 SYSTEMPATH\Database\BaseBuilder.php(2397): CodeIgniter\Database\BaseConnection->query('REPLACE INTO `report_group` (`report_month`, `report_year`, `group_id`, `row_id`, `value1_1`, `value1_2`, `value1_3`, `value1_total`, `value2_total`, `value2_1`, `value2_2`, `value2_per`, `value3_total`, `value3_1`, `value3_2`, `value3_per`, `value4_1`, `value4_2`) VALUES (:report_month:, :report_year:, :group_id:, :row_id:, :value1_1:, :value1_2:, :value1_3:, :value1_total:, :value2_total:, :value2_1:, :value2_2:, :value2_per:, :value3_total:, :value3_1:, :value3_2:, :value3_per:, :value4_1:, :value4_2:)', [...], false)
 2 SYSTEMPATH\Model.php(494): CodeIgniter\Database\BaseBuilder->replace([...])
 3 SYSTEMPATH\BaseModel.php(1140): CodeIgniter\Model->doReplace([...], false)
 4 APPPATH\Models\ReportGroupModel.php(322): CodeIgniter\BaseModel->replace([...])
 5 APPPATH\Controllers\Dashboard\ReportGroupController.php(80): App\Models\ReportGroupModel->save_import_report_group([...])
 6 SYSTEMPATH\CodeIgniter.php(934): App\Controllers\Dashboard\ReportGroupController->data_report_group_import()
 7 SYSTEMPATH\CodeIgniter.php(499): CodeIgniter\CodeIgniter->runController(Object(App\Controllers\Dashboard\ReportGroupController))
 8 SYSTEMPATH\CodeIgniter.php(368): CodeIgniter\CodeIgniter->handleRequest(null, Object(Config\Cache), false)
 9 FCPATH\index.php(67): CodeIgniter\CodeIgniter->run()
ERROR - 2024-05-14 04:09:52 --> mysqli_sql_exception: Column 'value1_total' cannot be null in D:\Xampp\htdocs\Codeigniter4\system\Database\MySQLi\Connection.php:295
Stack trace:
#0 D:\Xampp\htdocs\Codeigniter4\system\Database\MySQLi\Connection.php(295): mysqli->query('INSERT INTO `re...', 0)
#1 D:\Xampp\htdocs\Codeigniter4\system\Database\BaseConnection.php(691): CodeIgniter\Database\MySQLi\Connection->execute('INSERT INTO `re...')
#2 D:\Xampp\htdocs\Codeigniter4\system\Database\BaseConnection.php(605): CodeIgniter\Database\BaseConnection->simpleQuery('INSERT INTO `re...')
#3 D:\Xampp\htdocs\Codeigniter4\system\Database\BaseBuilder.php(2309): CodeIgniter\Database\BaseConnection->query('INSERT INTO `re...', Array, false)
#4 D:\Xampp\htdocs\Codeigniter4\system\Model.php(330): CodeIgniter\Database\BaseBuilder->insert()
#5 D:\Xampp\htdocs\Codeigniter4\system\BaseModel.php(782): CodeIgniter\Model->doInsert(Array)
#6 D:\Xampp\htdocs\Codeigniter4\system\Model.php(730): CodeIgniter\BaseModel->insert(Array, true)
#7 D:\Xampp\htdocs\Codeigniter4\app\Models\ReportGroupModel.php(327): CodeIgniter\Model->insert(Array)
#8 D:\Xampp\htdocs\Codeigniter4\app\Controllers\Dashboard\ReportGroupController.php(80): App\Models\ReportGroupModel->save_import_report_group(Array)
#9 D:\Xampp\htdocs\Codeigniter4\system\CodeIgniter.php(934): App\Controllers\Dashboard\ReportGroupController->data_report_group_import()
#10 D:\Xampp\htdocs\Codeigniter4\system\CodeIgniter.php(499): CodeIgniter\CodeIgniter->runController(Object(App\Controllers\Dashboard\ReportGroupController))
#11 D:\Xampp\htdocs\Codeigniter4\system\CodeIgniter.php(368): CodeIgniter\CodeIgniter->handleRequest(NULL, Object(Config\Cache), false)
#12 D:\Xampp\htdocs\Codeigniter4\public\index.php(67): CodeIgniter\CodeIgniter->run()
#13 {main}
CRITICAL - 2024-05-14 04:09:52 --> Column 'value1_total' cannot be null
in SYSTEMPATH\Database\BaseConnection.php on line 645.
 1 SYSTEMPATH\Database\BaseBuilder.php(2309): CodeIgniter\Database\BaseConnection->query('INSERT INTO `report_group` (`report_month`, `report_year`, `group_id`, `row_id`, `value1_1`, `value1_2`, `value1_3`, `value1_total`, `value2_total`, `value2_1`, `value2_2`, `value2_per`, `value3_total`, `value3_1`, `value3_2`, `value3_per`, `value4_1`, `value4_2`) VALUES (:report_month:, :report_year:, :group_id:, :row_id:, :value1_1:, :value1_2:, :value1_3:, :value1_total:, :value2_total:, :value2_1:, :value2_2:, :value2_per:, :value3_total:, :value3_1:, :value3_2:, :value3_per:, :value4_1:, :value4_2:)', [...], false)
 2 SYSTEMPATH\Model.php(330): CodeIgniter\Database\BaseBuilder->insert()
 3 SYSTEMPATH\BaseModel.php(782): CodeIgniter\Model->doInsert([...])
 4 SYSTEMPATH\Model.php(730): CodeIgniter\BaseModel->insert([...], true)
 5 APPPATH\Models\ReportGroupModel.php(327): CodeIgniter\Model->insert([...])
 6 APPPATH\Controllers\Dashboard\ReportGroupController.php(80): App\Models\ReportGroupModel->save_import_report_group([...])
 7 SYSTEMPATH\CodeIgniter.php(934): App\Controllers\Dashboard\ReportGroupController->data_report_group_import()
 8 SYSTEMPATH\CodeIgniter.php(499): CodeIgniter\CodeIgniter->runController(Object(App\Controllers\Dashboard\ReportGroupController))
 9 SYSTEMPATH\CodeIgniter.php(368): CodeIgniter\CodeIgniter->handleRequest(null, Object(Config\Cache), false)
10 FCPATH\index.php(67): CodeIgniter\CodeIgniter->run()
ERROR - 2024-05-14 04:10:44 --> mysqli_sql_exception: Column 'value1_total' cannot be null in D:\Xampp\htdocs\Codeigniter4\system\Database\MySQLi\Connection.php:295
Stack trace:
#0 D:\Xampp\htdocs\Codeigniter4\system\Database\MySQLi\Connection.php(295): mysqli->query('REPLACE INTO `r...', 0)
#1 D:\Xampp\htdocs\Codeigniter4\system\Database\BaseConnection.php(691): CodeIgniter\Database\MySQLi\Connection->execute('REPLACE INTO `r...')
#2 D:\Xampp\htdocs\Codeigniter4\system\Database\BaseConnection.php(605): CodeIgniter\Database\BaseConnection->simpleQuery('REPLACE INTO `r...')
#3 D:\Xampp\htdocs\Codeigniter4\system\Database\BaseBuilder.php(2397): CodeIgniter\Database\BaseConnection->query('REPLACE INTO `r...', Array, false)
#4 D:\Xampp\htdocs\Codeigniter4\system\Model.php(494): CodeIgniter\Database\BaseBuilder->replace(Array)
#5 D:\Xampp\htdocs\Codeigniter4\system\BaseModel.php(1140): CodeIgniter\Model->doReplace(Array, false)
#6 D:\Xampp\htdocs\Codeigniter4\app\Models\ReportGroupModel.php(322): CodeIgniter\BaseModel->replace(Array)
#7 D:\Xampp\htdocs\Codeigniter4\app\Controllers\Dashboard\ReportGroupController.php(80): App\Models\ReportGroupModel->save_import_report_group(Array)
#8 D:\Xampp\htdocs\Codeigniter4\system\CodeIgniter.php(934): App\Controllers\Dashboard\ReportGroupController->data_report_group_import()
#9 D:\Xampp\htdocs\Codeigniter4\system\CodeIgniter.php(499): CodeIgniter\CodeIgniter->runController(Object(App\Controllers\Dashboard\ReportGroupController))
#10 D:\Xampp\htdocs\Codeigniter4\system\CodeIgniter.php(368): CodeIgniter\CodeIgniter->handleRequest(NULL, Object(Config\Cache), false)
#11 D:\Xampp\htdocs\Codeigniter4\public\index.php(67): CodeIgniter\CodeIgniter->run()
#12 {main}
CRITICAL - 2024-05-14 04:10:44 --> Column 'value1_total' cannot be null
in SYSTEMPATH\Database\BaseConnection.php on line 645.
 1 SYSTEMPATH\Database\BaseBuilder.php(2397): CodeIgniter\Database\BaseConnection->query('REPLACE INTO `report_group` (`report_month`, `report_year`, `group_id`, `row_id`, `value1_1`, `value1_2`, `value1_3`, `value1_total`, `value2_total`, `value2_1`, `value2_2`, `value2_per`, `value3_total`, `value3_1`, `value3_2`, `value3_per`, `value4_1`, `value4_2`) VALUES (:report_month:, :report_year:, :group_id:, :row_id:, :value1_1:, :value1_2:, :value1_3:, :value1_total:, :value2_total:, :value2_1:, :value2_2:, :value2_per:, :value3_total:, :value3_1:, :value3_2:, :value3_per:, :value4_1:, :value4_2:)', [...], false)
 2 SYSTEMPATH\Model.php(494): CodeIgniter\Database\BaseBuilder->replace([...])
 3 SYSTEMPATH\BaseModel.php(1140): CodeIgniter\Model->doReplace([...], false)
 4 APPPATH\Models\ReportGroupModel.php(322): CodeIgniter\BaseModel->replace([...])
 5 APPPATH\Controllers\Dashboard\ReportGroupController.php(80): App\Models\ReportGroupModel->save_import_report_group([...])
 6 SYSTEMPATH\CodeIgniter.php(934): App\Controllers\Dashboard\ReportGroupController->data_report_group_import()
 7 SYSTEMPATH\CodeIgniter.php(499): CodeIgniter\CodeIgniter->runController(Object(App\Controllers\Dashboard\ReportGroupController))
 8 SYSTEMPATH\CodeIgniter.php(368): CodeIgniter\CodeIgniter->handleRequest(null, Object(Config\Cache), false)
 9 FCPATH\index.php(67): CodeIgniter\CodeIgniter->run()
ERROR - 2024-05-14 04:11:18 --> mysqli_sql_exception: Column 'value1_total' cannot be null in D:\Xampp\htdocs\Codeigniter4\system\Database\MySQLi\Connection.php:295
Stack trace:
#0 D:\Xampp\htdocs\Codeigniter4\system\Database\MySQLi\Connection.php(295): mysqli->query('REPLACE INTO `r...', 0)
#1 D:\Xampp\htdocs\Codeigniter4\system\Database\BaseConnection.php(691): CodeIgniter\Database\MySQLi\Connection->execute('REPLACE INTO `r...')
#2 D:\Xampp\htdocs\Codeigniter4\system\Database\BaseConnection.php(605): CodeIgniter\Database\BaseConnection->simpleQuery('REPLACE INTO `r...')
#3 D:\Xampp\htdocs\Codeigniter4\system\Database\BaseBuilder.php(2397): CodeIgniter\Database\BaseConnection->query('REPLACE INTO `r...', Array, false)
#4 D:\Xampp\htdocs\Codeigniter4\system\Model.php(494): CodeIgniter\Database\BaseBuilder->replace(Array)
#5 D:\Xampp\htdocs\Codeigniter4\system\BaseModel.php(1140): CodeIgniter\Model->doReplace(Array, false)
#6 D:\Xampp\htdocs\Codeigniter4\app\Models\ReportGroupModel.php(322): CodeIgniter\BaseModel->replace(Array)
#7 D:\Xampp\htdocs\Codeigniter4\app\Controllers\Dashboard\ReportGroupController.php(80): App\Models\ReportGroupModel->save_import_report_group(Array)
#8 D:\Xampp\htdocs\Codeigniter4\system\CodeIgniter.php(934): App\Controllers\Dashboard\ReportGroupController->data_report_group_import()
#9 D:\Xampp\htdocs\Codeigniter4\system\CodeIgniter.php(499): CodeIgniter\CodeIgniter->runController(Object(App\Controllers\Dashboard\ReportGroupController))
#10 D:\Xampp\htdocs\Codeigniter4\system\CodeIgniter.php(368): CodeIgniter\CodeIgniter->handleRequest(NULL, Object(Config\Cache), false)
#11 D:\Xampp\htdocs\Codeigniter4\public\index.php(67): CodeIgniter\CodeIgniter->run()
#12 {main}
CRITICAL - 2024-05-14 04:11:18 --> Column 'value1_total' cannot be null
in SYSTEMPATH\Database\BaseConnection.php on line 645.
 1 SYSTEMPATH\Database\BaseBuilder.php(2397): CodeIgniter\Database\BaseConnection->query('REPLACE INTO `report_group` (`report_month`, `report_year`, `group_id`, `row_id`, `value1_1`, `value1_2`, `value1_3`, `value1_total`, `value2_total`, `value2_1`, `value2_2`, `value2_per`, `value3_total`, `value3_1`, `value3_2`, `value3_per`, `value4_1`, `value4_2`) VALUES (:report_month:, :report_year:, :group_id:, :row_id:, :value1_1:, :value1_2:, :value1_3:, :value1_total:, :value2_total:, :value2_1:, :value2_2:, :value2_per:, :value3_total:, :value3_1:, :value3_2:, :value3_per:, :value4_1:, :value4_2:)', [...], false)
 2 SYSTEMPATH\Model.php(494): CodeIgniter\Database\BaseBuilder->replace([...])
 3 SYSTEMPATH\BaseModel.php(1140): CodeIgniter\Model->doReplace([...], false)
 4 APPPATH\Models\ReportGroupModel.php(322): CodeIgniter\BaseModel->replace([...])
 5 APPPATH\Controllers\Dashboard\ReportGroupController.php(80): App\Models\ReportGroupModel->save_import_report_group([...])
 6 SYSTEMPATH\CodeIgniter.php(934): App\Controllers\Dashboard\ReportGroupController->data_report_group_import()
 7 SYSTEMPATH\CodeIgniter.php(499): CodeIgniter\CodeIgniter->runController(Object(App\Controllers\Dashboard\ReportGroupController))
 8 SYSTEMPATH\CodeIgniter.php(368): CodeIgniter\CodeIgniter->handleRequest(null, Object(Config\Cache), false)
 9 FCPATH\index.php(67): CodeIgniter\CodeIgniter->run()
