ERROR - 2023-03-25 01:35:37 --> Error connecting to the database: mysqli_sql_exception: No connection could be made because the target machine actively refused it in D:\Software\Xampp\htdocs\codeigniter4\system\Database\MySQLi\Connection.php:173
Stack trace:
#0 D:\Software\Xampp\htdocs\codeigniter4\system\Database\MySQLi\Connection.php(173): mysqli->real_connect('localhost', 'root', Object(SensitiveParameterValue), 'qlbaocao', 3306, '', 0)
#1 D:\Software\Xampp\htdocs\codeigniter4\system\Database\BaseConnection.php(391): CodeIgniter\Database\MySQLi\Connection->connect(false)
#2 D:\Software\Xampp\htdocs\codeigniter4\system\Database\BaseConnection.php(573): CodeIgniter\Database\BaseConnection->initialize()
#3 D:\Software\Xampp\htdocs\codeigniter4\system\Database\BaseBuilder.php(1616): CodeIgniter\Database\BaseConnection->query('SELECT *\nFROM `...', Array, false)
#4 D:\Software\Xampp\htdocs\codeigniter4\system\Model.php(241): CodeIgniter\Database\BaseBuilder->get()
#5 D:\Software\Xampp\htdocs\codeigniter4\system\BaseModel.php(618): CodeIgniter\Model->doFindAll(0, 0)
#6 D:\Software\Xampp\htdocs\codeigniter4\app\Controllers\Dashboard\UserController.php(30): CodeIgniter\BaseModel->findAll()
#7 D:\Software\Xampp\htdocs\codeigniter4\system\CodeIgniter.php(934): App\Controllers\Dashboard\UserController->index()
#8 D:\Software\Xampp\htdocs\codeigniter4\system\CodeIgniter.php(499): CodeIgniter\CodeIgniter->runController(Object(App\Controllers\Dashboard\UserController))
#9 D:\Software\Xampp\htdocs\codeigniter4\system\CodeIgniter.php(368): CodeIgniter\CodeIgniter->handleRequest(NULL, Object(Config\Cache), false)
#10 D:\Software\Xampp\htdocs\codeigniter4\public\index.php(68): CodeIgniter\CodeIgniter->run()
#11 D:\Software\Xampp\htdocs\codeigniter4\system\Commands\Server\rewrite.php(47): require_once('D:\\Software\\Xam...')
#12 {main}

Next CodeIgniter\Database\Exceptions\DatabaseException: No connection could be made because the target machine actively refused it in D:\Software\Xampp\htdocs\codeigniter4\system\Database\MySQLi\Connection.php:218
Stack trace:
#0 D:\Software\Xampp\htdocs\codeigniter4\system\Database\BaseConnection.php(391): CodeIgniter\Database\MySQLi\Connection->connect(false)
#1 D:\Software\Xampp\htdocs\codeigniter4\system\Database\BaseConnection.php(573): CodeIgniter\Database\BaseConnection->initialize()
#2 D:\Software\Xampp\htdocs\codeigniter4\system\Database\BaseBuilder.php(1616): CodeIgniter\Database\BaseConnection->query('SELECT *\nFROM `...', Array, false)
#3 D:\Software\Xampp\htdocs\codeigniter4\system\Model.php(241): CodeIgniter\Database\BaseBuilder->get()
#4 D:\Software\Xampp\htdocs\codeigniter4\system\BaseModel.php(618): CodeIgniter\Model->doFindAll(0, 0)
#5 D:\Software\Xampp\htdocs\codeigniter4\app\Controllers\Dashboard\UserController.php(30): CodeIgniter\BaseModel->findAll()
#6 D:\Software\Xampp\htdocs\codeigniter4\system\CodeIgniter.php(934): App\Controllers\Dashboard\UserController->index()
#7 D:\Software\Xampp\htdocs\codeigniter4\system\CodeIgniter.php(499): CodeIgniter\CodeIgniter->runController(Object(App\Controllers\Dashboard\UserController))
#8 D:\Software\Xampp\htdocs\codeigniter4\system\CodeIgniter.php(368): CodeIgniter\CodeIgniter->handleRequest(NULL, Object(Config\Cache), false)
#9 D:\Software\Xampp\htdocs\codeigniter4\public\index.php(68): CodeIgniter\CodeIgniter->run()
#10 D:\Software\Xampp\htdocs\codeigniter4\system\Commands\Server\rewrite.php(47): require_once('D:\\Software\\Xam...')
#11 {main}
CRITICAL - 2023-03-25 01:35:37 --> Unable to connect to the database.
Main connection [MySQLi]: No connection could be made because the target machine actively refused it
in SYSTEMPATH\Database\BaseConnection.php on line 427.
 1 SYSTEMPATH\Database\BaseConnection.php(573): CodeIgniter\Database\BaseConnection->initialize()
 2 SYSTEMPATH\Database\BaseBuilder.php(1616): CodeIgniter\Database\BaseConnection->query('SELECT *
FROM `users`', [], false)
 3 SYSTEMPATH\Model.php(241): CodeIgniter\Database\BaseBuilder->get()
 4 SYSTEMPATH\BaseModel.php(618): CodeIgniter\Model->doFindAll(0, 0)
 5 APPPATH\Controllers\Dashboard\UserController.php(30): CodeIgniter\BaseModel->findAll()
 6 SYSTEMPATH\CodeIgniter.php(934): App\Controllers\Dashboard\UserController->index()
 7 SYSTEMPATH\CodeIgniter.php(499): CodeIgniter\CodeIgniter->runController(Object(App\Controllers\Dashboard\UserController))
 8 SYSTEMPATH\CodeIgniter.php(368): CodeIgniter\CodeIgniter->handleRequest(null, Object(Config\Cache), false)
 9 FCPATH\index.php(68): CodeIgniter\CodeIgniter->run()
10 SYSTEMPATH\Commands\Server\rewrite.php(47): require_once('FCPATH\\index.php')
ERROR - 2023-03-25 01:55:43 --> mysqli_sql_exception: Duplicate entry 'admin1' for key 'PRIMARY' in D:\Software\Xampp\htdocs\codeigniter4\system\Database\MySQLi\Connection.php:295
Stack trace:
#0 D:\Software\Xampp\htdocs\codeigniter4\system\Database\MySQLi\Connection.php(295): mysqli->query('INSERT INTO `us...', 0)
#1 D:\Software\Xampp\htdocs\codeigniter4\system\Database\BaseConnection.php(691): CodeIgniter\Database\MySQLi\Connection->execute('INSERT INTO `us...')
#2 D:\Software\Xampp\htdocs\codeigniter4\system\Database\BaseConnection.php(605): CodeIgniter\Database\BaseConnection->simpleQuery('INSERT INTO `us...')
#3 D:\Software\Xampp\htdocs\codeigniter4\system\Database\BaseBuilder.php(2309): CodeIgniter\Database\BaseConnection->query('INSERT INTO `us...', Array, false)
#4 D:\Software\Xampp\htdocs\codeigniter4\system\Model.php(330): CodeIgniter\Database\BaseBuilder->insert()
#5 D:\Software\Xampp\htdocs\codeigniter4\system\BaseModel.php(782): CodeIgniter\Model->doInsert(Array)
#6 D:\Software\Xampp\htdocs\codeigniter4\system\Model.php(730): CodeIgniter\BaseModel->insert(Array, true)
#7 D:\Software\Xampp\htdocs\codeigniter4\app\Controllers\Dashboard\UserController.php(28): CodeIgniter\Model->insert(Object(App\Entities\UserEntity))
#8 D:\Software\Xampp\htdocs\codeigniter4\system\CodeIgniter.php(934): App\Controllers\Dashboard\UserController->index()
#9 D:\Software\Xampp\htdocs\codeigniter4\system\CodeIgniter.php(499): CodeIgniter\CodeIgniter->runController(Object(App\Controllers\Dashboard\UserController))
#10 D:\Software\Xampp\htdocs\codeigniter4\system\CodeIgniter.php(368): CodeIgniter\CodeIgniter->handleRequest(NULL, Object(Config\Cache), false)
#11 D:\Software\Xampp\htdocs\codeigniter4\public\index.php(68): CodeIgniter\CodeIgniter->run()
#12 D:\Software\Xampp\htdocs\codeigniter4\system\Commands\Server\rewrite.php(47): require_once('D:\\Software\\Xam...')
#13 {main}
CRITICAL - 2023-03-25 01:55:43 --> Duplicate entry 'admin1' for key 'PRIMARY'
in SYSTEMPATH\Database\BaseConnection.php on line 645.
 1 SYSTEMPATH\Database\BaseBuilder.php(2309): CodeIgniter\Database\BaseConnection->query('INSERT INTO `users` (`user_id`, `username`, `password`, `email`, `phonenumber`, `gender`, `group_id`) VALUES (:user_id:, :username:, :password:, :email:, :phonenumber:, :gender:, :group_id:)', [...], false)
 2 SYSTEMPATH\Model.php(330): CodeIgniter\Database\BaseBuilder->insert()
 3 SYSTEMPATH\BaseModel.php(782): CodeIgniter\Model->doInsert([...])
 4 SYSTEMPATH\Model.php(730): CodeIgniter\BaseModel->insert([...], true)
 5 APPPATH\Controllers\Dashboard\UserController.php(28): CodeIgniter\Model->insert(Object(App\Entities\UserEntity))
 6 SYSTEMPATH\CodeIgniter.php(934): App\Controllers\Dashboard\UserController->index()
 7 SYSTEMPATH\CodeIgniter.php(499): CodeIgniter\CodeIgniter->runController(Object(App\Controllers\Dashboard\UserController))
 8 SYSTEMPATH\CodeIgniter.php(368): CodeIgniter\CodeIgniter->handleRequest(null, Object(Config\Cache), false)
 9 FCPATH\index.php(68): CodeIgniter\CodeIgniter->run()
10 SYSTEMPATH\Commands\Server\rewrite.php(47): require_once('FCPATH\\index.php')
CRITICAL - 2023-03-25 04:10:22 --> Call to a member function getErrors() on bool
in APPPATH\Models\UserModel.php on line 51.
 1 APPPATH\Controllers\Dashboard\UserController.php(25): App\Models\UserModel->create_user([...])
 2 SYSTEMPATH\CodeIgniter.php(934): App\Controllers\Dashboard\UserController->index()
 3 SYSTEMPATH\CodeIgniter.php(499): CodeIgniter\CodeIgniter->runController(Object(App\Controllers\Dashboard\UserController))
 4 SYSTEMPATH\CodeIgniter.php(368): CodeIgniter\CodeIgniter->handleRequest(null, Object(Config\Cache), false)
 5 FCPATH\index.php(68): CodeIgniter\CodeIgniter->run()
 6 SYSTEMPATH\Commands\Server\rewrite.php(47): require_once('FCPATH\\index.php')
CRITICAL - 2023-03-25 04:20:10 --> Array to string conversion
in APPPATH\Controllers\Dashboard\UserController.php on line 25.
 1 APPPATH\Controllers\Dashboard\UserController.php(25): CodeIgniter\Debug\Exceptions->errorHandler(2, 'Array to string conversion', 'APPPATH\\Controllers\\Dashboard\\UserController.php', 25)
 2 SYSTEMPATH\CodeIgniter.php(934): App\Controllers\Dashboard\UserController->index()
 3 SYSTEMPATH\CodeIgniter.php(499): CodeIgniter\CodeIgniter->runController(Object(App\Controllers\Dashboard\UserController))
 4 SYSTEMPATH\CodeIgniter.php(368): CodeIgniter\CodeIgniter->handleRequest(null, Object(Config\Cache), false)
 5 FCPATH\index.php(68): CodeIgniter\CodeIgniter->run()
 6 SYSTEMPATH\Commands\Server\rewrite.php(47): require_once('FCPATH\\index.php')
CRITICAL - 2023-03-25 04:20:27 --> syntax error, unexpected variable "$this"
in APPPATH\Controllers\Dashboard\UserController.php on line 25.
 1 SYSTEMPATH\Autoloader\Autoloader.php(289): CodeIgniter\Autoloader\Autoloader->includeFile('APPPATH\\Controllers\\Dashboard\\UserController.php')
 2 SYSTEMPATH\Autoloader\Autoloader.php(267): CodeIgniter\Autoloader\Autoloader->loadInNamespace('App\\Controllers\\Dashboard\\UserController')
 3 [internal function]: CodeIgniter\Autoloader\Autoloader->loadClass('App\\Controllers\\Dashboard\\UserController')
 4 SYSTEMPATH\CodeIgniter.php(892): class_exists('\\App\\Controllers\\Dashboard\\UserController', true)
 5 SYSTEMPATH\CodeIgniter.php(486): CodeIgniter\CodeIgniter->startController()
 6 SYSTEMPATH\CodeIgniter.php(368): CodeIgniter\CodeIgniter->handleRequest(null, Object(Config\Cache), false)
 7 FCPATH\index.php(68): CodeIgniter\CodeIgniter->run()
 8 SYSTEMPATH\Commands\Server\rewrite.php(47): require_once('FCPATH\\index.php')
CRITICAL - 2023-03-25 04:33:46 --> Array to string conversion
in APPPATH\Controllers\Dashboard\UserController.php on line 25.
 1 APPPATH\Controllers\Dashboard\UserController.php(25): CodeIgniter\Debug\Exceptions->errorHandler(2, 'Array to string conversion', 'APPPATH\\Controllers\\Dashboard\\UserController.php', 25)
 2 SYSTEMPATH\CodeIgniter.php(934): App\Controllers\Dashboard\UserController->index()
 3 SYSTEMPATH\CodeIgniter.php(499): CodeIgniter\CodeIgniter->runController(Object(App\Controllers\Dashboard\UserController))
 4 SYSTEMPATH\CodeIgniter.php(368): CodeIgniter\CodeIgniter->handleRequest(null, Object(Config\Cache), false)
 5 FCPATH\index.php(68): CodeIgniter\CodeIgniter->run()
 6 SYSTEMPATH\Commands\Server\rewrite.php(47): require_once('FCPATH\\index.php')
